Setup complete
Start
Takeoff
Waypoint
DDSA
0, 0 -> 0, 1
TYPE: Span.WALK Span.WALK Span.RANGE
Calculating walk
0, 1 -> 1, 1
TYPE: Span.WALK Span.WALK Span.RANGE
Calculating walk
1, 1 -> 1, -1
TYPE: Span.WALK Span.WALK Span.RANGE
Calculating walk
1, -1 -> -1, -1
TYPE: Span.WALK Span.WALK Span.RANGE
Calculating walk
-1, -1 -> -1, 2
TYPE: Span.WALK Span.WALK Span.RANGE
Calculating walk
-1, 2 -> 2, 2
TYPE: Span.WALK Span.WALK Span.RANGE
Calculating walk
2, 2 -> 2, -2
TYPE: Span.WALK Span.WALK Span.RANGE
Calculating walk
2, -2 -> -2, -2
TYPE: Span.WALK Span.WALK Span.RANGE
Calculating walk
-2, -2 -> -2, 3
TYPE: Span.WALK Span.WALK Span.RANGE
Calculating walk
-2, 3 -> 3, 3
TYPE: Span.WALK Span.WALK Span.RANGE
Calculating walk
3, 3 -> 3, -3
TYPE: Span.WALK Span.WALK Span.RANGE
Calculating walk
3, -3 -> -3, -3
TYPE: Span.WALK Span.WALK Span.RANGE
Calculating walk
-3, -3 -> -3, 4
TYPE: Span.WALK Span.WALK Span.RANGE
Calculating walk
-3, 4 -> 4, 4
TYPE: Span.WALK Span.WALK Span.RANGE
Calculating walk
4, 4 -> 4, -4
TYPE: Span.WALK Span.WALK Span.RANGE
Calculating walk
4, -4 -> -4, -4
TYPE: Span.WALK Span.WALK Span.RANGE
Calculating walk
-4, -4 -> -4, 5
TYPE: Span.WALK Span.WALK Span.RANGE
Calculating walk
-4, 5 -> 5, 5
TYPE: Span.WALK Span.WALK Span.RANGE
Calculating walk
5, 5 -> 5, -5
TYPE: Span.WALK Span.WALK Span.RANGE
Calculating walk
5, -5 -> -5, -5
TYPE: Span.WALK Span.WALK Span.RANGE
Calculating walk
-5, -5 -> -5, 6
TYPE: Span.WALK Span.WALK Span.RANGE
Calculating walk
-5, 6 -> 6, 6
TYPE: Span.WALK Span.WALK Span.RANGE
Calculating walk
6, 6 -> 6, -6
TYPE: Span.WALK Span.WALK Span.RANGE
Calculating walk
6, -6 -> -6, -6
TYPE: Span.WALK Span.WALK Span.RANGE
Calculating walk
-6, -6 -> -6, 7
TYPE: Span.WALK Span.WALK Span.RANGE
Calculating walk
-6, 7 -> 7, 7
TYPE: Span.WALK Span.WALK Span.RANGE
Calculating walk
7, 7 -> 7, -7
TYPE: Span.WALK Span.WALK Span.RANGE
Calculating walk
7, -7 -> -7, -7
TYPE: Span.WALK Span.WALK Span.RANGE
Calculating walk
-7, -7 -> -7, 8
TYPE: Span.WALK Span.WALK Span.RANGE
Calculating walk
-7, 8 -> 8, 8
TYPE: Span.WALK Span.WALK Span.RANGE
Calculating walk
8, 8 -> 8, -8
TYPE: Span.WALK Span.WALK Span.RANGE
Calculating walk
8, -8 -> -8, -8
TYPE: Span.WALK Span.WALK Span.RANGE
Calculating walk
-8, -8 -> -8, 9
TYPE: Span.WALK Span.WALK Span.RANGE
Calculating walk
-8, 9 -> 9, 9
TYPE: Span.WALK Span.WALK Span.RANGE
Calculating walk
9, 9 -> 9, -9
TYPE: Span.WALK Span.WALK Span.RANGE
Calculating walk
9, -9 -> -9, -9
TYPE: Span.WALK Span.WALK Span.RANGE
Calculating walk
-9, -9 -> -9, 10
TYPE: Span.WALK Span.WALK Span.RANGE
Calculating walk
-9, 10 -> 10, 10
TYPE: Span.WALK Span.WALK Span.RANGE
Calculating walk
10, 10 -> 10, -10
TYPE: Span.WALK Span.WALK Span.RANGE
Calculating walk
10, -10 -> -10, -10
TYPE: Span.WALK Span.WALK Span.RANGE
Calculating walk
Waypoint
RTL
Stop in place
Start
Takeoff
Waypoint
DDSA
0, 0 -> 0, 1
TYPE: Span.WALK Span.WALK Span.RANGE
Calculating walk
0, 1 -> 1, 1
TYPE: Span.WALK Span.WALK Span.RANGE
Calculating walk
1, 1 -> 1, -1
TYPE: Span.WALK Span.WALK Span.RANGE
Calculating walk
1, -1 -> -1, -1
TYPE: Span.WALK Span.WALK Span.RANGE
Calculating walk
-1, -1 -> -1, 2
TYPE: Span.WALK Span.WALK Span.RANGE
Calculating walk
-1, 2 -> 2, 2
TYPE: Span.WALK Span.WALK Span.RANGE
Calculating walk
2, 2 -> 2, -2
TYPE: Span.WALK Span.WALK Span.RANGE
Calculating walk
2, -2 -> -2, -2
TYPE: Span.WALK Span.WALK Span.RANGE
Calculating walk
-2, -2 -> -2, 3
TYPE: Span.WALK Span.WALK Span.RANGE
Calculating walk
-2, 3 -> 3, 3
TYPE: Span.WALK Span.WALK Span.RANGE
Calculating walk
3, 3 -> 3, -3
TYPE: Span.WALK Span.WALK Span.RANGE
Calculating walk
3, -3 -> -3, -3
TYPE: Span.WALK Span.WALK Span.RANGE
Calculating walk
-3, -3 -> -3, 4
TYPE: Span.WALK Span.WALK Span.RANGE
Calculating walk
-3, 4 -> 4, 4
TYPE: Span.WALK Span.WALK Span.RANGE
Calculating walk
4, 4 -> 4, -4
TYPE: Span.WALK Span.WALK Span.RANGE
Calculating walk
4, -4 -> -4, -4
TYPE: Span.WALK Span.WALK Span.RANGE
Calculating walk
-4, -4 -> -4, 5
TYPE: Span.WALK Span.WALK Span.RANGE
Calculating walk
-4, 5 -> 5, 5
TYPE: Span.WALK Span.WALK Span.RANGE
Calculating walk
5, 5 -> 5, -5
TYPE: Span.WALK Span.WALK Span.RANGE
Calculating walk
5, -5 -> -5, -5
TYPE: Span.WALK Span.WALK Span.RANGE
Calculating walk
-5, -5 -> -5, 6
TYPE: Span.WALK Span.WALK Span.RANGE
Calculating walk
-5, 6 -> 6, 6
TYPE: Span.WALK Span.WALK Span.RANGE
Calculating walk
6, 6 -> 6, -6
TYPE: Span.WALK Span.WALK Span.RANGE
Calculating walk
6, -6 -> -6, -6
TYPE: Span.WALK Span.WALK Span.RANGE
Calculating walk
-6, -6 -> -6, 7
TYPE: Span.WALK Span.WALK Span.RANGE
Calculating walk
-6, 7 -> 7, 7
TYPE: Span.WALK Span.WALK Span.RANGE
Calculating walk
7, 7 -> 7, -7
TYPE: Span.WALK Span.WALK Span.RANGE
Calculating walk
7, -7 -> -7, -7
TYPE: Span.WALK Span.WALK Span.RANGE
Calculating walk
-7, -7 -> -7, 8
TYPE: Span.WALK Span.WALK Span.RANGE
Calculating walk
-7, 8 -> 8, 8
TYPE: Span.WALK Span.WALK Span.RANGE
Calculating walk
8, 8 -> 8, -8
TYPE: Span.WALK Span.WALK Span.RANGE
Calculating walk
8, -8 -> -8, -8
TYPE: Span.WALK Span.WALK Span.RANGE
Calculating walk
-8, -8 -> -8, 9
TYPE: Span.WALK Span.WALK Span.RANGE
Calculating walk
-8, 9 -> 9, 9
TYPE: Span.WALK Span.WALK Span.RANGE
Calculating walk
9, 9 -> 9, -9
TYPE: Span.WALK Span.WALK Span.RANGE
Calculating walk
9, -9 -> -9, -9
TYPE: Span.WALK Span.WALK Span.RANGE
Calculating walk
-9, -9 -> -9, 10
TYPE: Span.WALK Span.WALK Span.RANGE
Calculating walk
-9, 10 -> 10, 10
TYPE: Span.WALK Span.WALK Span.RANGE
Calculating walk
10, 10 -> 10, -10
TYPE: Span.WALK Span.WALK Span.RANGE
Calculating walk
10, -10 -> -10, -10
TYPE: Span.WALK Span.WALK Span.RANGE
Calculating walk
Waypoint
RTL
Stop in place
Verifying disarmed...
Shutdown
Setup complete
Start
Takeoff
Waypoint
DDSA
0, 0 -> 0, 1
TYPE: Span.WALK Span.WALK Span.RANGE
Calculating walk
0, 1 -> 1, 1
TYPE: Span.WALK Span.WALK Span.RANGE
Calculating walk
1, 1 -> 1, -1
TYPE: Span.WALK Span.WALK Span.RANGE
Calculating walk
1, -1 -> -1, -1
TYPE: Span.WALK Span.WALK Span.RANGE
Calculating walk
-1, -1 -> -1, 2
TYPE: Span.WALK Span.WALK Span.RANGE
Calculating walk
-1, 2 -> 2, 2
TYPE: Span.WALK Span.WALK Span.RANGE
Calculating walk
2, 2 -> 2, -2
TYPE: Span.WALK Span.WALK Span.RANGE
Calculating walk
2, -2 -> -2, -2
TYPE: Span.WALK Span.WALK Span.RANGE
Calculating walk
-2, -2 -> -2, 3
TYPE: Span.WALK Span.WALK Span.RANGE
Calculating walk
-2, 3 -> 3, 3
TYPE: Span.WALK Span.WALK Span.RANGE
Calculating walk
3, 3 -> 3, -3
TYPE: Span.WALK Span.WALK Span.RANGE
Calculating walk
3, -3 -> -3, -3
TYPE: Span.WALK Span.WALK Span.RANGE
Calculating walk
-3, -3 -> -3, 4
TYPE: Span.WALK Span.WALK Span.RANGE
Calculating walk
-3, 4 -> 4, 4
TYPE: Span.WALK Span.WALK Span.RANGE
Calculating walk
4, 4 -> 4, -4
TYPE: Span.WALK Span.WALK Span.RANGE
Calculating walk
4, -4 -> -4, -4
TYPE: Span.WALK Span.WALK Span.RANGE
Calculating walk
-4, -4 -> -4, 5
TYPE: Span.WALK Span.WALK Span.RANGE
Calculating walk
-4, 5 -> 5, 5
TYPE: Span.WALK Span.WALK Span.RANGE
Calculating walk
5, 5 -> 5, -5
TYPE: Span.WALK Span.WALK Span.RANGE
Calculating walk
5, -5 -> -5, -5
TYPE: Span.WALK Span.WALK Span.RANGE
Calculating walk
-5, -5 -> -5, 6
TYPE: Span.WALK Span.WALK Span.RANGE
Calculating walk
-5, 6 -> 6, 6
TYPE: Span.WALK Span.WALK Span.RANGE
Calculating walk
6, 6 -> 6, -6
TYPE: Span.WALK Span.WALK Span.RANGE
Calculating walk
6, -6 -> -6, -6
TYPE: Span.WALK Span.WALK Span.RANGE
Calculating walk
-6, -6 -> -6, 7
TYPE: Span.WALK Span.WALK Span.RANGE
Calculating walk
-6, 7 -> 7, 7
TYPE: Span.WALK Span.WALK Span.RANGE
Calculating walk
7, 7 -> 7, -7
TYPE: Span.WALK Span.WALK Span.RANGE
Calculating walk
7, -7 -> -7, -7
TYPE: Span.WALK Span.WALK Span.RANGE
Calculating walk
-7, -7 -> -7, 8
TYPE: Span.WALK Span.WALK Span.RANGE
Calculating walk
-7, 8 -> 8, 8
TYPE: Span.WALK Span.WALK Span.RANGE
Calculating walk
8, 8 -> 8, -8
TYPE: Span.WALK Span.WALK Span.RANGE
Calculating walk
8, -8 -> -8, -8
TYPE: Span.WALK Span.WALK Span.RANGE
Calculating walk
-8, -8 -> -8, 9
TYPE: Span.WALK Span.WALK Span.RANGE
Calculating walk
-8, 9 -> 9, 9
TYPE: Span.WALK Span.WALK Span.RANGE
Calculating walk
9, 9 -> 9, -9
TYPE: Span.WALK Span.WALK Span.RANGE
Calculating walk
9, -9 -> -9, -9
TYPE: Span.WALK Span.WALK Span.RANGE
Calculating walk
-9, -9 -> -9, 10
TYPE: Span.WALK Span.WALK Span.RANGE
Calculating walk
-9, 10 -> 10, 10
TYPE: Span.WALK Span.WALK Span.RANGE
Calculating walk
10, 10 -> 10, -10
TYPE: Span.WALK Span.WALK Span.RANGE
Calculating walk
10, -10 -> -10, -10
TYPE: Span.WALK Span.WALK Span.RANGE
Calculating walk
Waypoint
RTL
Stop in place
Verifying disarmed...
Start
Takeoff
Waypoint
DDSA
0, 0 -> 0, 1
TYPE: Span.WALK Span.WALK Span.RANGE
Calculating walk
0, 1 -> 1, 1
TYPE: Span.WALK Span.WALK Span.RANGE
Calculating walk
1, 1 -> 1, -1
TYPE: Span.WALK Span.WALK Span.RANGE
Calculating walk
1, -1 -> -1, -1
TYPE: Span.WALK Span.WALK Span.RANGE
Calculating walk
-1, -1 -> -1, 2
TYPE: Span.WALK Span.WALK Span.RANGE
Calculating walk
-1, 2 -> 2, 2
TYPE: Span.WALK Span.WALK Span.RANGE
Calculating walk
2, 2 -> 2, -2
TYPE: Span.WALK Span.WALK Span.RANGE
Calculating walk
2, -2 -> -2, -2
TYPE: Span.WALK Span.WALK Span.RANGE
Calculating walk
-2, -2 -> -2, 3
TYPE: Span.WALK Span.WALK Span.RANGE
Calculating walk
-2, 3 -> 3, 3
TYPE: Span.WALK Span.WALK Span.RANGE
Calculating walk
3, 3 -> 3, -3
TYPE: Span.WALK Span.WALK Span.RANGE
Calculating walk
3, -3 -> -3, -3
TYPE: Span.WALK Span.WALK Span.RANGE
Calculating walk
-3, -3 -> -3, 4
TYPE: Span.WALK Span.WALK Span.RANGE
Calculating walk
-3, 4 -> 4, 4
TYPE: Span.WALK Span.WALK Span.RANGE
Calculating walk
4, 4 -> 4, -4
TYPE: Span.WALK Span.WALK Span.RANGE
Calculating walk
4, -4 -> -4, -4
TYPE: Span.WALK Span.WALK Span.RANGE
Calculating walk
-4, -4 -> -4, 5
TYPE: Span.WALK Span.WALK Span.RANGE
Calculating walk
-4, 5 -> 5, 5
TYPE: Span.WALK Span.WALK Span.RANGE
Calculating walk
5, 5 -> 5, -5
TYPE: Span.WALK Span.WALK Span.RANGE
Calculating walk
5, -5 -> -5, -5
TYPE: Span.WALK Span.WALK Span.RANGE
Calculating walk
-5, -5 -> -5, 6
TYPE: Span.WALK Span.WALK Span.RANGE
Calculating walk
-5, 6 -> 6, 6
TYPE: Span.WALK Span.WALK Span.RANGE
Calculating walk
6, 6 -> 6, -6
TYPE: Span.WALK Span.WALK Span.RANGE
Calculating walk
6, -6 -> -6, -6
TYPE: Span.WALK Span.WALK Span.RANGE
Calculating walk
-6, -6 -> -6, 7
TYPE: Span.WALK Span.WALK Span.RANGE
Calculating walk
-6, 7 -> 7, 7
TYPE: Span.WALK Span.WALK Span.RANGE
Calculating walk
7, 7 -> 7, -7
TYPE: Span.WALK Span.WALK Span.RANGE
Calculating walk
7, -7 -> -7, -7
TYPE: Span.WALK Span.WALK Span.RANGE
Calculating walk
-7, -7 -> -7, 8
TYPE: Span.WALK Span.WALK Span.RANGE
Calculating walk
-7, 8 -> 8, 8
TYPE: Span.WALK Span.WALK Span.RANGE
Calculating walk
8, 8 -> 8, -8
TYPE: Span.WALK Span.WALK Span.RANGE
Calculating walk
8, -8 -> -8, -8
TYPE: Span.WALK Span.WALK Span.RANGE
Calculating walk
-8, -8 -> -8, 9
TYPE: Span.WALK Span.WALK Span.RANGE
Calculating walk
-8, 9 -> 9, 9
TYPE: Span.WALK Span.WALK Span.RANGE
Calculating walk
9, 9 -> 9, -9
TYPE: Span.WALK Span.WALK Span.RANGE
Calculating walk
9, -9 -> -9, -9
TYPE: Span.WALK Span.WALK Span.RANGE
Calculating walk
-9, -9 -> -9, 10
TYPE: Span.WALK Span.WALK Span.RANGE
Calculating walk
-9, 10 -> 10, 10
TYPE: Span.WALK Span.WALK Span.RANGE
Calculating walk
10, 10 -> 10, -10
TYPE: Span.WALK Span.WALK Span.RANGE
Calculating walk
10, -10 -> -10, -10
TYPE: Span.WALK Span.WALK Span.RANGE
Calculating walk
Waypoint
RTL
Stop in place
Verifying disarmed...
Shutdown
