2020-05-16 19:19:38.351253 co2: 'data: "M 55146 52543 417.68 55.0 0.0 0.0 807 55.0 55.0 00\r\n"' @ 35.7925657 -106.6863322 1929.09367489
2020-05-16 19:19:39.358406 co2: 'data: "M 55146 52538 418.49 55.0 0.0 0.0 807 55.0 55.0 00\r\n"' @ 35.7925652 -106.6863226 1929.09368147
2020-05-16 19:19:40.349796 co2: 'data: "M 55146 52539 418.49 55.0 0.0 0.0 807 55.0 55.0 00\r\n"' @ 35.7925719 -106.6863245 1929.07369604
2020-05-16 19:19:41.357837 co2: 'data: "M 55146 52547 416.96 55.0 0.0 0.0 807 55.0 55.0 00\r\n"' @ 35.7925803 -106.6863314 1928.80371065
2020-05-16 19:19:42.349227 co2: 'data: "M 55146 52555 415.57 55.0 0.0 0.0 807 55.0 55.0 00\r\n"' @ 35.7925893 -106.6863329 1928.61373107
2020-05-16 19:19:43.357504 co2: 'data: "M 55146 52551 416.11 55.0 0.0 0.0 807 55.0 55.0 00\r\n"' @ 35.7925954 -106.6863283 1928.70374946
2020-05-16 19:19:44.348877 co2: 'data: "M 55146 52547 417.01 55.0 0.0 0.0 807 55.0 54.9 00\r\n"' @ 35.7925981 -106.6863225 1928.68376065
2020-05-16 19:19:45.357153 co2: 'data: "M 55146 52540 418.35 55.0 0.0 0.0 807 55.0 55.0 00\r\n"' @ 35.7925962 -106.6863199 1928.77375819
2020-05-16 19:19:46.350295 co2: 'data: "M 55146 52543 417.94 55.0 0.0 0.0 807 55.0 55.0 00\r\n"' @ 35.7925923 -106.6863191 1928.75374946
2020-05-16 19:19:47.356837 co2: 'data: "M 55146 52554 415.93 55.0 0.0 0.0 807 55.0 55.0 00\r\n"' @ 35.7925895 -106.686321 1928.68374119
2020-05-16 19:19:48.349171 co2: 'data: "M 55146 52562 414.36 55.0 0.0 0.0 807 55.0 55.0 00\r\n"' @ 35.7925896 -106.6863251 1928.63373811
2020-05-16 19:19:49.356660 co2: 'data: "M 55146 52565 413.74 55.0 0.0 0.0 807 55.0 55.0 00\r\n"' @ 35.7925915 -106.6863282 1928.58374017
2020-05-16 19:19:50.364033 co2: 'data: "M 55146 52556 415.20 55.0 0.0 0.0 807 55.0 55.0 00\r\n"' @ 35.7925943 -106.6863275 1928.45374747
2020-05-16 19:19:51.356321 co2: 'data: "M 55146 52547 416.97 55.0 0.0 0.0 807 55.0 55.0 00\r\n"' @ 35.7925959 -106.6863237 1928.36375439
2020-05-16 19:19:52.363241 co2: 'data: "M 55146 52541 418.23 55.0 0.0 0.0 807 55.0 55.0 00\r\n"' @ 35.7925971 -106.6863146 1928.26376465
2020-05-16 19:19:53.354825 co2: 'data: "M 55146 52546 417.61 55.0 0.0 0.0 807 55.0 55.0 00\r\n"' @ 35.792599 -106.6862983 1928.25378241
2020-05-16 19:19:54.363049 co2: 'data: "M 55146 52557 415.57 55.0 0.0 0.0 807 55.0 55.0 00\r\n"' @ 35.7925995 -106.6862862 1928.32379342
2020-05-16 19:19:55.354583 co2: 'data: "M 55146 52563 414.16 55.0 0.0 0.0 807 55.0 55.0 00\r\n"' @ 35.7926033 -106.6862826 1928.48380547
2020-05-16 19:19:56.362652 co2: 'data: "M 55146 52566 413.42 55.0 0.0 0.0 807 55.0 55.0 00\r\n"' @ 35.792612 -106.6862832 1928.5538259
2020-05-16 19:19:57.354029 co2: 'data: "M 55146 52554 415.24 55.0 0.0 0.0 807 55.0 55.0 00\r\n"' @ 35.792623 -106.6862814 1928.6538538
2020-05-16 19:19:58.362135 co2: 'data: "M 55146 52546 417.09 55.0 0.0 0.0 807 55.0 55.0 00\r\n"' @ 35.7926334 -106.6862786 1928.67388107
2020-05-16 19:19:59.353836 co2: 'data: "M 55146 52546 417.34 55.0 0.0 0.0 807 55.0 55.0 00\r\n"' @ 35.7926394 -106.6862741 1928.75389914
2020-05-16 19:20:00.362019 co2: 'data: "M 55146 52552 416.41 55.0 0.0 0.0 807 55.0 55.0 00\r\n"' @ 35.7926409 -106.6862682 1928.88390753
2020-05-16 19:20:01.354376 co2: 'data: "M 55146 52558 415.25 55.0 0.0 0.0 807 55.0 55.0 00\r\n"' @ 35.7926405 -106.6862655 1928.91390875
2020-05-16 19:20:02.361653 co2: 'data: "M 55146 52557 415.14 55.0 0.0 0.0 807 55.0 55.0 00\r\n"' @ 35.7926387 -106.6862666 1928.90390354
2020-05-16 19:20:03.354247 co2: 'data: "M 55146 52555 415.53 55.0 0.0 0.0 807 55.0 55.0 00\r\n"' @ 35.7926382 -106.6862685 1928.88390079
2020-05-16 19:20:04.360555 co2: 'data: "M 55146 52549 416.41 55.0 0.0 0.0 807 55.0 55.0 00\r\n"' @ 35.7926389 -106.6862716 1928.87389997
2020-05-16 19:20:05.353548 co2: 'data: "M 55146 52547 417.16 55.0 0.0 0.0 807 55.0 54.9 00\r\n"' @ 35.79264 -106.6862739 1928.86390075
2020-05-16 19:20:06.360129 co2: 'data: "M 55146 52550 416.71 55.0 0.0 0.0 807 55.0 55.0 00\r\n"' @ 35.7926425 -106.6862732 1928.83390733
2020-05-16 19:20:07.353202 co2: 'data: "M 55146 52559 415.33 55.0 0.0 0.0 807 55.0 55.0 00\r\n"' @ 35.7926424 -106.6862716 1928.87390838
2020-05-16 19:20:08.359677 co2: 'data: "M 55146 52562 414.22 55.0 0.0 0.0 807 55.0 55.0 00\r\n"' @ 35.7926418 -106.686268 1928.92390985
2020-05-16 19:20:09.352598 co2: 'data: "M 55146 52552 415.58 55.0 0.0 0.0 807 55.0 55.0 00\r\n"' @ 35.7926416 -106.6862671 1929.0939101
2020-05-16 19:20:10.359299 co2: 'data: "M 55146 52542 417.56 55.0 0.0 0.0 807 55.0 55.0 00\r\n"' @ 35.7926412 -106.6862688 1929.09390776
2020-05-16 19:20:11.352150 co2: 'data: "M 55146 52536 419.06 55.0 0.0 0.0 807 55.0 55.0 00\r\n"' @ 35.7926405 -106.686272 1929.03390349
2020-05-16 19:20:12.359042 co2: 'data: "M 55146 52540 418.86 55.0 0.0 0.0 807 55.0 54.9 00\r\n"' @ 35.7926402 -106.6862732 1929.0139018
2020-05-16 19:20:13.351995 co2: 'data: "M 55146 52548 417.35 55.0 0.0 0.0 807 55.0 54.9 00\r\n"' @ 35.7926412 -106.6862726 1929.02390469
2020-05-16 19:20:14.359486 co2: 'data: "M 55146 52554 415.98 55.0 0.0 0.0 807 55.0 55.0 00\r\n"' @ 35.7926423 -106.6862712 1928.99390846
2020-05-16 19:20:15.351538 co2: 'data: "M 55146 52556 415.44 55.0 0.0 0.0 807 55.0 55.0 00\r\n"' @ 35.7926421 -106.6862706 1929.01390847
2020-05-16 19:20:16.358678 co2: 'data: "M 55146 52547 416.43 55.0 0.0 0.0 807 55.0 55.0 00\r\n"' @ 35.7926411 -106.6862703 1929.04390631
2020-05-16 19:20:17.350206 co2: 'data: "M 55146 52540 417.98 55.0 0.0 0.0 807 55.0 55.0 00\r\n"' @ 35.7926404 -106.6862702 1929.13390471
2020-05-16 19:20:18.359101 co2: 'data: "M 55146 52536 418.92 55.0 0.0 0.0 807 55.0 55.0 00\r\n"' @ 35.7926408 -106.6862706 1929.67390534
2020-05-16 19:20:19.350726 co2: 'data: "M 55146 52542 418.75 55.0 0.0 0.0 807 55.0 55.0 00\r\n"' @ 35.7926415 -106.6862708 1930.23390687
2020-05-16 19:20:20.359472 co2: 'data: "M 55146 52554 416.69 55.0 0.0 0.0 807 55.0 54.9 00\r\n"' @ 35.7926413 -106.6862687 1930.90390809
2020-05-16 19:20:21.351144 co2: 'data: "M 55146 52559 415.07 55.0 0.0 0.0 807 55.0 54.9 00\r\n"' @ 35.7926432 -106.686262 1931.54391808
2020-05-16 19:20:22.359866 co2: 'data: "M 55146 52558 414.75 55.0 0.0 0.0 807 55.0 55.0 00\r\n"' @ 35.7926497 -106.6862541 1932.4039401
2020-05-16 19:20:23.352055 co2: 'data: "M 55146 52550 415.97 55.0 0.0 0.0 807 55.0 55.0 00\r\n"' @ 35.792658 -106.686246 1933.23396662
2020-05-16 19:20:24.360388 co2: 'data: "M 55146 52544 417.34 55.0 0.0 0.0 807 55.0 55.0 00\r\n"' @ 35.7926668 -106.6862369 1933.97399514
2020-05-16 19:20:25.353323 co2: 'data: "M 55146 52544 418.02 55.0 0.0 0.0 807 55.0 55.0 00\r\n"' @ 35.7926774 -106.6862273 1934.7840284
2020-05-16 19:20:26.360724 co2: 'data: "M 55146 52543 417.85 55.0 0.0 0.0 807 55.0 55.0 00\r\n"' @ 35.7926897 -106.6862186 1935.59406502
2020-05-16 19:20:27.353491 co2: 'data: "M 55146 52547 416.86 55.0 0.0 0.0 807 55.0 54.9 00\r\n"' @ 35.7927036 -106.6862095 1936.2641058
2020-05-16 19:20:28.361959 co2: 'data: "M 55146 52552 416.72 55.0 0.0 0.0 807 55.0 54.9 00\r\n"' @ 35.7927171 -106.6862014 1936.97414482
2020-05-16 19:20:29.354072 co2: 'data: "M 55146 52550 416.84 55.0 0.0 0.0 806 55.0 55.0 00\r\n"' @ 35.7927281 -106.6861944 1937.75417693
2020-05-16 19:20:30.361425 co2: 'data: "M 55146 52549 417.71 55.0 0.0 0.0 806 55.0 55.0 00\r\n"' @ 35.792733 -106.6861887 1938.58419333
2020-05-16 19:20:31.354516 co2: 'data: "M 55146 52543 418.34 55.0 0.0 0.0 806 55.0 55.0 00\r\n"' @ 35.7927341 -106.6861851 1939.33419888
2020-05-16 19:20:32.361871 co2: 'data: "M 55146 52544 417.19 55.0 0.0 0.0 806 55.0 55.0 00\r\n"' @ 35.7927347 -106.6861849 1939.86420049
2020-05-16 19:20:33.355057 co2: 'data: "M 55146 52552 415.92 55.0 0.0 0.0 806 55.0 55.0 00\r\n"' @ 35.7927357 -106.6861879 1940.56420046
2020-05-16 19:20:34.362250 co2: 'data: "M 55146 52558 415.03 55.0 0.0 0.0 806 55.0 54.9 00\r\n"' @ 35.792737 -106.68619 1941.22420189
2020-05-16 19:20:35.356351 co2: 'data: "M 55146 52562 415.18 55.0 0.0 0.0 806 55.0 54.9 00\r\n"' @ 35.7927388 -106.6861909 1941.84420549
2020-05-16 19:20:36.362933 co2: 'data: "M 55146 52557 416.07 55.0 0.0 0.0 806 55.0 54.9 00\r\n"' @ 35.7927395 -106.6861895 1942.5642083
2020-05-16 19:20:37.356524 co2: 'data: "M 55146 52552 417.13 55.0 0.0 0.0 806 55.0 55.0 00\r\n"' @ 35.7927394 -106.6861896 1943.31420798
2020-05-16 19:20:38.364169 co2: 'data: "M 55146 52549 417.24 55.0 0.0 0.0 806 55.0 55.0 00\r\n"' @ 35.7927387 -106.6861903 1944.03420573
2020-05-16 19:20:39.356492 co2: 'data: "M 55146 52553 415.85 55.0 0.0 0.0 806 55.0 55.0 00\r\n"' @ 35.7927387 -106.6861893 1944.67420654
2020-05-16 19:20:40.349694 co2: 'data: "M 55146 52563 413.61 55.0 0.0 0.0 806 55.0 55.0 00\r\n"' @ 35.7927382 -106.6861888 1945.19420574
2020-05-16 19:20:41.357274 co2: 'data: "M 55146 52574 412.31 55.0 0.0 0.0 806 55.0 54.9 00\r\n"' @ 35.792738 -106.6861892 1945.12420494
2020-05-16 19:20:42.350146 co2: 'data: "M 55146 52576 412.95 55.0 0.0 0.0 806 55.0 55.0 00\r\n"' @ 35.7927384 -106.6861894 1945.13420574
2020-05-16 19:20:43.357008 co2: 'data: "M 55146 52568 414.75 55.0 0.0 0.0 806 55.0 55.0 00\r\n"' @ 35.7927379 -106.6861898 1945.19420421
2020-05-16 19:20:44.350651 co2: 'data: "M 55146 52557 416.98 55.0 0.0 0.0 806 55.0 55.0 00\r\n"' @ 35.7927371 -106.6861895 1945.21420253
2020-05-16 19:20:45.357651 co2: 'data: "M 55146 52547 418.29 55.0 0.0 0.0 806 55.0 55.0 00\r\n"' @ 35.7927373 -106.6861893 1945.24420318
2020-05-16 19:20:46.350873 co2: 'data: "M 55146 52548 417.34 55.0 0.0 0.0 806 55.0 55.0 00\r\n"' @ 35.7927378 -106.6861893 1945.26420438
2020-05-16 19:20:47.358079 co2: 'data: "M 55146 52557 415.59 55.0 0.0 0.0 806 55.0 54.9 00\r\n"' @ 35.792738 -106.6861889 1945.27420518
2020-05-16 19:20:48.351703 co2: 'data: "M 55146 52564 414.35 55.0 0.0 0.0 805 55.0 55.0 00\r\n"' @ 35.7927381 -106.6861882 1945.30420599
2020-05-16 19:20:49.358597 co2: 'data: "M 55146 52568 414.54 55.0 0.0 0.0 805 55.0 55.0 00\r\n"' @ 35.7927384 -106.6861875 1945.30420728
2020-05-16 19:20:50.352051 co2: 'data: "M 55146 52559 416.53 55.0 0.0 0.0 805 55.0 55.0 00\r\n"' @ 35.7927384 -106.6861872 1945.32420752
2020-05-16 19:20:51.359071 co2: 'data: "M 55146 52549 418.03 55.0 0.0 0.0 805 55.0 54.9 00\r\n"' @ 35.7927383 -106.6861871 1945.29420736
2020-05-16 19:20:52.352773 co2: 'data: "M 55146 52545 418.44 55.0 0.0 0.0 805 55.0 54.9 00\r\n"' @ 35.7927377 -106.6861877 1945.28420543
2020-05-16 19:20:53.360286 co2: 'data: "M 55146 52551 416.70 55.0 0.0 0.0 805 55.0 54.9 00\r\n"' @ 35.7927374 -106.686188 1945.29420447
2020-05-16 19:20:54.353398 co2: 'data: "M 55146 52563 414.45 55.0 0.0 0.0 805 55.0 54.9 00\r\n"' @ 35.7927378 -106.6861881 1945.30420535
2020-05-16 19:20:55.360488 co2: 'data: "M 55146 52569 413.77 55.0 0.0 0.0 805 55.0 54.9 00\r\n"' @ 35.7927386 -106.6861881 1945.26420727
2020-05-16 19:20:56.353842 co2: 'data: "M 55146 52570 414.07 55.0 0.0 0.0 805 55.0 54.9 00\r\n"' @ 35.792739 -106.6861872 1945.26420896
2020-05-16 19:20:57.360971 co2: 'data: "M 55146 52565 414.94 55.0 0.0 0.0 805 55.0 54.9 00\r\n"' @ 35.7927386 -106.6861864 1945.29420865
2020-05-16 19:20:58.353180 co2: 'data: "M 55146 52561 415.55 55.0 0.0 0.0 805 55.0 54.9 00\r\n"' @ 35.7927382 -106.6861867 1945.27420745
2020-05-16 19:20:59.361533 co2: 'data: "M 55146 52558 416.01 55.0 0.0 0.0 805 55.0 55.0 00\r\n"' @ 35.792738 -106.6861879 1945.28420599
2020-05-16 19:21:00.353696 co2: 'data: "M 55146 52561 415.15 55.0 0.0 0.0 805 55.0 55.0 00\r\n"' @ 35.7927377 -106.6861893 1945.29420414
2020-05-16 19:21:01.362409 co2: 'data: "M 55146 52568 414.26 55.0 0.0 0.0 805 55.0 54.9 00\r\n"' @ 35.7927383 -106.6861896 1945.26420534
2020-05-16 19:21:02.354169 co2: 'data: "M 55146 52565 414.90 55.0 0.0 0.0 805 55.0 55.0 00\r\n"' @ 35.7927393 -106.6861895 1945.25420782
2020-05-16 19:21:03.362403 co2: 'data: "M 55146 52559 416.12 55.0 0.0 0.0 805 55.0 54.9 00\r\n"' @ 35.79274 -106.6861888 1945.25421007
2020-05-16 19:21:04.354564 co2: 'data: "M 55146 52553 417.32 55.0 0.0 0.0 805 55.0 55.0 00\r\n"' @ 35.7927394 -106.6861882 1945.25420912
2020-05-16 19:21:05.362869 co2: 'data: "M 55146 52551 417.27 55.0 0.0 0.0 805 55.0 55.0 00\r\n"' @ 35.7927381 -106.6861876 1945.27420648
2020-05-16 19:21:06.356276 co2: 'data: "M 55146 52555 416.41 55.0 0.0 0.0 805 55.0 55.0 00\r\n"' @ 35.7927375 -106.6861878 1945.26420487
2020-05-16 19:21:07.349050 co2: 'data: "M 55146 52563 415.00 55.0 0.0 0.0 805 55.0 55.0 00\r\n"' @ 35.7927373 -106.6861888 1945.25420358
2020-05-16 19:21:08.356561 co2: 'data: "M 55146 52567 414.39 55.0 0.0 0.0 805 55.0 55.0 00\r\n"' @ 35.792738 -106.6861896 1945.28420462
2020-05-16 19:21:09.348185 co2: 'data: "M 55146 52561 415.89 55.0 0.0 0.0 805 55.0 55.0 00\r\n"' @ 35.7927385 -106.6861899 1945.28420557
2020-05-16 19:21:10.357106 co2: 'data: "M 55146 52550 417.79 55.0 0.0 0.0 805 55.0 55.0 00\r\n"' @ 35.7927388 -106.6861894 1945.3142067
2020-05-16 19:21:11.348612 co2: 'data: "M 55146 52541 419.48 55.0 0.0 0.0 805 55.0 55.0 00\r\n"' @ 35.7927386 -106.6861886 1945.28420687
2020-05-16 19:21:12.357632 co2: 'data: "M 55146 52541 419.23 55.0 0.0 0.0 805 55.0 55.0 00\r\n"' @ 35.7927384 -106.6861885 1945.31420647
2020-05-16 19:21:13.349305 co2: 'data: "M 55146 52548 417.76 55.0 0.0 0.0 805 55.0 55.0 00\r\n"' @ 35.7927377 -106.6861886 1945.3442047
2020-05-16 19:21:14.357773 co2: 'data: "M 55146 52556 416.35 55.0 0.0 0.0 805 55.0 54.9 00\r\n"' @ 35.7927371 -106.6861892 1945.35420278
2020-05-16 19:21:15.349823 co2: 'data: "M 55146 52557 416.49 55.0 0.0 0.0 805 55.0 55.0 00\r\n"' @ 35.7927372 -106.6861897 1945.31420261
2020-05-16 19:21:16.358358 co2: 'data: "M 55146 52548 418.08 55.0 0.0 0.0 805 55.0 55.0 00\r\n"' @ 35.7927379 -106.6861898 1945.29420421
2020-05-16 19:21:17.352380 co2: 'data: "M 55146 52541 419.42 55.0 0.0 0.0 805 55.0 55.0 00\r\n"' @ 35.7927389 -106.6861896 1945.31420678
2020-05-16 19:21:18.358797 co2: 'data: "M 55146 52537 420.09 55.0 0.0 0.0 805 55.0 55.0 00\r\n"' @ 35.7927391 -106.6861888 1945.31420791
2020-05-16 19:21:19.351934 co2: 'data: "M 55146 52542 419.25 55.0 0.0 0.0 805 55.0 55.0 00\r\n"' @ 35.7927386 -106.6861877 1945.2842076
2020-05-16 19:21:20.358841 co2: 'data: "M 55146 52549 417.84 55.0 0.0 0.0 805 55.0 55.0 00\r\n"' @ 35.7927377 -106.6861879 1945.21420527
2020-05-16 19:21:21.352094 co2: 'data: "M 55146 52556 416.56 55.0 0.0 0.0 805 55.0 55.0 00\r\n"' @ 35.7927376 -106.6861887 1945.19420438
2020-05-16 19:21:22.359192 co2: 'data: "M 55146 52558 416.17 55.0 0.0 0.0 805 55.0 55.0 00\r\n"' @ 35.7927379 -106.6861887 1945.2642051
2020-05-16 19:21:23.353064 co2: 'data: "M 55146 52551 417.69 55.0 0.0 0.0 805 55.0 55.0 00\r\n"' @ 35.7927383 -106.6861888 1945.31420598
2020-05-16 19:21:24.359899 co2: 'data: "M 55146 52543 419.06 55.0 0.0 0.0 805 55.0 55.0 00\r\n"' @ 35.7927387 -106.6861892 1945.33420662
2020-05-16 19:21:25.353214 co2: 'data: "M 55146 52538 419.91 55.0 0.0 0.0 805 55.0 55.0 00\r\n"' @ 35.7927387 -106.6861896 1945.2942063
2020-05-16 19:21:26.360193 co2: 'data: "M 55146 52544 418.81 55.0 0.0 0.0 805 55.0 55.0 00\r\n"' @ 35.7927383 -106.6861894 1945.3542055
2020-05-16 19:21:27.369135 co2: 'data: "M 55146 52553 417.09 55.0 0.0 0.0 805 55.0 55.0 00\r\n"' @ 35.7927377 -106.6861888 1945.37420454
2020-05-16 19:21:28.360839 co2: 'data: "M 55146 52558 416.22 55.0 0.0 0.0 805 55.0 55.0 00\r\n"' @ 35.7927376 -106.6861883 1945.30420471
2020-05-16 19:21:29.354023 co2: 'data: "M 55146 52556 416.52 55.0 0.0 0.0 805 55.0 55.0 00\r\n"' @ 35.7927379 -106.6861885 1945.21420527
2020-05-16 19:21:30.361733 co2: 'data: "M 55146 52544 418.58 55.0 0.0 0.0 805 55.0 55.0 00\r\n"' @ 35.7927377 -106.6861882 1945.31420503
2020-05-16 19:21:31.354670 co2: 'data: "M 55146 52538 419.94 55.0 0.0 0.0 805 55.0 55.0 00\r\n"' @ 35.7927376 -106.6861879 1945.30420503
2020-05-16 19:21:32.362061 co2: 'data: "M 55146 52536 420.27 55.0 0.0 0.0 805 55.0 54.9 00\r\n"' @ 35.7927373 -106.6861878 1945.23420439
2020-05-16 19:21:33.355131 co2: 'data: "M 55146 52541 419.45 55.0 0.0 0.0 805 55.0 54.9 00\r\n"' @ 35.7927374 -106.6861881 1945.26420439
2020-05-16 19:21:34.362768 co2: 'data: "M 55146 52548 418.10 55.0 0.0 0.0 805 55.0 55.0 00\r\n"' @ 35.7927375 -106.686188 1945.25420471
2020-05-16 19:21:35.354477 co2: 'data: "M 55146 52550 417.58 55.0 0.0 0.0 805 55.0 54.9 00\r\n"' @ 35.7927374 -106.686188 1945.24420447
2020-05-16 19:21:36.363223 co2: 'data: "M 55146 52549 417.83 55.0 0.0 0.0 805 55.0 54.9 00\r\n"' @ 35.7927375 -106.6861881 1945.27420463
2020-05-16 19:21:37.355024 co2: 'data: "M 55146 52539 419.61 55.0 0.0 0.0 805 55.0 55.0 00\r\n"' @ 35.7927378 -106.6861881 1945.31420535
2020-05-16 19:21:38.348241 co2: 'data: "M 55146 52536 420.36 55.0 0.0 0.0 805 55.0 55.0 00\r\n"' @ 35.7927379 -106.6861876 1945.314206
2020-05-16 19:21:39.355279 co2: 'data: "M 55146 52538 420.06 55.0 0.0 0.0 805 55.0 55.0 00\r\n"' @ 35.7927379 -106.6861876 1945.304206
2020-05-16 19:21:40.348837 co2: 'data: "M 55146 52546 418.79 55.0 0.0 0.0 805 55.0 55.0 00\r\n"' @ 35.792738 -106.686188 1945.29420591
2020-05-16 19:21:41.355594 co2: 'data: "M 55146 52555 417.05 55.0 0.0 0.0 805 55.0 55.0 00\r\n"' @ 35.7927382 -106.6861885 1945.24420599
2020-05-16 19:21:42.349077 co2: 'data: "M 55146 52556 416.51 55.0 0.0 0.0 805 55.0 55.0 00\r\n"' @ 35.7927387 -106.6861888 1945.27420695
2020-05-16 19:21:43.356645 co2: 'data: "M 55146 52552 416.96 55.0 0.0 0.0 805 55.0 55.0 00\r\n"' @ 35.792739 -106.6861892 1945.29420734
2020-05-16 19:21:44.349430 co2: 'data: "M 55146 52541 418.97 55.0 0.0 0.0 805 55.0 55.0 00\r\n"' @ 35.7927397 -106.6861892 1945.33420903
2020-05-16 19:21:45.356899 co2: 'data: "M 55146 52537 420.03 55.0 0.0 0.0 805 55.0 55.0 00\r\n"' @ 35.7927396 -106.6861879 1945.34420984
2020-05-16 19:21:46.349724 co2: 'data: "M 55146 52538 419.94 55.0 0.0 0.0 805 55.0 55.0 00\r\n"' @ 35.792739 -106.6861862 1945.35420977
2020-05-16 19:21:47.357225 co2: 'data: "M 55146 52547 418.57 55.0 0.0 0.0 805 55.0 55.0 00\r\n"' @ 35.7927381 -106.6861857 1945.28420801
2020-05-16 19:21:48.348787 co2: 'data: "M 55146 52553 417.28 55.0 0.0 0.0 805 55.0 55.0 00\r\n"' @ 35.7927373 -106.6861868 1945.2642052
2020-05-16 19:21:49.357283 co2: 'data: "M 55146 52550 417.49 55.0 0.0 0.0 805 55.0 55.0 00\r\n"' @ 35.7927368 -106.6861882 1945.25420287
2020-05-16 19:21:50.348930 co2: 'data: "M 55146 52546 418.15 55.0 0.0 0.0 805 55.0 54.9 00\r\n"' @ 35.7927369 -106.6861891 1945.27420238
2020-05-16 19:21:51.357423 co2: 'data: "M 55146 52538 419.55 55.0 0.0 0.0 805 55.0 55.0 00\r\n"' @ 35.7927372 -106.6861893 1945.33420294
2020-05-16 19:21:52.349271 co2: 'data: "M 55146 52543 419.46 55.0 0.0 0.0 805 55.0 55.0 00\r\n"' @ 35.7927378 -106.6861894 1946.0342043
2020-05-16 19:21:53.358026 co2: 'data: "M 55146 52547 418.46 55.0 0.0 0.0 805 55.0 54.9 00\r\n"' @ 35.7927389 -106.6861888 1947.26420743
2020-05-16 19:21:54.349484 co2: 'data: "M 55146 52553 417.48 55.0 0.0 0.0 805 55.0 55.0 00\r\n"' @ 35.7927387 -106.6861885 1948.73420719
2020-05-16 19:21:55.358397 co2: 'data: "M 55146 52554 416.88 55.0 0.0 0.0 805 55.0 55.0 00\r\n"' @ 35.7927372 -106.6861883 1950.14420375
2020-05-16 19:21:56.351196 co2: 'data: "M 55146 52545 418.22 55.0 0.0 0.0 805 55.0 55.0 00\r\n"' @ 35.7927365 -106.6861888 1951.63420166
2020-05-16 19:21:57.358279 co2: 'data: "M 55146 52537 419.84 55.0 0.0 0.0 805 55.0 55.0 00\r\n"' @ 35.7927373 -106.6861887 1952.92420366
2020-05-16 19:21:58.366152 co2: 'data: "M 55146 52533 420.95 55.0 0.0 0.0 805 55.0 55.0 00\r\n"' @ 35.7927373 -106.6861885 1954.13420382
2020-05-16 19:21:59.358592 co2: 'data: "M 55146 52538 420.70 55.0 0.0 0.0 805 55.0 55.0 00\r\n"' @ 35.7927377 -106.6861885 1955.35420479
2020-05-16 19:22:00.351893 co2: 'data: "M 55146 52546 419.33 55.0 0.0 0.0 805 55.0 54.9 00\r\n"' @ 35.7927381 -106.6861884 1956.53420583
2020-05-16 19:22:01.358248 co2: 'data: "M 55146 52556 417.45 55.0 0.0 0.0 805 55.0 55.0 00\r\n"' @ 35.7927381 -106.6861877 1957.7442064
2020-05-16 19:22:02.351902 co2: 'data: "M 55146 52560 416.17 55.0 0.0 0.0 805 55.0 54.9 00\r\n"' @ 35.7927379 -106.6861873 1958.93420624
2020-05-16 19:22:03.358756 co2: 'data: "M 55146 52551 417.24 55.0 0.0 0.0 804 55.0 54.9 00\r\n"' @ 35.7927378 -106.6861883 1960.13420519
2020-05-16 19:22:04.352301 co2: 'data: "M 55146 52544 418.87 55.0 0.0 0.0 804 55.0 55.0 00\r\n"' @ 35.7927375 -106.6861895 1960.95420349
2020-05-16 19:22:05.359074 co2: 'data: "M 55146 52539 420.23 55.0 0.0 0.0 804 55.0 55.0 00\r\n"' @ 35.7927381 -106.6861899 1960.92420461
2020-05-16 19:22:06.352573 co2: 'data: "M 55146 52546 419.92 55.0 0.0 0.0 804 55.0 55.0 00\r\n"' @ 35.7927385 -106.6861896 1960.95420582
2020-05-16 19:22:07.359112 co2: 'data: "M 55146 52556 417.80 55.0 0.0 0.0 804 55.0 55.0 00\r\n"' @ 35.7927384 -106.6861886 1960.94420639
2020-05-16 19:22:08.352686 co2: 'data: "M 55146 52562 416.37 55.0 0.0 0.0 804 55.0 55.0 00\r\n"' @ 35.792738 -106.6861886 1960.93420543
2020-05-16 19:22:09.359967 co2: 'data: "M 55146 52562 416.20 55.0 0.0 0.0 804 55.0 55.0 00\r\n"' @ 35.7927373 -106.6861895 1960.90420301
2020-05-16 19:22:10.353235 co2: 'data: "M 55146 52559 417.76 55.0 0.0 0.0 804 55.0 55.0 00\r\n"' @ 35.792736 -106.6861914 1960.91419835
2020-05-16 19:22:11.360256 co2: 'data: "M 55146 52549 419.42 55.0 0.0 0.0 804 55.0 55.0 00\r\n"' @ 35.7927366 -106.6861897 1960.98420117
2020-05-16 19:22:12.353184 co2: 'data: "M 55146 52542 420.43 55.0 0.0 0.0 804 55.0 55.0 00\r\n"' @ 35.7927386 -106.6861877 1960.9542076
2020-05-16 19:22:13.360792 co2: 'data: "M 55146 52539 419.97 55.0 0.0 0.0 804 55.0 55.0 00\r\n"' @ 35.79274 -106.6861869 1960.94421161
2020-05-16 19:22:14.352509 co2: 'data: "M 55146 52547 418.14 55.0 0.0 0.0 804 55.0 55.0 00\r\n"' @ 35.7927399 -106.6861872 1960.96421113
2020-05-16 19:22:15.360720 co2: 'data: "M 55146 52556 416.76 55.0 0.0 0.0 804 55.0 55.0 00\r\n"' @ 35.7927387 -106.6861879 1960.92420768
2020-05-16 19:22:16.352971 co2: 'data: "M 55146 52561 416.47 55.0 0.0 0.0 804 55.0 55.0 00\r\n"' @ 35.7927373 -106.6861871 1960.90420496
2020-05-16 19:22:17.361107 co2: 'data: "M 55146 52559 417.82 55.0 0.0 0.0 804 55.0 55.0 00\r\n"' @ 35.7927369 -106.6861871 1960.934204
2020-05-16 19:22:18.353052 co2: 'data: "M 55146 52550 419.35 55.0 0.0 0.0 804 55.0 55.0 00\r\n"' @ 35.792737 -106.6861886 1960.94420302
2020-05-16 19:22:19.362535 co2: 'data: "M 55146 52544 420.07 55.0 0.0 0.0 804 55.0 55.0 00\r\n"' @ 35.7927373 -106.6861891 1960.95420334
2020-05-16 19:22:20.353094 co2: 'data: "M 55146 52541 419.86 55.0 0.0 0.0 804 55.0 55.0 00\r\n"' @ 35.7927376 -106.6861891 1960.95420406
2020-05-16 19:22:21.361450 co2: 'data: "M 55146 52549 417.82 55.0 0.0 0.0 804 55.0 55.0 00\r\n"' @ 35.7927382 -106.6861889 1960.96420566
2020-05-16 19:22:22.354183 co2: 'data: "M 55146 52559 416.70 55.0 0.0 0.0 804 55.0 54.9 00\r\n"' @ 35.7927385 -106.6861891 1960.95420622
2020-05-16 19:22:23.362482 co2: 'data: "M 55146 52561 416.53 55.0 0.0 0.0 804 55.0 54.9 00\r\n"' @ 35.7927379 -106.6861889 1960.95420494
2020-05-16 19:22:24.354440 co2: 'data: "M 55146 52557 417.94 55.0 0.0 0.0 804 55.0 55.0 00\r\n"' @ 35.7927381 -106.6861879 1960.94420623
2020-05-16 19:22:25.361503 co2: 'data: "M 55146 52548 419.28 55.0 0.0 0.0 804 55.0 55.0 00\r\n"' @ 35.7927384 -106.6861871 1960.9442076
2020-05-16 19:22:26.354778 co2: 'data: "M 55146 52547 419.11 55.0 0.0 0.0 804 55.0 55.0 00\r\n"' @ 35.7927388 -106.6861873 1960.9542084
2020-05-16 19:22:27.361981 co2: 'data: "M 55146 52549 418.36 55.0 0.0 0.0 804 55.0 54.9 00\r\n"' @ 35.7927385 -106.6861883 1960.96420687
2020-05-16 19:22:28.354895 co2: 'data: "M 55146 52555 417.15 55.0 0.0 0.0 804 55.0 55.0 00\r\n"' @ 35.7927381 -106.6861891 1960.95420526
2020-05-16 19:22:29.362269 co2: 'data: "M 55146 52558 417.59 55.0 0.0 0.0 804 55.0 55.0 00\r\n"' @ 35.7927379 -106.6861901 1960.97420397
2020-05-16 19:22:30.355230 co2: 'data: "M 55146 52551 418.75 55.0 0.0 0.0 804 55.0 55.0 00\r\n"' @ 35.7927372 -106.6861903 1960.99420213
2020-05-16 19:22:31.362358 co2: 'data: "M 55146 52543 420.25 55.0 0.0 0.0 804 55.0 55.0 00\r\n"' @ 35.7927374 -106.6861898 1961.02420301
2020-05-16 19:22:32.355617 co2: 'data: "M 55146 52538 420.84 55.0 0.0 0.0 804 55.0 55.0 00\r\n"' @ 35.7927381 -106.6861899 1961.00420461
2020-05-16 19:22:33.362077 co2: 'data: "M 55146 52543 419.33 55.0 0.0 0.0 804 55.0 55.0 00\r\n"' @ 35.7927379 -106.686189 1960.97420486
2020-05-16 19:22:34.355119 co2: 'data: "M 55146 52553 417.59 55.0 0.0 0.0 804 55.0 55.0 00\r\n"' @ 35.7927381 -106.6861875 1960.95420656
2020-05-16 19:22:35.362276 co2: 'data: "M 55146 52560 416.30 55.0 0.0 0.0 804 55.0 55.0 00\r\n"' @ 35.7927376 -106.6861872 1960.9542056
2020-05-16 19:22:36.354571 co2: 'data: "M 55146 52563 416.74 55.0 0.0 0.0 804 55.0 55.0 00\r\n"' @ 35.7927367 -106.6861868 1960.97420376
2020-05-16 19:22:37.361241 co2: 'data: "M 55146 52553 418.41 55.0 0.0 0.0 804 55.0 55.0 00\r\n"' @ 35.7927362 -106.6861875 1960.96420199
2020-05-16 19:22:38.352733 co2: 'data: "M 55146 52546 419.53 55.0 0.0 0.0 804 55.0 55.0 00\r\n"' @ 35.7927367 -106.6861879 1960.94420287
2020-05-16 19:22:39.361202 co2: 'data: "M 55146 52543 419.62 55.0 0.0 0.0 804 55.0 55.0 00\r\n"' @ 35.7927379 -106.6861868 1961.02420664
2020-05-16 19:22:40.352129 co2: 'data: "M 55146 52549 418.29 55.0 0.0 0.0 804 55.0 55.0 00\r\n"' @ 35.7927381 -106.6861864 1961.14420745
2020-05-16 19:22:41.360051 co2: 'data: "M 55146 52554 417.79 55.0 0.0 0.0 804 55.0 55.0 00\r\n"' @ 35.7927378 -106.6861863 1961.08420681
2020-05-16 19:22:42.351745 co2: 'data: "M 55146 52553 417.79 55.0 0.0 0.0 804 55.0 55.0 00\r\n"' @ 35.7927371 -106.6861869 1961.00420464
2020-05-16 19:22:43.359703 co2: 'data: "M 55146 52553 418.13 55.0 0.0 0.0 804 55.0 55.0 00\r\n"' @ 35.7927368 -106.6861869 1960.83420392
2020-05-16 19:22:44.350816 co2: 'data: "M 55146 52548 419.03 55.0 0.0 0.0 804 55.0 55.0 00\r\n"' @ 35.7927371 -106.6861874 1960.81420423
2020-05-16 19:22:45.359066 co2: 'data: "M 55146 52548 418.88 55.0 0.0 0.0 804 55.0 55.0 00\r\n"' @ 35.7927373 -106.6861892 1960.89420326
2020-05-16 19:22:46.350838 co2: 'data: "M 55146 52550 418.45 55.0 0.0 0.0 804 55.0 54.9 00\r\n"' @ 35.7927376 -106.6861902 1960.95420317
2020-05-16 19:22:47.357953 co2: 'data: "M 55146 52555 417.42 55.0 0.0 0.0 804 55.0 55.0 00\r\n"' @ 35.7927381 -106.6861901 1960.98420445
2020-05-16 19:22:48.350147 co2: 'data: "M 55146 52558 417.46 55.0 0.0 0.0 804 55.0 55.0 00\r\n"' @ 35.7927384 -106.686188 1960.96420687
2020-05-16 19:22:49.357660 co2: 'data: "M 55146 52551 418.65 55.0 0.0 0.0 804 55.0 55.0 00\r\n"' @ 35.7927378 -106.6861855 1960.95420746
2020-05-16 19:22:50.349516 co2: 'data: "M 55146 52545 419.87 55.0 0.0 0.0 804 55.0 55.0 00\r\n"' @ 35.7927372 -106.6861855 1960.94420601
2020-05-16 19:22:51.356028 co2: 'data: "M 55146 52539 420.61 55.0 0.0 0.0 804 55.0 55.0 00\r\n"' @ 35.7927364 -106.6861885 1960.94420166
2020-05-16 19:22:52.348900 co2: 'data: "M 55146 52546 419.19 55.0 0.0 0.0 804 55.0 55.0 00\r\n"' @ 35.792736 -106.6861906 1960.944199
2020-05-16 19:22:53.355379 co2: 'data: "M 55146 52556 417.20 55.0 0.0 0.0 804 55.0 55.0 00\r\n"' @ 35.7927366 -106.6861904 1960.9242006
2020-05-16 19:22:54.348086 co2: 'data: "M 55146 52563 416.00 55.0 0.0 0.0 804 55.0 55.0 00\r\n"' @ 35.7927373 -106.6861886 1960.94420374
2020-05-16 19:22:55.354515 co2: 'data: "M 55146 52564 416.18 55.0 0.0 0.0 804 55.0 55.0 00\r\n"' @ 35.7927371 -106.686187 1961.03420456
2020-05-16 19:22:56.362659 co2: 'data: "M 55146 52554 418.08 55.0 0.0 0.0 804 55.0 55.0 00\r\n"' @ 35.7927363 -106.6861871 1961.04420255
2020-05-16 19:22:57.353786 co2: 'data: "M 55146 52543 419.96 55.0 0.0 0.0 804 55.0 55.0 00\r\n"' @ 35.7927358 -106.6861869 1961.03420151
2020-05-16 19:22:58.361673 co2: 'data: "M 55146 52538 420.77 55.0 0.0 0.0 804 55.0 55.0 00\r\n"' @ 35.7927365 -106.6861873 1961.17420287
2020-05-16 19:22:59.354042 co2: 'data: "M 55146 52545 419.33 55.0 0.0 0.0 804 55.0 55.0 00\r\n"' @ 35.7927369 -106.6861878 1961.31420343
2020-05-16 19:23:00.361133 co2: 'data: "M 55146 52554 417.80 55.0 0.0 0.0 804 55.0 55.0 00\r\n"' @ 35.7927366 -106.6861897 1961.23420117
2020-05-16 19:23:01.353121 co2: 'data: "M 55146 52555 417.46 55.0 0.0 0.0 804 55.0 55.0 00\r\n"' @ 35.7927384 -106.6861897 1960.9942055
2020-05-16 19:23:02.360306 co2: 'data: "M 55146 52554 418.00 55.0 0.0 0.0 804 55.0 55.0 00\r\n"' @ 35.7927397 -106.6861883 1960.80420976
2020-05-16 19:23:03.352351 co2: 'data: "M 55146 52548 418.93 55.0 0.0 0.0 804 55.0 55.0 00\r\n"' @ 35.792739 -106.6861866 1960.89420945
2020-05-16 19:23:04.358750 co2: 'data: "M 55146 52548 418.91 55.0 0.0 0.0 804 55.0 55.0 00\r\n"' @ 35.7927377 -106.6861868 1960.94420616
2020-05-16 19:23:05.351594 co2: 'data: "M 55146 52552 418.05 55.0 0.0 0.0 804 55.0 55.0 00\r\n"' @ 35.7927371 -106.6861883 1960.87420351
2020-05-16 19:23:06.358021 co2: 'data: "M 55146 52558 417.13 55.0 0.0 0.0 804 55.0 55.0 00\r\n"' @ 35.7927378 -106.6861902 1960.83420365
2020-05-16 19:23:07.349888 co2: 'data: "M 55146 52559 416.93 55.0 0.0 0.0 804 55.0 55.0 00\r\n"' @ 35.7927382 -106.6861915 1960.95420356
2020-05-16 19:23:08.357073 co2: 'data: "M 55146 52554 417.78 55.0 0.0 0.0 804 55.0 55.0 00\r\n"' @ 35.7927387 -106.6861913 1960.92420492
2020-05-16 19:23:09.350035 co2: 'data: "M 55146 52550 418.66 55.0 0.0 0.0 804 55.0 55.0 00\r\n"' @ 35.7927396 -106.6861897 1960.73420838
2020-05-16 19:23:10.356543 co2: 'data: "M 55146 52545 419.52 55.0 0.0 0.0 804 55.0 55.0 00\r\n"' @ 35.7927401 -106.6861888 1960.72421031
2020-05-16 19:23:11.349732 co2: 'data: "M 55146 52548 419.08 55.0 0.0 0.0 804 55.0 55.0 00\r\n"' @ 35.7927391 -106.6861889 1960.81420783
2020-05-16 19:23:12.356613 co2: 'data: "M 55146 52554 417.84 55.0 0.0 0.0 804 55.0 55.0 00\r\n"' @ 35.7927374 -106.6861891 1960.86420358
2020-05-16 19:23:13.363366 co2: 'data: "M 55146 52561 416.43 55.0 0.0 0.0 804 55.0 54.9 00\r\n"' @ 35.7927368 -106.6861897 1960.91420165
2020-05-16 19:23:14.355251 co2: 'data: "M 55146 52564 415.90 55.0 0.0 0.0 804 55.0 55.0 00\r\n"' @ 35.7927373 -106.6861906 1960.96420212
2020-05-16 19:23:15.362261 co2: 'data: "M 55146 52556 417.26 55.0 0.0 0.0 804 55.0 55.0 00\r\n"' @ 35.7927379 -106.6861904 1960.98420373
2020-05-16 19:23:16.354395 co2: 'data: "M 55146 52547 418.94 55.0 0.0 0.0 804 55.0 55.0 00\r\n"' @ 35.7927382 -106.6861898 1960.99420493
2020-05-16 19:23:17.361093 co2: 'data: "M 55146 52541 420.31 55.0 0.0 0.0 804 55.0 54.9 00\r\n"' @ 35.7927387 -106.6861898 1960.93420614
2020-05-16 19:23:18.353507 co2: 'data: "M 55146 52542 420.22 55.0 0.0 0.0 804 55.0 54.9 00\r\n"' @ 35.792739 -106.6861895 1960.6042071
2020-05-16 19:23:19.360021 co2: 'data: "M 55146 52554 418.09 55.0 0.0 0.0 804 55.0 54.9 00\r\n"' @ 35.7927388 -106.6861891 1959.99420694
2020-05-16 19:23:20.353099 co2: 'data: "M 55146 52559 416.83 55.0 0.0 0.0 804 55.0 54.9 00\r\n"' @ 35.7927369 -106.68619 1959.46420165
2020-05-16 19:23:21.359144 co2: 'data: "M 55146 52561 416.55 55.0 0.0 0.0 804 55.0 54.9 00\r\n"' @ 35.7927357 -106.6861886 1958.8341999
2020-05-16 19:23:22.352219 co2: 'data: "M 55146 52555 417.46 55.0 0.0 0.0 804 55.0 55.0 00\r\n"' @ 35.7927367 -106.6861866 1958.14420392
2020-05-16 19:23:23.358270 co2: 'data: "M 55146 52551 418.16 55.0 0.0 0.0 804 55.0 54.9 00\r\n"' @ 35.7927382 -106.6861865 1957.54420761
2020-05-16 19:23:24.351303 co2: 'data: "M 55146 52551 418.37 55.0 0.0 0.0 804 55.0 55.0 00\r\n"' @ 35.7927371 -106.6861881 1956.93420367
2020-05-16 19:23:25.358081 co2: 'data: "M 55146 52551 418.35 55.0 0.0 0.0 804 55.0 55.0 00\r\n"' @ 35.7927352 -106.6861903 1956.32419732
2020-05-16 19:23:26.350453 co2: 'data: "M 55146 52551 418.29 55.0 0.0 0.0 804 55.0 54.9 00\r\n"' @ 35.7927354 -106.6861903 1955.6841978
2020-05-16 19:23:27.357084 co2: 'data: "M 55146 52547 418.94 55.0 0.0 0.0 804 55.0 54.9 00\r\n"' @ 35.7927373 -106.6861913 1955.02420156
2020-05-16 19:23:28.349581 co2: 'data: "M 55146 52543 419.58 55.0 0.0 0.0 804 55.0 55.0 00\r\n"' @ 35.7927395 -106.6861897 1954.36420814
2020-05-16 19:23:29.356408 co2: 'data: "M 55146 52540 420.22 55.0 0.0 0.0 804 55.0 55.0 00\r\n"' @ 35.7927401 -106.6861893 1953.73420991
2020-05-16 19:23:30.347543 co2: 'data: "M 55146 52542 420.05 55.0 0.0 0.0 804 55.0 55.0 00\r\n"' @ 35.7927392 -106.6861881 1953.12420872
2020-05-16 19:23:31.355459 co2: 'data: "M 55146 52552 418.27 55.0 0.0 0.0 804 55.0 55.0 00\r\n"' @ 35.7927385 -106.6861861 1952.51420865
2020-05-16 19:23:32.362016 co2: 'data: "M 55146 52560 416.61 55.0 0.0 0.0 804 55.0 55.0 00\r\n"' @ 35.7927377 -106.6861873 1951.93420576
2020-05-16 19:23:33.354581 co2: 'data: "M 55146 52563 415.74 55.0 0.0 0.0 804 55.0 55.0 00\r\n"' @ 35.7927369 -106.6861887 1951.3242027
2020-05-16 19:23:34.360978 co2: 'data: "M 55146 52554 417.03 55.0 0.0 0.0 804 55.0 55.0 00\r\n"' @ 35.7927362 -106.6861903 1950.68419972
2020-05-16 19:23:35.353472 co2: 'data: "M 55146 52542 419.33 55.0 0.0 0.0 805 55.0 55.0 00\r\n"' @ 35.792736 -106.6861906 1950.084199
2020-05-16 19:23:36.359686 co2: 'data: "M 55146 52535 420.75 55.0 0.0 0.0 805 55.0 55.0 00\r\n"' @ 35.792736 -106.6861903 1949.45419924
2020-05-16 19:23:37.352107 co2: 'data: "M 55146 52537 420.99 55.0 0.0 0.0 805 55.0 55.0 00\r\n"' @ 35.7927358 -106.6861908 1948.81419836
2020-05-16 19:23:38.358898 co2: 'data: "M 55146 52547 419.26 55.0 0.0 0.0 805 55.0 55.0 00\r\n"' @ 35.7927371 -106.6861902 1948.18420197
2020-05-16 19:23:39.350875 co2: 'data: "M 55146 52550 418.21 55.0 0.0 0.0 805 55.0 55.0 00\r\n"' @ 35.7927385 -106.6861897 1947.56420574
2020-05-16 19:23:40.358187 co2: 'data: "M 55146 52552 417.70 55.0 0.0 0.0 805 55.0 55.0 00\r\n"' @ 35.7927392 -106.6861876 1946.96420912
2020-05-16 19:23:41.348799 co2: 'data: "M 55146 52549 418.07 55.0 0.0 0.0 805 55.0 55.0 00\r\n"' @ 35.7927393 -106.6861871 1946.30420977
2020-05-16 19:23:42.356446 co2: 'data: "M 55146 52548 418.33 55.0 0.0 0.0 805 55.0 55.0 00\r\n"' @ 35.7927381 -106.6861889 1945.67420542
2020-05-16 19:23:43.347449 co2: 'data: "M 55146 52550 417.95 55.0 0.0 0.0 805 55.0 55.0 00\r\n"' @ 35.7927375 -106.6861914 1945.04420196
2020-05-16 19:23:44.355404 co2: 'data: "M 55146 52553 417.49 55.0 0.0 0.0 805 55.0 55.0 00\r\n"' @ 35.7927382 -106.6861907 1944.40420421
2020-05-16 19:23:45.361682 co2: 'data: "M 55146 52557 416.67 55.0 0.0 0.0 805 55.0 55.0 00\r\n"' @ 35.7927389 -106.6861896 1943.81420678
2020-05-16 19:23:46.354239 co2: 'data: "M 55146 52554 416.75 55.0 0.0 0.0 805 55.0 55.0 00\r\n"' @ 35.7927383 -106.6861901 1943.18420493
2020-05-16 19:23:47.360692 co2: 'data: "M 55146 52549 417.57 55.0 0.0 0.0 805 55.0 55.0 00\r\n"' @ 35.7927372 -106.6861909 1942.55420164
2020-05-16 19:23:48.353084 co2: 'data: "M 55146 52544 418.61 55.0 0.0 0.0 805 55.0 55.0 00\r\n"' @ 35.7927375 -106.68619 1941.89420309
2020-05-16 19:23:49.360020 co2: 'data: "M 55146 52544 418.96 55.0 0.0 0.0 805 55.0 55.0 00\r\n"' @ 35.7927387 -106.6861862 1941.28420905
2020-05-16 19:23:50.351980 co2: 'data: "M 55146 52549 418.11 55.0 0.0 0.0 805 55.0 55.0 00\r\n"' @ 35.7927392 -106.6861845 1940.70421163
2020-05-16 19:23:51.358649 co2: 'data: "M 55146 52554 417.06 55.0 0.0 0.0 805 55.0 55.0 00\r\n"' @ 35.7927384 -106.6861849 1940.33420938
2020-05-16 19:23:52.350300 co2: 'data: "M 55146 52557 416.32 55.0 0.0 0.0 805 55.0 55.0 00\r\n"' @ 35.7927358 -106.6861855 1940.10420265
2020-05-16 19:23:53.356972 co2: 'data: "M 55146 52552 416.68 55.0 0.0 0.0 805 55.0 55.0 00\r\n"' @ 35.7927357 -106.6861867 1939.81420144
2020-05-16 19:23:54.348103 co2: 'data: "M 55146 52543 418.31 55.0 0.0 0.0 805 55.0 55.0 00\r\n"' @ 35.7927384 -106.6861898 1940.00420542
2020-05-16 19:23:55.356169 co2: 'data: "M 55146 52537 419.67 55.0 0.0 0.0 806 55.0 54.9 00\r\n"' @ 35.7927392 -106.6861907 1939.86420661
2020-05-16 19:23:56.362324 co2: 'data: "M 55146 52539 420.04 55.0 0.0 0.0 806 55.0 54.9 00\r\n"' @ 35.7927384 -106.6861888 1939.30420623
2020-05-16 19:23:57.354935 co2: 'data: "M 55146 52548 418.38 55.0 0.0 0.0 806 55.0 55.0 00\r\n"' @ 35.7927366 -106.6861866 1938.78420368
2020-05-16 19:23:58.360974 co2: 'data: "M 55146 52551 417.29 55.0 0.0 0.0 806 55.0 55.0 00\r\n"' @ 35.7927307 -106.6861868 1938.35418933
2020-05-16 19:23:59.353646 co2: 'data: "M 55146 52551 417.46 55.0 0.0 0.0 806 55.0 55.0 00\r\n"' @ 35.7927234 -106.6861907 1938.00416863
2020-05-16 19:24:00.359548 co2: 'data: "M 55146 52547 419.07 55.0 0.0 0.0 806 55.0 55.0 00\r\n"' @ 35.7927142 -106.686197 1937.53414141
2020-05-16 19:24:01.352216 co2: 'data: "M 55146 52536 420.65 55.0 0.0 0.0 806 55.0 55.0 00\r\n"' @ 35.7927025 -106.6862036 1937.03410794
2020-05-16 19:24:02.359108 co2: 'data: "M 55146 52532 420.16 55.0 0.0 0.0 806 55.0 54.9 00\r\n"' @ 35.7926901 -106.6862094 1936.66407343
2020-05-16 19:24:03.350863 co2: 'data: "M 55146 52537 419.44 55.0 0.0 0.0 806 55.0 55.0 00\r\n"' @ 35.7926774 -106.6862135 1936.08403958
2020-05-16 19:24:04.357602 co2: 'data: "M 55146 52541 418.73 55.0 0.0 0.0 806 55.0 54.9 00\r\n"' @ 35.792669 -106.6862171 1935.66401647
2020-05-16 19:24:05.349630 co2: 'data: "M 55146 52543 419.50 55.0 0.0 0.0 806 55.0 54.9 00\r\n"' @ 35.7926628 -106.6862272 1935.09399338
2020-05-16 19:24:06.356320 co2: 'data: "M 55146 52533 421.28 55.0 0.0 0.0 806 55.0 54.9 00\r\n"' @ 35.792662 -106.6862319 1934.22398765
2020-05-16 19:24:07.363150 co2: 'data: "M 55146 52526 422.58 55.0 0.0 0.0 806 55.0 55.0 00\r\n"' @ 35.7926625 -106.6862319 1933.43398886
2020-05-16 19:24:08.355143 co2: 'data: "M 55146 52521 422.87 55.0 0.0 0.0 806 55.0 55.0 00\r\n"' @ 35.7926622 -106.686228 1932.79399129
2020-05-16 19:24:09.361902 co2: 'data: "M 55146 52524 421.08 55.0 0.0 0.0 806 55.0 55.0 00\r\n"' @ 35.7926608 -106.6862221 1932.32399271
2020-05-16 19:24:10.354380 co2: 'data: "M 55146 52534 419.54 55.0 0.0 0.0 806 55.0 55.0 00\r\n"' @ 35.7926584 -106.6862186 1932.11398977
2020-05-16 19:24:11.360280 co2: 'data: "M 55146 52542 418.21 55.0 0.0 0.0 806 55.0 55.0 00\r\n"' @ 35.7926555 -106.6862208 1931.83398102
2020-05-16 19:24:12.352672 co2: 'data: "M 55146 52547 418.19 55.0 0.0 0.0 806 55.0 55.0 00\r\n"' @ 35.7926518 -106.6862297 1931.35396491
2020-05-16 19:24:13.359495 co2: 'data: "M 55146 52539 419.98 55.0 0.0 0.0 806 55.0 54.9 00\r\n"' @ 35.7926463 -106.6862399 1930.49394343
2020-05-16 19:24:14.351497 co2: 'data: "M 55146 52529 421.49 55.0 0.0 0.0 806 55.0 55.0 00\r\n"' @ 35.7926383 -106.6862465 1929.87391885
2020-05-16 19:24:15.358246 co2: 'data: "M 55146 52524 422.32 55.0 0.0 0.0 806 55.0 55.0 00\r\n"' @ 35.7926309 -106.6862542 1929.24389482
2020-05-16 19:24:16.350240 co2: 'data: "M 55146 52524 421.16 55.0 0.0 0.0 806 55.0 55.0 00\r\n"' @ 35.7926223 -106.6862656 1928.73386492
2020-05-16 19:24:17.356972 co2: 'data: "M 55146 52534 419.31 55.0 0.0 0.0 806 55.0 55.0 00\r\n"' @ 35.7926135 -106.6862793 1928.26383266
2020-05-16 19:24:18.348077 co2: 'data: "M 55146 52541 418.50 55.0 0.0 0.0 806 55.0 55.0 00\r\n"' @ 35.7926069 -106.6862924 1927.73380619
2020-05-16 19:24:19.355803 co2: 'data: "M 55146 52542 419.17 55.0 0.0 0.0 807 55.0 55.0 00\r\n"' @ 35.7926011 -106.6863025 1927.15378406
2020-05-16 19:24:20.362328 co2: 'data: "M 55146 52534 420.17 55.0 0.0 0.0 807 55.0 55.0 00\r\n"' @ 35.7925957 -106.6863108 1926.54376436
2020-05-16 19:24:21.355761 co2: 'data: "M 55146 52532 420.28 55.0 0.0 0.0 807 55.0 55.0 00\r\n"' @ 35.7925922 -106.6863163 1926.23375149
2020-05-16 19:24:22.361102 co2: 'data: "M 55146 52532 420.35 55.0 0.0 0.0 807 55.0 55.0 00\r\n"' @ 35.7925904 -106.686318 1926.22374578
2020-05-16 19:24:23.353577 co2: 'data: "M 55146 52533 419.74 55.0 0.0 0.0 807 55.0 55.0 00\r\n"' @ 35.7925888 -106.6863182 1926.41374177
2020-05-16 19:24:24.359974 co2: 'data: "M 55146 52537 419.44 55.0 0.0 0.0 807 55.0 55.0 00\r\n"' @ 35.7925874 -106.6863177 1926.48373881
2020-05-16 19:24:25.353323 co2: 'data: "M 55146 52532 420.62 55.0 0.0 0.0 807 55.0 55.0 00\r\n"' @ 35.7925814 -106.6863176 1926.42372447
2020-05-16 19:24:26.359604 co2: 'data: "M 55146 52525 422.16 55.0 0.0 0.0 807 55.0 55.0 00\r\n"' @ 35.7925743 -106.6863176 1926.3737074
2020-05-16 19:24:27.351382 co2: 'data: "M 55146 52516 423.55 55.0 0.0 0.0 807 55.0 55.0 00\r\n"' @ 35.7925684 -106.6863194 1926.30369175
2020-05-16 19:24:28.358263 co2: 'data: "M 55146 52515 423.07 55.0 0.0 0.0 807 55.0 55.0 00\r\n"' @ 35.7925644 -106.6863219 1926.28368011
2020-05-16 19:24:29.350784 co2: 'data: "M 55146 52521 421.89 55.0 0.0 0.0 807 55.0 55.0 00\r\n"' @ 35.7925602 -106.6863264 1926.06366637
2020-05-16 19:24:30.358153 co2: 'data: "M 55146 52527 421.02 55.0 0.0 0.0 807 55.0 55.0 00\r\n"' @ 35.7925573 -106.6863288 1925.74365745
2020-05-16 19:24:31.349414 co2: 'data: "M 55146 52528 420.99 55.0 0.0 0.0 807 55.0 55.0 00\r\n"' @ 35.7925544 -106.6863298 1925.62364967
2020-05-16 19:24:32.356603 co2: 'data: "M 55146 52524 421.97 55.0 0.0 0.0 807 55.0 55.0 00\r\n"' @ 35.7925511 -106.6863318 1925.78364011
2020-05-16 19:24:33.363094 co2: 'data: "M 55146 52518 423.02 55.0 0.0 0.0 807 55.0 55.0 00\r\n"' @ 35.7925491 -106.6863339 1925.8036336
2020-05-16 19:24:34.355408 co2: 'data: "M 55146 52515 423.49 55.0 0.0 0.0 807 55.0 55.0 00\r\n"' @ 35.7925482 -106.6863346 1925.76363087
2020-05-16 19:24:35.361784 co2: 'data: "M 55146 52519 422.10 55.0 0.0 0.0 807 55.0 55.0 00\r\n"' @ 35.7925479 -106.6863341 1925.68363056
2020-05-16 19:24:36.354909 co2: 'data: "M 55146 52532 419.82 55.0 0.0 0.0 807 55.0 55.0 00\r\n"' @ 35.7925476 -106.6863331 1925.66363065
2020-05-16 19:24:37.360983 co2: 'data: "M 55146 52538 418.95 55.0 0.0 0.0 807 55.0 55.0 00\r\n"' @ 35.7925478 -106.6863325 1925.61363161
2020-05-16 19:24:38.353468 co2: 'data: "M 55146 52538 419.17 55.0 0.0 0.0 807 55.0 55.0 00\r\n"' @ 35.7925476 -106.6863331 1925.57363065
2020-05-16 19:24:39.360236 co2: 'data: "M 55146 52531 420.43 55.0 0.0 0.0 807 55.0 55.0 00\r\n"' @ 35.7925472 -106.6863332 1925.5636296
2020-05-16 19:24:40.353021 co2: 'data: "M 55146 52526 421.05 55.0 0.0 0.0 807 55.0 54.9 00\r\n"' @ 35.7925475 -106.6863326 1925.61363081
2020-05-16 19:24:41.359275 co2: 'data: "M 55146 52527 421.11 55.0 0.0 0.0 807 55.0 55.0 00\r\n"' @ 35.7925477 -106.6863326 1925.62363129
2020-05-16 19:24:42.351503 co2: 'data: "M 55146 52526 421.18 55.0 0.0 0.0 807 55.0 55.0 00\r\n"' @ 35.7925477 -106.6863331 1925.63363089
2020-05-16 19:24:43.358605 co2: 'data: "M 55146 52526 421.49 55.0 0.0 0.0 807 55.0 55.0 00\r\n"' @ 35.7925478 -106.6863324 1925.66363169
2020-05-16 19:24:44.365907 co2: 'data: "M 55146 52519 422.86 55.0 0.0 0.0 807 55.0 55.0 00\r\n"' @ 35.7925477 -106.6863321 1925.6436317
2020-05-16 19:24:45.357708 co2: 'data: "M 55146 52514 423.49 55.0 0.0 0.0 807 55.0 54.9 00\r\n"' @ 35.792547 -106.6863317 1925.60363034
2020-05-16 19:24:46.348849 co2: 'data: "M 55146 52514 423.45 55.0 0.0 0.0 807 55.0 55.0 00\r\n"' @ 35.7925462 -106.6863311 1925.6036289
2020-05-16 19:24:47.356787 co2: 'data: "M 55146 52518 422.67 55.0 0.0 0.0 807 55.0 54.9 00\r\n"' @ 35.7925454 -106.6863315 1925.59362665
2020-05-16 19:24:48.348165 co2: 'data: "M 55146 52526 421.12 55.0 0.0 0.0 807 55.0 54.9 00\r\n"' @ 35.7925454 -106.6863325 1925.54362584
2020-05-16 19:24:49.355956 co2: 'data: "M 55146 52535 419.07 55.0 0.0 0.0 807 55.0 55.0 00\r\n"' @ 35.7925467 -106.6863341 1925.47362767
2020-05-16 19:24:50.362694 co2: 'data: "M 55146 52543 418.04 55.0 0.0 0.0 807 55.0 55.0 00\r\n"' @ 35.7925482 -106.6863348 1925.49363071
2020-05-16 19:24:51.355121 co2: 'data: "M 55146 52537 419.19 55.0 0.0 0.0 807 55.0 54.9 00\r\n"' @ 35.7925488 -106.6863341 1925.53363272
2020-05-16 19:24:52.361597 co2: 'data: "M 55146 52530 420.58 55.0 0.0 0.0 807 55.0 54.9 00\r\n"' @ 35.7925488 -106.686332 1925.51363442
2020-05-16 19:24:53.354013 co2: 'data: "M 55146 52524 421.82 55.0 0.0 0.0 807 55.0 54.9 00\r\n"' @ 35.7925482 -106.686332 1925.53363298
2020-05-16 19:24:54.361406 co2: 'data: "M 55146 52519 422.35 55.0 0.0 0.0 807 55.0 55.0 00\r\n"' @ 35.7925472 -106.6863321 1925.58363049
2020-05-16 19:24:55.353364 co2: 'data: "M 55146 52524 421.59 55.0 0.0 0.0 807 55.0 55.0 00\r\n"' @ 35.7925471 -106.6863314 1925.62363082
2020-05-16 19:24:56.360618 co2: 'data: "M 55146 52527 421.11 55.0 0.0 0.0 807 55.0 55.0 00\r\n"' @ 35.7925475 -106.6863306 1925.78363243
2020-05-16 19:24:57.351575 co2: 'data: "M 55146 52526 421.31 55.0 0.0 0.0 807 55.0 55.0 00\r\n"' @ 35.7925487 -106.6863312 1925.92363483
2020-05-16 19:24:58.359210 co2: 'data: "M 55146 52516 423.29 55.0 0.0 0.0 807 55.0 55.0 00\r\n"' @ 35.7925476 -106.6863331 1925.89363065
2020-05-16 19:24:59.350661 co2: 'data: "M 55146 52506 425.08 55.0 0.0 0.0 807 55.0 55.0 00\r\n"' @ 35.792545 -106.6863333 1925.83362423
2020-05-16 19:25:00.358684 co2: 'data: "M 55146 52505 425.25 55.0 0.0 0.0 807 55.0 55.0 00\r\n"' @ 35.7925444 -106.6863329 1925.80362311
2020-05-16 19:25:01.349717 co2: 'data: "M 55146 52509 424.43 55.0 0.0 0.0 807 55.0 55.0 00\r\n"' @ 35.7925455 -106.6863342 1925.76362471
2020-05-16 19:25:02.357745 co2: 'data: "M 55146 52519 422.58 55.0 0.0 0.0 807 55.0 55.0 00\r\n"' @ 35.7925475 -106.6863345 1925.74362927
2020-05-16 19:25:03.348724 co2: 'data: "M 55146 52524 421.70 55.0 0.0 0.0 807 55.0 55.0 00\r\n"' @ 35.7925488 -106.6863345 1925.7736324
2020-05-16 19:25:04.356606 co2: 'data: "M 55146 52523 421.96 55.0 0.0 0.0 807 55.0 55.0 00\r\n"' @ 35.7925494 -106.6863338 1925.76363441
2020-05-16 19:25:05.347992 co2: 'data: "M 55146 52515 423.35 55.0 0.0 0.0 807 55.0 54.9 00\r\n"' @ 35.7925487 -106.6863317 1925.73363442
2020-05-16 19:25:06.355820 co2: 'data: "M 55146 52510 424.28 55.0 0.0 0.0 807 55.0 54.9 00\r\n"' @ 35.7925488 -106.6863324 1925.7036341
2020-05-16 19:25:07.362078 co2: 'data: "M 55146 52514 423.61 55.0 0.0 0.0 807 55.0 55.0 00\r\n"' @ 35.7925477 -106.6863345 1925.65362975
2020-05-16 19:25:08.355091 co2: 'data: "M 55146 52522 422.28 55.0 0.0 0.0 807 55.0 55.0 00\r\n"' @ 35.7925464 -106.6863359 1925.61362549
2020-05-16 19:25:09.361263 co2: 'data: "M 55146 52529 420.87 55.0 0.0 0.0 807 55.0 55.0 00\r\n"' @ 35.7925463 -106.6863359 1925.43362525
2020-05-16 19:25:10.353170 co2: 'data: "M 55146 52525 421.37 55.0 0.0 0.0 807 55.0 55.0 00\r\n"' @ 35.7925469 -106.6863359 1925.30362669