2020-05-16 17:39:12.174020 co2: 'data: "M 55181 52553 422.10 55.0 0.0 0.0 808 55.0 55.0 00\r\n"' @ 35.7925491 -106.6863011 1926.67366017
2020-05-16 17:39:13.173652 co2: 'data: "M 55181 52544 423.72 55.0 0.0 0.0 808 55.0 55.0 00\r\n"' @ 35.7925488 -106.6863015 1926.89365912
2020-05-16 17:39:14.175747 co2: 'data: "M 55181 52539 424.51 55.0 0.0 0.0 808 55.0 55.0 00\r\n"' @ 35.7925487 -106.6863021 1926.9036584
2020-05-16 17:39:15.174093 co2: 'data: "M 55181 52538 424.64 55.0 0.0 0.0 808 55.0 55.0 00\r\n"' @ 35.7925481 -106.6863035 1927.05365582
2020-05-16 17:39:16.175636 co2: 'data: "M 55181 52542 423.97 55.0 0.0 0.0 808 55.0 55.0 00\r\n"' @ 35.792548 -106.6863033 1927.14365574
2020-05-16 17:39:17.173445 co2: 'data: "M 55181 52544 423.78 55.0 0.0 0.0 808 55.0 55.0 00\r\n"' @ 35.7925478 -106.686302 1927.13365631
2020-05-16 17:39:18.175453 co2: 'data: "M 55181 52538 424.69 55.0 0.0 0.0 808 55.0 55.0 00\r\n"' @ 35.792548 -106.6863006 1927.09365793
2020-05-16 17:39:19.176027 co2: 'data: "M 55181 52533 425.85 55.0 0.0 0.0 808 55.0 55.0 00\r\n"' @ 35.7925484 -106.6863002 1927.08365921
2020-05-16 17:39:20.175109 co2: 'data: "M 55181 52528 426.68 55.0 0.0 0.0 808 55.0 55.0 00\r\n"' @ 35.7925486 -106.6863006 1927.02365937
2020-05-16 17:39:21.175972 co2: 'data: "M 55181 52533 425.83 55.0 0.0 0.0 808 55.0 54.9 00\r\n"' @ 35.7925485 -106.6863009 1926.99365889
2020-05-16 17:39:22.175723 co2: 'data: "M 55181 52540 424.50 55.0 0.0 0.0 808 55.0 55.0 00\r\n"' @ 35.7925483 -106.6863008 1926.91365849
2020-05-16 17:39:23.175049 co2: 'data: "M 55181 52545 423.48 55.0 0.0 0.0 808 55.0 54.9 00\r\n"' @ 35.7925486 -106.6863013 1926.8436588
2020-05-16 17:39:24.174156 co2: 'data: "M 55181 52547 423.19 55.0 0.0 0.0 808 55.0 55.0 00\r\n"' @ 35.792549 -106.6863021 1926.78365912
2020-05-16 17:39:25.175262 co2: 'data: "M 55181 52539 424.63 55.0 0.0 0.0 808 55.0 55.0 00\r\n"' @ 35.7925496 -106.6863022 1926.73366048
2020-05-16 17:39:26.173962 co2: 'data: "M 55181 52529 426.45 55.0 0.0 0.0 808 55.0 55.1 00\r\n"' @ 35.7925496 -106.6863034 1926.72365951
2020-05-16 17:39:27.174637 co2: 'data: "M 55181 52524 427.53 55.0 0.0 0.0 808 55.0 55.0 00\r\n"' @ 35.7925488 -106.6863046 1927.11365661
2020-05-16 17:39:28.173098 co2: 'data: "M 55181 52527 426.95 55.0 0.0 0.0 808 55.0 55.0 00\r\n"' @ 35.792548 -106.6863051 1927.12365428
LOG: data: "DDSA at 0, 27.7587356567, 17.7938079834, 4.13515949249"
2020-05-16 17:39:29.175743 co2: 'data: "M 55181 52534 425.78 55.0 0.0 0.0 808 55.0 55.0 00\r\n"' @ 35.7925489 -106.6863033 1927.03365791
2020-05-16 17:39:30.173031 co2: 'data: "M 55181 52536 425.25 55.0 0.0 0.0 808 55.0 55.0 00\r\n"' @ 35.79255 -106.686303 1926.99366079
2020-05-16 17:39:31.175837 co2: 'data: "M 55181 52537 425.03 55.0 0.0 0.0 808 55.0 55.0 00\r\n"' @ 35.7925472 -106.686307 1927.07365082
LOG: data: "DDSA at 1, 27.7587356567, 17.7938079834, 4.13515949249"
2020-05-16 17:39:32.175898 co2: 'data: "M 55181 52532 425.93 55.0 0.0 0.0 808 55.0 55.0 00\r\n"' @ 35.7925443 -106.6863082 1927.11364288
2020-05-16 17:39:33.175591 co2: 'data: "M 55181 52533 425.78 55.0 0.0 0.0 808 55.0 55.0 00\r\n"' @ 35.7925431 -106.6863075 1927.12364056
2020-05-16 17:39:34.175826 co2: 'data: "M 55181 52542 424.21 55.0 0.0 0.0 808 55.0 55.0 00\r\n"' @ 35.7925436 -106.6863062 1927.18364281
2020-05-16 17:39:35.175598 co2: 'data: "M 55181 52550 422.55 55.0 0.0 0.0 808 55.0 55.0 00\r\n"' @ 35.7925436 -106.6863046 1927.20364411
2020-05-16 17:39:36.176059 co2: 'data: "M 55181 52554 421.80 55.0 0.0 0.0 808 55.0 55.0 00\r\n"' @ 35.7925436 -106.686303 1927.23364541
2020-05-16 17:39:37.173757 co2: 'data: "M 55181 52545 423.31 55.0 0.0 0.0 808 55.0 55.0 00\r\n"' @ 35.7925486 -106.6863037 1927.19365686
LOG: data: "DDSA at 2, 27.7587356567, 18.7938079834, 4.13515949249"
2020-05-16 17:39:38.175445 co2: 'data: "M 55181 52533 425.54 55.0 0.0 0.0 808 55.0 55.0 00\r\n"' @ 35.7925528 -106.6863058 1927.20366526
2020-05-16 17:39:39.173972 co2: 'data: "M 55181 52527 426.76 55.0 0.0 0.0 808 55.0 55.0 00\r\n"' @ 35.7925547 -106.6863067 1927.1936691
2020-05-16 17:39:40.175753 co2: 'data: "M 55181 52531 426.24 55.0 0.0 0.0 808 55.0 55.0 00\r\n"' @ 35.7925545 -106.6863066 1927.1736687
2020-05-16 17:39:41.173065 co2: 'data: "M 55181 52541 424.57 55.0 0.0 0.0 808 55.0 55.0 00\r\n"' @ 35.7925536 -106.6863061 1927.10366694
2020-05-16 17:39:42.173248 co2: 'data: "M 55181 52542 423.96 55.0 0.0 0.0 808 55.0 55.0 00\r\n"' @ 35.792553 -106.6863041 1927.11366712
LOG: data: "DDSA at 3, 28.7587356567, 18.7938079834, 4.13515949249"
2020-05-16 17:39:43.173592 co2: 'data: "M 55181 52539 424.52 55.0 0.0 0.0 808 55.0 55.0 00\r\n"' @ 35.7925532 -106.6862979 1927.11367262
2020-05-16 17:39:44.175063 co2: 'data: "M 55181 52529 426.20 55.0 0.0 0.0 808 55.0 55.0 00\r\n"' @ 35.7925533 -106.686294 1927.12367602
2020-05-16 17:39:45.175508 co2: 'data: "M 55181 52525 427.22 55.0 0.0 0.0 808 55.0 55.0 00\r\n"' @ 35.7925533 -106.6862935 1927.13367642
LOG: data: "DDSA at 4, 28.7587356567, 17.7938079834, 4.13515949249"
2020-05-16 17:39:46.175819 co2: 'data: "M 55181 52531 426.32 55.0 0.0 0.0 808 55.0 55.0 00\r\n"' @ 35.7925528 -106.6862944 1927.13367449
2020-05-16 17:39:47.175715 co2: 'data: "M 55181 52536 425.38 55.0 0.0 0.0 808 55.0 55.0 00\r\n"' @ 35.7925516 -106.6862946 1927.14367144
2020-05-16 17:39:48.173262 co2: 'data: "M 55181 52538 424.94 55.0 0.0 0.0 808 55.0 55.0 00\r\n"' @ 35.7925472 -106.6862943 1927.13366111
LOG: data: "DDSA at 5, 28.7587356567, 16.7938079834, 4.13515949249"
2020-05-16 17:39:49.175088 co2: 'data: "M 55181 52524 426.97 55.0 0.0 0.0 808 55.0 55.0 00\r\n"' @ 35.792544 -106.6862939 1927.14365374
2020-05-16 17:39:50.173906 co2: 'data: "M 55181 52514 429.16 55.0 0.0 0.0 808 55.0 55.0 00\r\n"' @ 35.7925414 -106.686294 1927.13364741
2020-05-16 17:39:51.175032 co2: 'data: "M 55181 52515 429.37 55.0 0.0 0.0 808 55.0 55.0 00\r\n"' @ 35.7925372 -106.6862943 1927.18363706
LOG: data: "DDSA at 6, 27.7587356567, 16.7938079834, 4.13515949249"
2020-05-16 17:39:52.173842 co2: 'data: "M 55181 52520 428.84 55.0 0.0 0.0 808 55.0 55.0 00\r\n"' @ 35.7925347 -106.6862945 1927.20363089
2020-05-16 17:39:53.174729 co2: 'data: "M 55181 52531 426.86 55.0 0.0 0.0 808 55.0 55.0 00\r\n"' @ 35.7925343 -106.6862962 1927.20362855
2020-05-16 17:39:54.174156 co2: 'data: "M 55181 52536 425.44 55.0 0.0 0.0 808 55.0 55.0 00\r\n"' @ 35.7925347 -106.6863019 1927.2336249
2020-05-16 17:39:55.175776 co2: 'data: "M 55181 52535 425.26 55.0 0.0 0.0 808 55.0 55.0 00\r\n"' @ 35.7925349 -106.6863053 1927.20362262
2020-05-16 17:39:56.174814 co2: 'data: "M 55181 52524 426.80 55.0 0.0 0.0 808 55.0 55.0 00\r\n"' @ 35.7925351 -106.6863081 1927.16362084
LOG: data: "DDSA at 7, 26.7587356567, 16.7938079834, 4.13515949249"
2020-05-16 17:39:57.175068 co2: 'data: "M 55181 52511 429.50 55.0 0.0 0.0 808 55.0 54.9 00\r\n"' @ 35.7925351 -106.6863132 1927.14361671
2020-05-16 17:39:58.175086 co2: 'data: "M 55181 52510 430.32 55.0 0.0 0.0 808 55.0 55.0 00\r\n"' @ 35.7925348 -106.6863161 1927.17361364
2020-05-16 17:39:59.175400 co2: 'data: "M 55181 52519 429.14 55.0 0.0 0.0 808 55.0 55.0 00\r\n"' @ 35.7925345 -106.6863169 1927.13361227
2020-05-16 17:40:00.174798 co2: 'data: "M 55181 52536 426.07 55.0 0.0 0.0 808 55.0 55.0 00\r\n"' @ 35.7925345 -106.6863167 1927.14361243
2020-05-16 17:40:01.175308 co2: 'data: "M 55181 52542 424.10 55.0 0.0 0.0 808 55.0 55.0 00\r\n"' @ 35.7925359 -106.6863161 1927.13361628
2020-05-16 17:40:02.175779 co2: 'data: "M 55181 52532 425.20 55.0 0.0 0.0 808 55.0 55.0 00\r\n"' @ 35.792541 -106.686316 1927.13362863
LOG: data: "DDSA at 8, 26.7587356567, 17.7938079834, 4.13515949249"
2020-05-16 17:40:03.173223 co2: 'data: "M 55181 52524 427.10 55.0 0.0 0.0 808 55.0 55.0 00\r\n"' @ 35.7925446 -106.6863163 1927.10363704
2020-05-16 17:40:04.174612 co2: 'data: "M 55181 52528 427.17 55.0 0.0 0.0 808 55.0 55.0 00\r\n"' @ 35.7925451 -106.6863162 1927.12363832
2020-05-16 17:40:05.173405 co2: 'data: "M 55181 52542 424.92 55.0 0.0 0.0 808 55.0 55.0 00\r\n"' @ 35.7925446 -106.6863162 1927.17363712
2020-05-16 17:40:06.174734 co2: 'data: "M 55181 52554 422.29 55.0 0.0 0.0 808 55.0 55.0 00\r\n"' @ 35.7925439 -106.6863158 1927.15363576
2020-05-16 17:40:07.173427 co2: 'data: "M 55181 52559 420.92 55.0 0.0 0.0 808 55.0 55.0 00\r\n"' @ 35.7925447 -106.6863161 1927.15363744
2020-05-16 17:40:08.175186 co2: 'data: "M 55181 52555 420.97 55.0 0.0 0.0 808 55.0 55.0 00\r\n"' @ 35.7925494 -106.6863166 1927.14364834
LOG: data: "DDSA at 9, 26.7587356567, 18.7938079834, 4.13515949249"
2020-05-16 17:40:09.175211 co2: 'data: "M 55181 52552 421.85 55.0 0.0 0.0 808 55.0 55.0 00\r\n"' @ 35.7925532 -106.6863173 1927.12365691
2020-05-16 17:40:10.174815 co2: 'data: "M 55181 52554 421.70 55.0 0.0 0.0 808 55.0 55.0 00\r\n"' @ 35.7925552 -106.686318 1927.14366115
2020-05-16 17:40:11.175295 co2: 'data: "M 55181 52553 421.77 55.0 0.0 0.0 808 55.0 54.9 00\r\n"' @ 35.7925552 -106.686318 1927.12366115
2020-05-16 17:40:12.176090 co2: 'data: "M 55181 52556 421.36 55.0 0.0 0.0 808 55.0 55.0 00\r\n"' @ 35.7925543 -106.6863169 1927.14365988
2020-05-16 17:40:13.175077 co2: 'data: "M 55181 52553 421.34 55.0 0.0 0.0 808 55.0 55.0 00\r\n"' @ 35.7925543 -106.6863157 1927.15366085
2020-05-16 17:40:14.173786 co2: 'data: "M 55181 52542 423.11 55.0 0.0 0.0 808 55.0 54.9 00\r\n"' @ 35.7925594 -106.6863165 1927.17367246
LOG: data: "DDSA at 10, 26.7587356567, 19.7938079834, 4.13515949249"
2020-05-16 17:40:15.175024 co2: 'data: "M 55181 52542 424.94 55.0 0.0 0.0 808 55.0 54.9 00\r\n"' @ 35.7925628 -106.6863161 1927.19368096
2020-05-16 17:40:16.173743 co2: 'data: "M 55181 52534 425.51 55.0 0.0 0.0 808 55.0 55.0 00\r\n"' @ 35.7925635 -106.6863167 1927.19368216
2020-05-16 17:40:17.174722 co2: 'data: "M 55181 52536 423.98 55.0 0.0 0.0 808 55.0 55.0 00\r\n"' @ 35.7925634 -106.686317 1927.21368167
2020-05-16 17:40:18.173112 co2: 'data: "M 55181 52547 422.24 55.0 0.0 0.0 808 55.0 55.0 00\r\n"' @ 35.7925633 -106.6863168 1927.2136816
2020-05-16 17:40:19.175026 co2: 'data: "M 55181 52554 420.98 55.0 0.0 0.0 808 55.0 55.0 00\r\n"' @ 35.7925634 -106.6863155 1927.20368289
LOG: data: "DDSA at 11, 27.7587356567, 19.7938079834, 4.13515949249"
2020-05-16 17:40:20.173634 co2: 'data: "M 55181 52560 420.43 55.0 0.0 0.0 808 55.0 55.0 00\r\n"' @ 35.7925636 -106.6863106 1927.18368734
2020-05-16 17:40:21.174569 co2: 'data: "M 55181 52558 421.87 55.0 0.0 0.0 808 55.0 55.0 00\r\n"' @ 35.7925642 -106.6863067 1927.19369194
2020-05-16 17:40:22.173600 co2: 'data: "M 55181 52549 423.04 55.0 0.0 0.0 808 55.0 55.0 00\r\n"' @ 35.7925635 -106.686305 1927.19369163
2020-05-16 17:40:23.175148 co2: 'data: "M 55181 52546 423.51 55.0 0.0 0.0 808 55.0 54.9 00\r\n"' @ 35.7925625 -106.6863049 1927.19368931
2020-05-16 17:40:24.176736 co2: 'data: "M 55181 52545 423.08 55.0 0.0 0.0 808 55.0 54.9 00\r\n"' @ 35.7925617 -106.6863042 1927.16368795
2020-05-16 17:40:25.176444 co2: 'data: "M 55181 52549 422.22 55.0 0.0 0.0 808 55.0 55.0 00\r\n"' @ 35.7925619 -106.6862992 1927.15369248
LOG: data: "DDSA at 12, 28.7587356567, 19.7938079834, 4.13515949249"
2020-05-16 17:40:26.175865 co2: 'data: "M 55181 52553 421.80 55.0 0.0 0.0 808 55.0 55.0 00\r\n"' @ 35.7925619 -106.6862949 1927.10369597
2020-05-16 17:40:27.173108 co2: 'data: "M 55181 52555 421.49 55.0 0.0 0.0 808 55.0 55.0 00\r\n"' @ 35.792562 -106.6862933 1927.1136975
2020-05-16 17:40:28.174791 co2: 'data: "M 55181 52554 421.87 55.0 0.0 0.0 808 55.0 55.0 00\r\n"' @ 35.792562 -106.6862934 1927.14369742
2020-05-16 17:40:29.173759 co2: 'data: "M 55181 52551 421.97 55.0 0.0 0.0 808 55.0 55.0 00\r\n"' @ 35.7925619 -106.6862941 1927.15369661
2020-05-16 17:40:30.176307 co2: 'data: "M 55181 52554 421.29 55.0 0.0 0.0 808 55.0 55.0 00\r\n"' @ 35.7925619 -106.6862933 1927.16369726
2020-05-16 17:40:31.173153 co2: 'data: "M 55181 52559 420.30 55.0 0.0 0.0 808 55.0 55.0 00\r\n"' @ 35.7925618 -106.6862873 1927.15370188
LOG: data: "DDSA at 13, 29.7587356567, 19.7938079834, 4.13515949249"
2020-05-16 17:40:32.175670 co2: 'data: "M 55181 52563 419.91 55.0 0.0 0.0 808 55.0 55.0 00\r\n"' @ 35.7925624 -106.6862834 1927.16370648
2020-05-16 17:40:33.173515 co2: 'data: "M 55181 52560 421.18 55.0 0.0 0.0 808 55.0 55.0 00\r\n"' @ 35.7925627 -106.686282 1927.20370834
2020-05-16 17:40:34.175023 co2: 'data: "M 55181 52552 422.63 55.0 0.0 0.0 808 55.0 55.0 00\r\n"' @ 35.7925616 -106.6862815 1927.2137061
LOG: data: "DDSA at 14, 29.7587356567, 18.7938079834, 4.13515949249"
2020-05-16 17:40:35.176419 co2: 'data: "M 55181 52545 423.91 55.0 0.0 0.0 808 55.0 55.0 00\r\n"' @ 35.7925601 -106.6862814 1927.16370257
2020-05-16 17:40:36.175890 co2: 'data: "M 55181 52540 424.13 55.0 0.0 0.0 808 55.0 55.0 00\r\n"' @ 35.7925594 -106.6862823 1927.13370016
2020-05-16 17:40:37.175252 co2: 'data: "M 55181 52545 422.67 55.0 0.0 0.0 808 55.0 55.1 00\r\n"' @ 35.7925565 -106.6862832 1927.13369246
LOG: data: "DDSA at 15, 29.7587356567, 17.7938079834, 4.13515949249"
2020-05-16 17:40:38.175066 co2: 'data: "M 55181 52555 421.15 55.0 0.0 0.0 808 55.0 55.0 00\r\n"' @ 35.7925541 -106.6862836 1927.16368636
2020-05-16 17:40:39.175523 co2: 'data: "M 55181 52560 420.45 55.0 0.0 0.0 808 55.0 55.0 00\r\n"' @ 35.792553 -106.686284 1927.1736834
2020-05-16 17:40:40.175661 co2: 'data: "M 55181 52557 421.60 55.0 0.0 0.0 808 55.0 55.0 00\r\n"' @ 35.7925482 -106.6862839 1927.18367194
2020-05-16 17:40:41.174953 co2: 'data: "M 55181 52550 422.43 55.0 0.0 0.0 808 55.0 55.0 00\r\n"' @ 35.7925445 -106.686284 1927.18366296
LOG: data: "DDSA at 16, 29.7587356567, 16.7938079834, 4.13515949249"
2020-05-16 17:40:42.173394 co2: 'data: "M 55181 52551 422.14 55.0 0.0 0.0 808 55.0 54.9 00\r\n"' @ 35.792542 -106.6862839 1927.15365703
2020-05-16 17:40:43.175845 co2: 'data: "M 55181 52553 421.57 55.0 0.0 0.0 808 55.0 55.0 00\r\n"' @ 35.7925381 -106.6862841 1927.12364749
2020-05-16 17:40:44.173960 co2: 'data: "M 55181 52559 420.55 55.0 0.0 0.0 808 55.0 55.0 00\r\n"' @ 35.7925364 -106.6862842 1927.09364332
LOG: data: "DDSA at 17, 29.7587356567, 15.7938079834, 4.13515949249"
2020-05-16 17:40:45.174884 co2: 'data: "M 55181 52560 420.98 55.0 0.0 0.0 808 55.0 55.0 00\r\n"' @ 35.7925358 -106.6862836 1927.14364236
2020-05-16 17:40:46.174141 co2: 'data: "M 55181 52553 422.37 55.0 0.0 0.0 808 55.0 55.0 00\r\n"' @ 35.7925346 -106.6862826 1927.18364029
2020-05-16 17:40:47.175743 co2: 'data: "M 55181 52546 423.53 55.0 0.0 0.0 808 55.0 55.0 00\r\n"' @ 35.7925292 -106.6862819 1927.13362787
2020-05-16 17:40:48.174309 co2: 'data: "M 55181 52543 423.55 55.0 0.0 0.0 808 55.0 55.0 00\r\n"' @ 35.7925258 -106.686282 1927.16361962
2020-05-16 17:40:49.175252 co2: 'data: "M 55181 52548 422.56 55.0 0.0 0.0 808 55.0 54.9 00\r\n"' @ 35.7925246 -106.6862839 1927.19361519
2020-05-16 17:40:50.175743 co2: 'data: "M 55181 52552 422.04 55.0 0.0 0.0 808 55.0 55.0 00\r\n"' @ 35.7925252 -106.686291 1927.19361088
LOG: data: "DDSA at 18, 28.7587356567, 15.7938079834, 4.13515949249"
2020-05-16 17:40:51.175794 co2: 'data: "M 55181 52553 421.75 55.0 0.0 0.0 808 55.0 55.0 00\r\n"' @ 35.792526 -106.6862954 1927.22360924
2020-05-16 17:40:52.175136 co2: 'data: "M 55181 52553 422.29 55.0 0.0 0.0 808 55.0 55.0 00\r\n"' @ 35.7925262 -106.6862959 1927.18360932
2020-05-16 17:40:53.173957 co2: 'data: "M 55181 52544 424.17 55.0 0.0 0.0 808 55.0 55.1 00\r\n"' @ 35.792526 -106.6862951 1927.11360949
2020-05-16 17:40:54.175761 co2: 'data: "M 55181 52532 426.40 55.0 0.0 0.0 808 55.0 55.0 00\r\n"' @ 35.7925259 -106.6862941 1927.12361006
2020-05-16 17:40:55.174172 co2: 'data: "M 55181 52521 428.17 55.0 0.0 0.0 808 55.0 55.0 00\r\n"' @ 35.7925261 -106.6862945 1927.14361021
2020-05-16 17:40:56.175705 co2: 'data: "M 55181 52521 428.01 55.0 0.0 0.0 808 55.0 55.0 00\r\n"' @ 35.7925269 -106.6863003 1927.16360744
LOG: data: "DDSA at 19, 27.7587356567, 15.7938079834, 4.13515949249"
2020-05-16 17:40:57.174307 co2: 'data: "M 55181 52524 427.45 55.0 0.0 0.0 808 55.0 55.0 00\r\n"' @ 35.7925272 -106.6863049 1927.14360443
2020-05-16 17:40:58.175203 co2: 'data: "M 55181 52526 427.05 55.0 0.0 0.0 808 55.0 55.0 00\r\n"' @ 35.7925266 -106.6863067 1927.14360153
2020-05-16 17:40:59.174274 co2: 'data: "M 55181 52526 427.30 55.0 0.0 0.0 808 55.0 55.0 00\r\n"' @ 35.7925258 -106.6863068 1927.16359953
LOG: data: "DDSA at 20, 26.7587356567, 15.7938079834, 4.13515949249"
2020-05-16 17:41:00.175463 co2: 'data: "M 55181 52523 427.69 55.0 0.0 0.0 808 55.0 55.0 00\r\n"' @ 35.7925257 -106.6863058 1927.1736001
2020-05-16 17:41:01.173677 co2: 'data: "M 55181 52525 427.23 55.0 0.0 0.0 808 55.0 55.0 00\r\n"' @ 35.7925263 -106.6863063 1927.15360114
2020-05-16 17:41:02.176432 co2: 'data: "M 55181 52530 426.08 55.0 0.0 0.0 808 55.0 55.0 00\r\n"' @ 35.7925268 -106.686311 1927.17359853
2020-05-16 17:41:03.175202 co2: 'data: "M 55181 52540 424.35 55.0 0.0 0.0 808 55.0 55.0 00\r\n"' @ 35.792527 -106.6863145 1927.21359618
2020-05-16 17:41:04.176210 co2: 'data: "M 55181 52540 424.71 55.0 0.0 0.0 808 55.0 55.0 00\r\n"' @ 35.7925275 -106.6863184 1927.19359422
LOG: data: "DDSA at 21, 25.7587356567, 15.7938079834, 4.13515949249"
2020-05-16 17:41:05.175982 co2: 'data: "M 55181 52530 426.57 55.0 0.0 0.0 808 55.0 55.0 00\r\n"' @ 35.7925271 -106.686326 1927.1435871
2020-05-16 17:41:06.173543 co2: 'data: "M 55181 52522 428.02 55.0 0.0 0.0 808 55.0 55.0 00\r\n"' @ 35.7925273 -106.6863304 1927.13358402
2020-05-16 17:41:07.175444 co2: 'data: "M 55181 52519 428.54 55.0 0.0 0.0 808 55.0 55.0 00\r\n"' @ 35.7925281 -106.6863305 1927.14358586
2020-05-16 17:41:08.174313 co2: 'data: "M 55181 52524 427.35 55.0 0.0 0.0 808 55.0 55.0 00\r\n"' @ 35.7925287 -106.6863293 1927.15358828
2020-05-16 17:41:09.175223 co2: 'data: "M 55181 52534 425.49 55.0 0.0 0.0 808 55.0 55.0 00\r\n"' @ 35.7925297 -106.6863284 1927.17359141
2020-05-16 17:41:10.173109 co2: 'data: "M 55181 52539 424.60 55.0 0.0 0.0 808 55.0 55.0 00\r\n"' @ 35.7925337 -106.686328 1927.18360135
LOG: data: "DDSA at 22, 25.7587356567, 16.7938079834, 4.13515949249"
2020-05-16 17:41:11.175950 co2: 'data: "M 55181 52538 425.07 55.0 0.0 0.0 808 55.0 55.0 00\r\n"' @ 35.7925361 -106.6863274 1927.14360761
2020-05-16 17:41:12.174716 co2: 'data: "M 55181 52530 426.49 55.0 0.0 0.0 808 55.0 55.0 00\r\n"' @ 35.7925366 -106.6863269 1927.17360922
2020-05-16 17:41:13.175739 co2: 'data: "M 55181 52528 426.81 55.0 0.0 0.0 808 55.0 55.0 00\r\n"' @ 35.7925361 -106.6863275 1927.19360753
2020-05-16 17:41:14.175391 co2: 'data: "M 55181 52529 426.63 55.0 0.0 0.0 808 55.0 55.0 00\r\n"' @ 35.7925352 -106.6863283 1927.19360472
2020-05-16 17:41:15.175825 co2: 'data: "M 55181 52533 425.63 55.0 0.0 0.0 808 55.0 55.0 00\r\n"' @ 35.7925354 -106.6863286 1927.18360496
2020-05-16 17:41:16.176084 co2: 'data: "M 55181 52539 424.67 55.0 0.0 0.0 808 55.0 54.9 00\r\n"' @ 35.7925404 -106.6863285 1927.15361706
LOG: data: "DDSA at 23, 25.7587356567, 17.7938079834, 4.13515949249"
2020-05-16 17:41:17.175180 co2: 'data: "M 55181 52539 424.72 55.0 0.0 0.0 808 55.0 55.0 00\r\n"' @ 35.7925447 -106.6863278 1927.14362797
2020-05-16 17:41:18.175413 co2: 'data: "M 55181 52535 425.46 55.0 0.0 0.0 808 55.0 55.0 00\r\n"' @ 35.7925464 -106.6863273 1927.13363246
2020-05-16 17:41:19.173370 co2: 'data: "M 55181 52531 426.00 55.0 0.0 0.0 808 55.0 55.1 00\r\n"' @ 35.7925461 -106.686327 1927.18363198
2020-05-16 17:41:20.175693 co2: 'data: "M 55181 52538 424.83 55.0 0.0 0.0 808 55.0 55.0 00\r\n"' @ 35.7925442 -106.686327 1927.23362741
2020-05-16 17:41:21.173805 co2: 'data: "M 55181 52545 423.35 55.0 0.0 0.0 808 55.0 55.0 00\r\n"' @ 35.7925434 -106.6863282 1927.25362452
2020-05-16 17:41:22.176035 co2: 'data: "M 55181 52551 422.15 55.0 0.0 0.0 808 55.0 55.0 00\r\n"' @ 35.7925481 -106.6863286 1927.22363549
LOG: data: "DDSA at 24, 25.7587356567, 18.7938079834, 4.13515949249"
2020-05-16 17:41:23.173606 co2: 'data: "M 55181 52556 421.46 55.0 0.0 0.0 808 55.0 55.0 00\r\n"' @ 35.792553 -106.6863284 1927.14364744
2020-05-16 17:41:24.175155 co2: 'data: "M 55181 52548 422.70 55.0 0.0 0.0 808 55.0 55.0 00\r\n"' @ 35.792555 -106.6863279 1927.11365265
2020-05-16 17:41:25.174222 co2: 'data: "M 55181 52541 424.16 55.0 0.0 0.0 808 55.0 55.0 00\r\n"' @ 35.7925548 -106.6863276 1927.12365241
2020-05-16 17:41:26.175456 co2: 'data: "M 55181 52540 424.35 55.0 0.0 0.0 808 55.0 55.0 00\r\n"' @ 35.7925527 -106.6863274 1927.14364752
2020-05-16 17:41:27.175786 co2: 'data: "M 55181 52545 423.65 55.0 0.0 0.0 808 55.0 55.0 00\r\n"' @ 35.7925521 -106.6863268 1927.14364657
2020-05-16 17:41:28.174970 co2: 'data: "M 55181 52545 423.54 55.0 0.0 0.0 808 55.0 55.1 00\r\n"' @ 35.7925575 -106.6863264 1927.11365988
LOG: data: "DDSA at 25, 25.7587356567, 19.7938079834, 4.13515949249"
2020-05-16 17:41:29.175358 co2: 'data: "M 55181 52541 424.26 55.0 0.0 0.0 808 55.0 55.0 00\r\n"' @ 35.7925631 -106.6863272 1927.11367269
2020-05-16 17:41:30.174077 co2: 'data: "M 55181 52538 424.83 55.0 0.0 0.0 808 55.0 55.0 00\r\n"' @ 35.7925648 -106.6863274 1927.09367662
2020-05-16 17:41:31.174872 co2: 'data: "M 55181 52532 425.89 55.0 0.0 0.0 808 55.0 54.9 00\r\n"' @ 35.7925641 -106.6863265 1927.09367566
2020-05-16 17:41:32.173439 co2: 'data: "M 55181 52530 426.25 55.0 0.0 0.0 808 55.0 55.0 00\r\n"' @ 35.7925628 -106.6863261 1927.10367286
2020-05-16 17:41:33.175730 co2: 'data: "M 55181 52535 425.55 55.0 0.0 0.0 808 55.0 54.9 00\r\n"' @ 35.7925622 -106.6863261 1927.12367142
2020-05-16 17:41:34.174219 co2: 'data: "M 55181 52542 424.17 55.0 0.0 0.0 808 55.0 55.0 00\r\n"' @ 35.7925667 -106.6863279 1927.11368078
LOG: data: "DDSA at 26, 25.7587356567, 20.7938079834, 4.13515949249"
2020-05-16 17:41:35.175522 co2: 'data: "M 55181 52546 423.37 55.0 0.0 0.0 808 55.0 55.0 00\r\n"' @ 35.7925715 -106.6863297 1927.11369086
2020-05-16 17:41:36.173348 co2: 'data: "M 55181 52537 424.74 55.0 0.0 0.0 808 55.0 55.0 00\r\n"' @ 35.7925732 -106.6863294 1927.1436952
2020-05-16 17:41:37.175078 co2: 'data: "M 55181 52528 426.44 55.0 0.0 0.0 808 55.0 55.0 00\r\n"' @ 35.7925726 -106.6863278 1927.19369505
2020-05-16 17:41:38.175452 co2: 'data: "M 55181 52527 426.96 55.0 0.0 0.0 808 55.0 55.0 00\r\n"' @ 35.792571 -106.6863264 1927.21369234
2020-05-16 17:41:39.175154 co2: 'data: "M 55181 52534 425.93 55.0 0.0 0.0 808 55.0 54.9 00\r\n"' @ 35.7925692 -106.6863247 1927.16368938
LOG: data: "DDSA at 27, 26.7587356567, 20.7938079834, 4.13515949249"
2020-05-16 17:41:40.175210 co2: 'data: "M 55181 52545 423.89 55.0 0.0 0.0 808 55.0 55.0 00\r\n"' @ 35.7925695 -106.6863193 1927.13369448
2020-05-16 17:41:41.176005 co2: 'data: "M 55181 52550 422.55 55.0 0.0 0.0 808 55.0 55.0 00\r\n"' @ 35.7925708 -106.6863158 1927.16370044
2020-05-16 17:41:42.173422 co2: 'data: "M 55181 52552 421.99 55.0 0.0 0.0 808 55.0 55.0 00\r\n"' @ 35.7925714 -106.686315 1927.15370253
LOG: data: "DDSA at 28, 27.7587356567, 20.7938079834, 4.13515949249"
2020-05-16 17:41:43.174972 co2: 'data: "M 55181 52546 422.99 55.0 0.0 0.0 808 55.0 55.0 00\r\n"' @ 35.7925719 -106.6863161 1927.14370284
2020-05-16 17:41:44.175864 co2: 'data: "M 55181 52544 423.56 55.0 0.0 0.0 808 55.0 55.0 00\r\n"' @ 35.7925726 -106.6863166 1927.15370412
2020-05-16 17:41:45.174265 co2: 'data: "M 55181 52545 423.41 55.0 0.0 0.0 808 55.0 55.0 00\r\n"' @ 35.7925723 -106.686311 1927.15370793
2020-05-16 17:41:46.175363 co2: 'data: "M 55181 52546 423.26 55.0 0.0 0.0 808 55.0 55.0 00\r\n"' @ 35.792572 -106.6863053 1927.17371183
2020-05-16 17:41:47.173307 co2: 'data: "M 55181 52548 422.90 55.0 0.0 0.0 808 55.0 55.0 00\r\n"' @ 35.7925719 -106.6863017 1927.1737145
LOG: data: "DDSA at 29, 28.7587356567, 20.7938079834, 4.13515949249"
2020-05-16 17:41:48.176422 co2: 'data: "M 55181 52544 423.32 55.0 0.0 0.0 808 55.0 55.0 00\r\n"' @ 35.7925706 -106.6862958 1927.16371616
2020-05-16 17:41:49.173832 co2: 'data: "M 55181 52539 424.32 55.0 0.0 0.0 808 55.0 55.0 00\r\n"' @ 35.7925718 -106.6862951 1927.31371961
2020-05-16 17:41:50.174908 co2: 'data: "M 55181 52533 425.55 55.0 0.0 0.0 808 55.0 55.0 00\r\n"' @ 35.7925722 -106.6862965 1927.25371944
2020-05-16 17:41:51.176122 co2: 'data: "M 55181 52536 425.47 55.0 0.0 0.0 808 55.0 55.0 00\r\n"' @ 35.7925717 -106.6862966 1927.23371815
2020-05-16 17:41:52.175991 co2: 'data: "M 55181 52543 424.19 55.0 0.0 0.0 808 55.0 55.0 00\r\n"' @ 35.7925714 -106.6862931 1927.14372027
LOG: data: "DDSA at 30, 29.7587356567, 20.7938079834, 4.13515949249"
2020-05-16 17:41:53.175045 co2: 'data: "M 55181 52549 423.02 55.0 0.0 0.0 808 55.0 55.0 00\r\n"' @ 35.7925712 -106.6862849 1927.12372643
2020-05-16 17:41:54.175390 co2: 'data: "M 55181 52555 421.79 55.0 0.0 0.0 808 55.0 55.0 00\r\n"' @ 35.7925713 -106.6862814 1927.1437295
2020-05-16 17:41:55.174981 co2: 'data: "M 55181 52551 422.01 55.0 0.0 0.0 808 55.0 55.0 00\r\n"' @ 35.7925714 -106.6862821 1927.12372917
2020-05-16 17:41:56.173450 co2: 'data: "M 55181 52540 423.81 55.0 0.0 0.0 808 55.0 55.0 00\r\n"' @ 35.7925725 -106.6862846 1927.09372979
2020-05-16 17:41:57.175736 co2: 'data: "M 55181 52536 425.00 55.0 0.0 0.0 808 55.0 55.0 00\r\n"' @ 35.792574 -106.6862854 1927.10373275
2020-05-16 17:41:58.173555 co2: 'data: "M 55181 52540 424.80 55.0 0.0 0.0 808 55.0 55.0 00\r\n"' @ 35.7925749 -106.6862803 1927.20373905
LOG: data: "DDSA at 31, 30.7587356567, 20.7938079834, 4.13515949249"
2020-05-16 17:41:59.174951 co2: 'data: "M 55181 52547 423.55 55.0 0.0 0.0 808 55.0 55.0 00\r\n"' @ 35.7925749 -106.6862748 1927.2537435
2020-05-16 17:42:00.174383 co2: 'data: "M 55181 52551 422.47 55.0 0.0 0.0 808 55.0 55.0 00\r\n"' @ 35.7925729 -106.6862709 1927.22374185
2020-05-16 17:42:01.175179 co2: 'data: "M 55181 52552 422.02 55.0 0.0 0.0 808 55.0 55.0 00\r\n"' @ 35.7925716 -106.6862705 1927.17373905
LOG: data: "DDSA at 32, 30.7587356567, 19.7938079834, 4.13515949249"
2020-05-16 17:42:02.173203 co2: 'data: "M 55181 52548 422.52 55.0 0.0 0.0 808 55.0 55.0 00\r\n"' @ 35.7925711 -106.6862713 1927.1637372
2020-05-16 17:42:03.175217 co2: 'data: "M 55181 52546 423.18 55.0 0.0 0.0 808 55.0 55.0 00\r\n"' @ 35.7925699 -106.6862715 1927.11373415
2020-05-16 17:42:04.175395 co2: 'data: "M 55181 52550 422.74 55.0 0.0 0.0 808 55.0 55.0 00\r\n"' @ 35.7925653 -106.6862717 1927.13372293
LOG: data: "DDSA at 33, 30.7587356567, 18.7938079834, 4.13515949249"
2020-05-16 17:42:05.175071 co2: 'data: "M 55181 52556 421.79 55.0 0.0 0.0 808 55.0 55.0 00\r\n"' @ 35.7925614 -106.6862707 1927.17371436
2020-05-16 17:42:06.176127 co2: 'data: "M 55181 52559 420.84 55.0 0.0 0.0 808 55.0 55.0 00\r\n"' @ 35.792558 -106.6862703 1927.14370651
2020-05-16 17:42:07.176213 co2: 'data: "M 55181 52551 421.54 55.0 0.0 0.0 808 55.0 54.9 00\r\n"' @ 35.7925545 -106.6862718 1927.10369688
LOG: data: "DDSA at 34, 30.7587356567, 17.7938079834, 4.13515949249"
2020-05-16 17:42:08.175447 co2: 'data: "M 55181 52541 423.46 55.0 0.0 0.0 808 55.0 55.0 00\r\n"' @ 35.7925522 -106.6862726 1927.1336907
2020-05-16 17:42:09.174502 co2: 'data: "M 55181 52531 425.44 55.0 0.0 0.0 808 55.0 55.0 00\r\n"' @ 35.7925505 -106.686273 1927.13368629
2020-05-16 17:42:10.175377 co2: 'data: "M 55181 52528 426.85 55.0 0.0 0.0 808 55.0 55.0 00\r\n"' @ 35.7925461 -106.6862731 1927.12367563
LOG: data: "DDSA at 35, 30.7587356567, 16.7938079834, 4.13515949249"
2020-05-16 17:42:11.173376 co2: 'data: "M 55181 52528 426.14 55.0 0.0 0.0 808 55.0 55.0 00\r\n"' @ 35.792544 -106.6862729 1927.16367075
2020-05-16 17:42:12.175580 co2: 'data: "M 55181 52536 424.28 55.0 0.0 0.0 808 55.0 55.0 00\r\n"' @ 35.7925437 -106.686273 1927.10366994
2020-05-16 17:42:13.175686 co2: 'data: "M 55181 52545 423.09 55.0 0.0 0.0 808 55.0 55.0 00\r\n"' @ 35.7925397 -106.6862717 1927.08366138
2020-05-16 17:42:14.175694 co2: 'data: "M 55181 52548 423.46 55.0 0.0 0.0 808 55.0 55.0 00\r\n"' @ 35.792538 -106.6862705 1927.14365826
LOG: data: "DDSA at 36, 30.7587356567, 15.7938079834, 4.13515949249"
2020-05-16 17:42:15.174107 co2: 'data: "M 55181 52542 424.86 55.0 0.0 0.0 808 55.0 55.1 00\r\n"' @ 35.7925369 -106.6862696 1927.22365635
2020-05-16 17:42:16.175582 co2: 'data: "M 55181 52535 425.56 55.0 0.0 0.0 808 55.0 55.0 00\r\n"' @ 35.792531 -106.6862728 1927.23363957
2020-05-16 17:42:17.174808 co2: 'data: "M 55181 52533 425.71 55.0 0.0 0.0 808 55.0 55.0 00\r\n"' @ 35.7925265 -106.6862734 1927.28362826
LOG: data: "DDSA at 37, 30.7587356567, 14.7938079834, 4.13515949249"
2020-05-16 17:42:18.174860 co2: 'data: "M 55181 52535 424.65 55.0 0.0 0.0 808 55.0 55.0 00\r\n"' @ 35.792526 -106.6862751 1927.23362568
2020-05-16 17:42:19.176154 co2: 'data: "M 55181 52542 424.25 55.0 0.0 0.0 808 55.0 55.0 00\r\n"' @ 35.7925264 -106.6862736 1927.23362786
2020-05-16 17:42:20.175406 co2: 'data: "M 55181 52538 425.86 55.0 0.0 0.0 808 55.0 55.0 00\r\n"' @ 35.7925224 -106.6862724 1927.20361922
LOG: data: "DDSA at 38, 29.7587356567, 14.7938079834, 4.13515949249"
2020-05-16 17:42:21.175019 co2: 'data: "M 55181 52527 428.45 55.0 0.0 0.0 808 55.0 55.0 00\r\n"' @ 35.7925183 -106.6862729 1927.17360895
2020-05-16 17:42:22.173254 co2: 'data: "M 55181 52514 430.18 55.0 0.0 0.0 808 55.0 55.0 00\r\n"' @ 35.7925163 -106.686275 1927.12360244
2020-05-16 17:42:23.174846 co2: 'data: "M 55181 52511 429.37 55.0 0.0 0.0 808 55.0 55.0 00\r\n"' @ 35.7925165 -106.6862815 1927.10359766
2020-05-16 17:42:24.173359 co2: 'data: "M 55181 52520 427.49 55.0 0.0 0.0 808 55.0 55.0 00\r\n"' @ 35.7925168 -106.686284 1927.10359636
2020-05-16 17:42:25.174771 co2: 'data: "M 55181 52530 426.11 55.0 0.0 0.0 808 55.0 55.0 00\r\n"' @ 35.792517 -106.6862851 1927.14359595
LOG: data: "DDSA at 39, 28.7587356567, 14.7938079834, 4.13515949249"
2020-05-16 17:42:26.173773 co2: 'data: "M 55181 52535 425.71 55.0 0.0 0.0 808 55.0 55.0 00\r\n"' @ 35.7925169 -106.6862911 1927.14359085
2020-05-16 17:42:27.175135 co2: 'data: "M 55181 52531 426.77 55.0 0.0 0.0 808 55.0 55.0 00\r\n"' @ 35.7925171 -106.6862952 1927.17358801
2020-05-16 17:42:28.173559 co2: 'data: "M 55181 52525 427.75 55.0 0.0 0.0 808 55.0 55.0 00\r\n"' @ 35.7925169 -106.6862959 1927.17358696
LOG: data: "DDSA at 40, 27.7587356567, 14.7938079834, 4.13515949249"
2020-05-16 17:42:29.175657 co2: 'data: "M 55181 52521 428.13 55.0 0.0 0.0 808 55.0 55.0 00\r\n"' @ 35.7925178 -106.6862954 1927.16358953
2020-05-16 17:42:30.175056 co2: 'data: "M 55181 52523 427.25 55.0 0.0 0.0 808 55.0 55.0 00\r\n"' @ 35.7925195 -106.6862961 1927.22359305
2020-05-16 17:42:31.175740 co2: 'data: "M 55181 52530 426.31 55.0 0.0 0.0 808 55.0 55.0 00\r\n"' @ 35.7925206 -106.6863017 1927.20359116
2020-05-16 17:42:32.175322 co2: 'data: "M 55181 52530 427.00 55.0 0.0 0.0 808 55.0 55.0 00\r\n"' @ 35.792519 -106.6863062 1927.18358366
LOG: data: "DDSA at 41, 26.7587356567, 14.7938079834, 4.13515949249"
2020-05-16 17:42:33.175499 co2: 'data: "M 55181 52523 429.11 55.0 0.0 0.0 808 55.0 55.0 00\r\n"' @ 35.7925163 -106.6863065 1927.14357693
2020-05-16 17:42:34.176122 co2: 'data: "M 55181 52507 431.80 55.0 0.0 0.0 808 55.0 55.0 00\r\n"' @ 35.7925145 -106.6863114 1927.13356863
2020-05-16 17:42:35.174232 co2: 'data: "M 55181 52496 433.11 55.0 0.0 0.0 808 55.0 55.0 00\r\n"' @ 35.7925154 -106.6863161 1927.13356699
2020-05-16 17:42:36.174983 co2: 'data: "M 55181 52499 432.12 55.0 0.0 0.0 808 55.0 55.0 00\r\n"' @ 35.7925174 -106.6863184 1927.10356994
LOG: data: "DDSA at 42, 25.7587356567, 14.7938079834, 4.13515949249"
2020-05-16 17:42:37.174151 co2: 'data: "M 55181 52508 430.24 55.0 0.0 0.0 808 55.0 55.0 00\r\n"' @ 35.7925193 -106.6863189 1927.0935741
2020-05-16 17:42:38.175878 co2: 'data: "M 55181 52517 428.72 55.0 0.0 0.0 808 55.0 55.0 00\r\n"' @ 35.7925201 -106.6863234 1927.13357238
2020-05-16 17:42:39.174352 co2: 'data: "M 55181 52518 429.22 55.0 0.0 0.0 808 55.0 55.0 00\r\n"' @ 35.7925199 -106.6863274 1927.17356866
LOG: data: "DDSA at 43, 24.7587356567, 14.7938079834, 4.13515949249"
2020-05-16 17:42:40.174676 co2: 'data: "M 55181 52513 429.97 55.0 0.0 0.0 808 55.0 54.9 00\r\n"' @ 35.7925186 -106.6863295 1927.19356383
2020-05-16 17:42:41.173342 co2: 'data: "M 55181 52511 430.27 55.0 0.0 0.0 808 55.0 55.0 00\r\n"' @ 35.792518 -106.6863294 1927.19356247
2020-05-16 17:42:42.175453 co2: 'data: "M 55181 52513 429.40 55.0 0.0 0.0 808 55.0 55.0 00\r\n"' @ 35.7925173 -106.6863346 1927.20355658
2020-05-16 17:42:43.175868 co2: 'data: "M 55181 52521 427.73 55.0 0.0 0.0 808 55.0 55.0 00\r\n"' @ 35.7925184 -106.6863395 1927.13355525
2020-05-16 17:42:44.175284 co2: 'data: "M 55181 52527 427.16 55.0 0.0 0.0 808 55.0 55.0 00\r\n"' @ 35.7925204 -106.6863411 1927.10355876
LOG: data: "DDSA at 44, 24.7587356567, 15.7938079834, 4.13515949249"
2020-05-16 17:42:45.175793 co2: 'data: "M 55181 52527 427.18 55.0 0.0 0.0 808 55.0 55.0 00\r\n"' @ 35.7925246 -106.6863411 1927.07356886
2020-05-16 17:42:46.174987 co2: 'data: "M 55181 52524 427.67 55.0 0.0 0.0 808 55.0 55.0 00\r\n"' @ 35.792528 -106.6863409 1927.0835772
2020-05-16 17:42:47.175511 co2: 'data: "M 55181 52523 427.81 55.0 0.0 0.0 808 55.0 55.0 00\r\n"' @ 35.7925294 -106.68634 1927.1235813
2020-05-16 17:42:48.174278 co2: 'data: "M 55181 52523 427.95 55.0 0.0 0.0 808 55.0 55.0 00\r\n"' @ 35.7925285 -106.6863396 1927.14357946
2020-05-16 17:42:49.175406 co2: 'data: "M 55181 52522 427.81 55.0 0.0 0.0 808 55.0 55.0 00\r\n"' @ 35.7925268 -106.6863402 1927.17357488
2020-05-16 17:42:50.173803 co2: 'data: "M 55181 52527 426.87 55.0 0.0 0.0 808 55.0 55.0 00\r\n"' @ 35.7925291 -106.686341 1927.14357976
2020-05-16 17:42:51.175306 co2: 'data: "M 55181 52526 427.58 55.0 0.0 0.0 808 55.0 55.0 00\r\n"' @ 35.7925335 -106.6863403 1927.13359091
LOG: data: "DDSA at 45, 24.7587356567, 16.7938079834, 4.13515949249"
2020-05-16 17:42:52.174121 co2: 'data: "M 55181 52517 429.26 55.0 0.0 0.0 808 55.0 55.0 00\r\n"' @ 35.7925372 -106.6863389 1927.12360094
2020-05-16 17:42:53.174899 co2: 'data: "M 55181 52510 430.60 55.0 0.0 0.0 808 55.0 55.0 00\r\n"' @ 35.7925386 -106.686338 1927.08360504
2020-05-16 17:42:54.173638 co2: 'data: "M 55181 52505 431.19 55.0 0.0 0.0 808 55.0 55.0 00\r\n"' @ 35.7925374 -106.6863378 1927.06360231
2020-05-16 17:42:55.174748 co2: 'data: "M 55181 52509 430.36 55.0 0.0 0.0 808 55.0 55.0 00\r\n"' @ 35.7925362 -106.6863381 1927.08359919
2020-05-16 17:42:56.176332 co2: 'data: "M 55181 52515 429.40 55.0 0.0 0.0 808 55.0 55.0 00\r\n"' @ 35.7925362 -106.6863384 1927.14359894
2020-05-16 17:42:57.175898 co2: 'data: "M 55181 52518 428.91 55.0 0.0 0.0 808 55.0 55.0 00\r\n"' @ 35.7925405 -106.6863386 1927.17360912
LOG: data: "DDSA at 46, 24.7587356567, 17.7938079834, 4.13515949249"
2020-05-16 17:42:58.174882 co2: 'data: "M 55181 52515 429.78 55.0 0.0 0.0 808 55.0 55.0 00\r\n"' @ 35.7925443 -106.6863382 1927.24361858
2020-05-16 17:42:59.175938 co2: 'data: "M 55181 52507 431.02 55.0 0.0 0.0 808 55.0 55.0 00\r\n"' @ 35.7925462 -106.6863364 1927.29362461
2020-05-16 17:43:00.175560 co2: 'data: "M 55181 52506 431.22 55.0 0.0 0.0 808 55.0 55.0 00\r\n"' @ 35.7925456 -106.6863374 1927.26362235
2020-05-16 17:43:01.173098 co2: 'data: "M 55181 52507 430.85 55.0 0.0 0.0 808 55.0 54.9 00\r\n"' @ 35.7925437 -106.6863387 1927.22361673
2020-05-16 17:43:02.175002 co2: 'data: "M 55181 52513 429.62 55.0 0.0 0.0 808 55.0 55.0 00\r\n"' @ 35.7925435 -106.6863408 1927.20361455
LOG: data: "DDSA at 47, 24.7587356567, 18.7938079834, 4.13515949249"
2020-05-16 17:43:03.173234 co2: 'data: "M 55181 52517 429.04 55.0 0.0 0.0 808 55.0 55.0 00\r\n"' @ 35.7925496 -106.6863423 1927.143628
2020-05-16 17:43:04.175126 co2: 'data: "M 55181 52518 428.83 55.0 0.0 0.0 808 55.0 55.0 00\r\n"' @ 35.7925546 -106.6863427 1927.1636397
2020-05-16 17:43:05.173308 co2: 'data: "M 55181 52517 429.03 55.0 0.0 0.0 808 55.0 55.0 00\r\n"' @ 35.7925572 -106.68634 1927.15364814
2020-05-16 17:43:06.175218 co2: 'data: "M 55181 52516 428.86 55.0 0.0 0.0 808 55.0 55.0 00\r\n"' @ 35.7925566 -106.686339 1927.23364751
2020-05-16 17:43:07.175150 co2: 'data: "M 55181 52524 427.42 55.0 0.0 0.0 808 55.0 54.9 00\r\n"' @ 35.7925551 -106.6863376 1927.21364503
LOG: data: "DDSA at 48, 24.7587356567, 19.7938079834, 4.13515949249"
2020-05-16 17:43:08.175026 co2: 'data: "M 55181 52532 425.84 55.0 0.0 0.0 808 55.0 54.9 00\r\n"' @ 35.7925593 -106.6863396 1927.28365351
2020-05-16 17:43:09.175609 co2: 'data: "M 55181 52540 424.47 55.0 0.0 0.0 808 55.0 55.0 00\r\n"' @ 35.7925626 -106.6863403 1927.29366088
2020-05-16 17:43:10.174912 co2: 'data: "M 55181 52538 424.97 55.0 0.0 0.0 808 55.0 55.0 00\r\n"' @ 35.7925631 -106.6863395 1927.21366273
2020-05-16 17:43:11.175544 co2: 'data: "M 55181 52526 427.15 55.0 0.0 0.0 808 55.0 55.0 00\r\n"' @ 35.7925628 -106.6863381 1927.17366314
2020-05-16 17:43:12.175318 co2: 'data: "M 55181 52518 428.69 55.0 0.0 0.0 808 55.0 55.0 00\r\n"' @ 35.7925632 -106.686337 1927.193665
LOG: data: "DDSA at 49, 24.7587356567, 20.7938079834, 4.13515949249"
2020-05-16 17:43:13.173288 co2: 'data: "M 55181 52516 429.04 55.0 0.0 0.0 808 55.0 55.0 00\r\n"' @ 35.7925679 -106.6863368 1927.13367646
2020-05-16 17:43:14.173345 co2: 'data: "M 55181 52524 427.59 55.0 0.0 0.0 808 55.0 55.0 00\r\n"' @ 35.7925708 -106.6863368 1927.08368343
2020-05-16 17:43:15.175268 co2: 'data: "M 55181 52529 426.71 55.0 0.0 0.0 808 55.0 55.0 00\r\n"' @ 35.7925709 -106.6863389 1927.05368197
2020-05-16 17:43:16.173426 co2: 'data: "M 55181 52526 427.21 55.0 0.0 0.0 808 55.0 55.0 00\r\n"' @ 35.79257 -106.6863428 1927.16367665
2020-05-16 17:43:17.175134 co2: 'data: "M 55181 52521 428.27 55.0 0.0 0.0 808 55.0 54.9 00\r\n"' @ 35.7925724 -106.686342 1927.13368307
LOG: data: "DDSA at 50, 24.7587356567, 21.7938079834, 4.13515949249"
2020-05-16 17:43:18.173360 co2: 'data: "M 55181 52514 429.37 55.0 0.0 0.0 808 55.0 55.0 00\r\n"' @ 35.7925784 -106.6863387 1927.05370017
2020-05-16 17:43:19.174746 co2: 'data: "M 55181 52518 428.66 55.0 0.0 0.0 808 55.0 55.0 00\r\n"' @ 35.7925816 -106.6863368 1926.9937094
2020-05-16 17:43:20.173292 co2: 'data: "M 55181 52526 427.17 55.0 0.0 0.0 808 55.0 55.0 00\r\n"' @ 35.792583 -106.6863398 1927.06371034
2020-05-16 17:43:21.175148 co2: 'data: "M 55181 52534 425.80 55.0 0.0 0.0 808 55.0 55.0 00\r\n"' @ 35.7925824 -106.6863419 1927.14370719
2020-05-16 17:43:22.175241 co2: 'data: "M 55181 52533 425.79 55.0 0.0 0.0 808 55.0 55.0 00\r\n"' @ 35.7925813 -106.6863399 1927.17370617
LOG: data: "DDSA at 51, 25.7587356567, 21.7938079834, 4.13515949249"
2020-05-16 17:43:23.175532 co2: 'data: "M 55181 52523 427.50 55.0 0.0 0.0 808 55.0 55.0 00\r\n"' @ 35.7925806 -106.6863333 1927.22370983
2020-05-16 17:43:24.174874 co2: 'data: "M 55181 52514 429.33 55.0 0.0 0.0 808 55.0 55.0 00\r\n"' @ 35.7925808 -106.6863296 1927.26371331
2020-05-16 17:43:25.174292 co2: 'data: "M 55181 52505 431.04 55.0 0.0 0.0 808 55.0 55.0 00\r\n"' @ 35.7925806 -106.6863253 1927.20371631
LOG: data: "DDSA at 52, 26.7587356567, 21.7938079834, 4.13515949249"
2020-05-16 17:43:26.174825 co2: 'data: "M 55181 52505 431.32 55.0 0.0 0.0 808 55.0 55.0 00\r\n"' @ 35.7925798 -106.6863258 1927.20371398
2020-05-16 17:43:27.173287 co2: 'data: "M 55181 52510 430.45 55.0 0.0 0.0 808 55.0 55.0 00\r\n"' @ 35.7925803 -106.6863285 1927.203713
2020-05-16 17:43:28.174944 co2: 'data: "M 55181 52515 429.54 55.0 0.0 0.0 808 55.0 55.0 00\r\n"' @ 35.7925816 -106.6863251 1927.21371887
2020-05-16 17:43:29.173543 co2: 'data: "M 55181 52517 429.17 55.0 0.0 0.0 808 55.0 54.9 00\r\n"' @ 35.7925816 -106.6863175 1927.21372503
LOG: data: "DDSA at 53, 27.7587356567, 21.7938079834, 4.13515949249"
2020-05-16 17:43:30.176137 co2: 'data: "M 55181 52509 430.52 55.0 0.0 0.0 808 55.0 55.0 00\r\n"' @ 35.7925814 -106.6863145 1927.15372698
2020-05-16 17:43:31.173416 co2: 'data: "M 55181 52504 431.49 55.0 0.0 0.0 808 55.0 55.0 00\r\n"' @ 35.792583 -106.6863081 1927.19373601
2020-05-16 17:43:32.175448 co2: 'data: "M 55181 52504 431.54 55.0 0.0 0.0 808 55.0 55.0 00\r\n"' @ 35.7925829 -106.6863044 1927.28373876
LOG: data: "DDSA at 54, 28.7587356567, 21.7938079834, 4.13515949249"
2020-05-16 17:43:33.175464 co2: 'data: "M 55181 52506 431.26 55.0 0.0 0.0 808 55.0 54.9 00\r\n"' @ 35.7925811 -106.6863039 1927.33373484
2020-05-16 17:43:34.175883 co2: 'data: "M 55181 52507 430.95 55.0 0.0 0.0 808 55.0 55.0 00\r\n"' @ 35.7925794 -106.6863045 1927.34373027
2020-05-16 17:43:35.175479 co2: 'data: "M 55181 52502 431.78 55.0 0.0 0.0 808 55.0 55.0 00\r\n"' @ 35.7925787 -106.6863014 1927.2537311
2020-05-16 17:43:36.173277 co2: 'data: "M 55181 52496 432.93 55.0 0.0 0.0 808 55.0 55.0 00\r\n"' @ 35.7925788 -106.6862965 1927.1837353
LOG: data: "DDSA at 55, 29.7587356567, 21.7938079834, 4.13515949249"
2020-05-16 17:43:37.175205 co2: 'data: "M 55181 52493 433.60 55.0 0.0 0.0 808 55.0 55.0 00\r\n"' @ 35.7925798 -106.6862923 1927.14374111
2020-05-16 17:43:38.173809 co2: 'data: "M 55181 52504 432.10 55.0 0.0 0.0 808 55.0 55.0 00\r\n"' @ 35.7925812 -106.6862838 1927.18375136
2020-05-16 17:43:39.175377 co2: 'data: "M 55181 52518 429.31 55.0 0.0 0.0 808 55.0 54.9 00\r\n"' @ 35.7925802 -106.6862799 1927.16375211
LOG: data: "DDSA at 56, 30.7587356567, 21.7938079834, 4.13515949249"
2020-05-16 17:43:40.173941 co2: 'data: "M 55181 52528 427.18 55.0 0.0 0.0 808 55.0 55.0 00\r\n"' @ 35.7925797 -106.6862807 1927.10375026
2020-05-16 17:43:41.176090 co2: 'data: "M 55181 52531 426.34 55.0 0.0 0.0 808 55.0 55.0 00\r\n"' @ 35.7925792 -106.6862822 1926.98374785
2020-05-16 17:43:42.173298 co2: 'data: "M 55181 52526 427.02 55.0 0.0 0.0 808 55.0 55.0 00\r\n"' @ 35.7925803 -106.6862784 1926.93375357
2020-05-16 17:43:43.175043 co2: 'data: "M 55181 52522 427.88 55.0 0.0 0.0 808 55.0 55.0 00\r\n"' @ 35.7925812 -106.686275 1926.94375849
2020-05-16 17:43:44.176910 co2: 'data: "M 55181 52519 428.43 55.0 0.0 0.0 808 55.0 55.0 00\r\n"' @ 35.7925818 -106.6862726 1927.00376187
LOG: data: "DDSA at 57, 31.7587356567, 21.7938079834, 4.13515949249"
2020-05-16 17:43:45.175610 co2: 'data: "M 55181 52526 427.71 55.0 0.0 0.0 808 55.0 55.0 00\r\n"' @ 35.7925815 -106.6862673 1927.13376544
2020-05-16 17:43:46.175431 co2: 'data: "M 55181 52537 425.53 55.0 0.0 0.0 808 55.0 55.0 00\r\n"' @ 35.7925814 -106.6862639 1927.19376796
2020-05-16 17:43:47.175900 co2: 'data: "M 55181 52536 425.03 55.0 0.0 0.0 808 55.0 55.0 00\r\n"' @ 35.7925824 -106.6862617 1927.20377214
LOG: data: "DDSA at 58, 31.7587356567, 20.7938079834, 4.13515949249"
2020-05-16 17:43:48.175710 co2: 'data: "M 55181 52532 425.71 55.0 0.0 0.0 808 55.0 54.9 00\r\n"' @ 35.7925813 -106.6862602 1927.16377071
2020-05-16 17:43:49.173454 co2: 'data: "M 55181 52530 426.36 55.0 0.0 0.0 808 55.0 55.0 00\r\n"' @ 35.7925797 -106.686261 1927.16376622
2020-05-16 17:43:50.175193 co2: 'data: "M 55181 52535 425.75 55.0 0.0 0.0 808 55.0 55.0 00\r\n"' @ 35.7925754 -106.686262 1927.27375507
LOG: data: "DDSA at 59, 31.7587356567, 19.7938079834, 4.13515949249"
2020-05-16 17:43:51.174108 co2: 'data: "M 55181 52541 424.46 55.0 0.0 0.0 808 55.0 55.0 00\r\n"' @ 35.7925721 -106.6862621 1927.37374706
2020-05-16 17:43:52.175365 co2: 'data: "M 55181 52543 423.92 55.0 0.0 0.0 808 55.0 55.0 00\r\n"' @ 35.7925713 -106.686262 1927.29374521
2020-05-16 17:43:53.173583 co2: 'data: "M 55181 52543 423.85 55.0 0.0 0.0 808 55.0 55.0 00\r\n"' @ 35.7925673 -106.6862632 1927.27373462
LOG: data: "DDSA at 60, 31.7587356567, 18.7938079834, 4.13515949249"
2020-05-16 17:43:54.175108 co2: 'data: "M 55181 52537 424.70 55.0 0.0 0.0 808 55.0 55.0 00\r\n"' @ 35.7925638 -106.6862646 1927.24372507
2020-05-16 17:43:55.174103 co2: 'data: "M 55181 52528 426.23 55.0 0.0 0.0 808 55.0 55.0 00\r\n"' @ 35.7925629 -106.6862654 1927.17372226
2020-05-16 17:43:56.175861 co2: 'data: "M 55181 52522 427.40 55.0 0.0 0.0 808 55.0 55.0 00\r\n"' @ 35.7925602 -106.6862654 1927.27371577
LOG: data: "DDSA at 61, 31.7587356567, 17.7938079834, 4.13515949249"
2020-05-16 17:43:57.176362 co2: 'data: "M 55181 52522 428.11 55.0 0.0 0.0 808 55.0 55.0 00\r\n"' @ 35.7925566 -106.686264 1927.18370825
2020-05-16 17:43:58.175357 co2: 'data: "M 55181 52528 427.16 55.0 0.0 0.0 808 55.0 54.9 00\r\n"' @ 35.7925533 -106.6862608 1927.06370291
2020-05-16 17:43:59.175901 co2: 'data: "M 55181 52534 425.97 55.0 0.0 0.0 808 55.0 55.0 00\r\n"' @ 35.792548 -106.6862603 1926.99369057
LOG: data: "DDSA at 62, 31.7587356567, 16.7938079834, 4.13515949249"
2020-05-16 17:44:00.175204 co2: 'data: "M 55181 52540 424.72 55.0 0.0 0.0 808 55.0 55.0 00\r\n"' @ 35.7925451 -106.6862605 1927.01368343
2020-05-16 17:44:01.175545 co2: 'data: "M 55181 52539 424.37 55.0 0.0 0.0 808 55.0 55.0 00\r\n"' @ 35.7925439 -106.6862617 1927.14367958
2020-05-16 17:44:02.174112 co2: 'data: "M 55181 52539 424.65 55.0 0.0 0.0 808 55.0 55.0 00\r\n"' @ 35.7925395 -106.686262 1927.11366875
LOG: data: "DDSA at 63, 31.7587356567, 15.7938079834, 4.13515949249"
2020-05-16 17:44:03.175012 co2: 'data: "M 55181 52542 424.09 55.0 0.0 0.0 808 55.0 55.0 00\r\n"' @ 35.7925367 -106.68626 1927.13366364
2020-05-16 17:44:04.173767 co2: 'data: "M 55181 52547 423.27 55.0 0.0 0.0 808 55.0 55.0 00\r\n"' @ 35.7925349 -106.6862582 1927.14366077
2020-05-16 17:44:05.175497 co2: 'data: "M 55181 52550 422.48 55.0 0.0 0.0 808 55.0 55.0 00\r\n"' @ 35.7925292 -106.6862589 1927.0436465
LOG: data: "DDSA at 64, 31.7587356567, 14.7938079834, 4.13515949249"
2020-05-16 17:44:06.174242 co2: 'data: "M 55181 52542 423.24 55.0 0.0 0.0 808 55.0 55.0 00\r\n"' @ 35.7925246 -106.6862617 1926.99363317
2020-05-16 17:44:07.175639 co2: 'data: "M 55181 52534 424.91 55.0 0.0 0.0 808 55.0 55.0 00\r\n"' @ 35.7925231 -106.6862619 1926.9936294
2020-05-16 17:44:08.173112 co2: 'data: "M 55181 52534 426.27 55.0 0.0 0.0 808 55.0 55.0 00\r\n"' @ 35.7925195 -106.6862605 1927.02362188
LOG: data: "DDSA at 65, 31.7587356567, 13.7938079834, 4.13515949249"
2020-05-16 17:44:09.175377 co2: 'data: "M 55181 52529 426.39 55.0 0.0 0.0 808 55.0 55.0 00\r\n"' @ 35.7925167 -106.6862602 1927.07361539
2020-05-16 17:44:10.175430 co2: 'data: "M 55181 52533 424.82 55.0 0.0 0.0 808 55.0 55.0 00\r\n"' @ 35.7925159 -106.6862617 1927.06361225
2020-05-16 17:44:11.176196 co2: 'data: "M 55181 52542 423.22 55.0 0.0 0.0 808 55.0 55.0 00\r\n"' @ 35.792513 -106.6862649 1927.05360269
LOG: data: "DDSA at 66, 30.7587356567, 13.7938079834, 4.13515949249"
2020-05-16 17:44:12.175619 co2: 'data: "M 55181 52549 422.32 55.0 0.0 0.0 808 55.0 55.1 00\r\n"' @ 35.7925098 -106.6862643 1927.15359548
2020-05-16 17:44:13.175909 co2: 'data: "M 55181 52552 422.82 55.0 0.0 0.0 808 55.0 55.1 00\r\n"' @ 35.7925083 -106.6862622 1927.26359357
2020-05-16 17:44:14.176085 co2: 'data: "M 55181 52545 424.23 55.0 0.0 0.0 808 55.0 55.0 00\r\n"' @ 35.7925063 -106.6862634 1927.16358779
2020-05-16 17:44:15.174021 co2: 'data: "M 55181 52537 425.33 55.0 0.0 0.0 808 55.0 55.0 00\r\n"' @ 35.7925051 -106.6862695 1927.10357997
LOG: data: "DDSA at 67, 29.7587356567, 13.7938079834, 4.13515949249"
2020-05-16 17:44:16.175106 co2: 'data: "M 55181 52533 425.83 55.0 0.0 0.0 808 55.0 55.0 00\r\n"' @ 35.792507 -106.686275 1927.12358008
2020-05-16 17:44:17.173993 co2: 'data: "M 55181 52534 424.85 55.0 0.0 0.0 808 55.0 55.0 00\r\n"' @ 35.7925072 -106.68628 1927.10357651
2020-05-16 17:44:18.175731 co2: 'data: "M 55181 52540 424.19 55.0 0.0 0.0 808 55.0 55.0 00\r\n"' @ 35.7925073 -106.6862827 1927.08357457
LOG: data: "DDSA at 68, 28.7587356567, 13.7938079834, 4.13515949249"
2020-05-16 17:44:19.173630 co2: 'data: "M 55181 52541 424.33 55.0 0.0 0.0 808 55.0 55.0 00\r\n"' @ 35.7925092 -106.6862837 1927.12357832
2020-05-16 17:44:20.175065 co2: 'data: "M 55181 52540 424.88 55.0 0.0 0.0 808 55.0 55.0 00\r\n"' @ 35.7925097 -106.6862835 1927.18357969
2020-05-16 17:44:21.173543 co2: 'data: "M 55181 52534 425.79 55.0 0.0 0.0 808 55.0 55.0 00\r\n"' @ 35.7925087 -106.6862882 1927.16357348
2020-05-16 17:44:22.175427 co2: 'data: "M 55181 52532 425.58 55.0 0.0 0.0 808 55.0 55.0 00\r\n"' @ 35.7925078 -106.6862927 1927.15356767
LOG: data: "DDSA at 69, 27.7587356567, 13.7938079834, 4.13515949249"
2020-05-16 17:44:23.175897 co2: 'data: "M 55181 52536 424.83 55.0 0.0 0.0 808 55.0 55.0 00\r\n"' @ 35.7925077 -106.6862957 1927.213565
2020-05-16 17:44:24.176068 co2: 'data: "M 55181 52542 423.53 55.0 0.0 0.0 808 55.0 55.0 00\r\n"' @ 35.7925069 -106.6863025 1927.25355757
2020-05-16 17:44:25.175839 co2: 'data: "M 55181 52547 423.17 55.0 0.0 0.0 808 55.0 55.0 00\r\n"' @ 35.7925067 -106.6863074 1927.22355312
LOG: data: "DDSA at 70, 26.7587356567, 13.7938079834, 4.13515949249"
2020-05-16 17:44:26.175117 co2: 'data: "M 55181 52542 424.65 55.0 0.0 0.0 808 55.0 55.0 00\r\n"' @ 35.7925084 -106.6863098 1927.26355526
2020-05-16 17:44:27.176497 co2: 'data: "M 55181 52534 426.03 55.0 0.0 0.0 808 55.0 55.0 00\r\n"' @ 35.7925087 -106.6863079 1927.18355752
2020-05-16 17:44:28.173597 co2: 'data: "M 55181 52529 426.46 55.0 0.0 0.0 808 55.0 55.0 00\r\n"' @ 35.7925113 -106.6863064 1927.10356499
2020-05-16 17:44:29.175740 co2: 'data: "M 55181 52532 424.95 55.0 0.0 0.0 808 55.0 55.0 00\r\n"' @ 35.7925119 -106.686311 1927.1335627
LOG: data: "DDSA at 71, 25.7587356567, 13.7938079834, 4.13515949249"
2020-05-16 17:44:30.174213 co2: 'data: "M 55181 52542 423.20 55.0 0.0 0.0 808 55.0 55.0 00\r\n"' @ 35.7925104 -106.6863164 1927.22355472
2020-05-16 17:44:31.175508 co2: 'data: "M 55181 52551 421.44 55.0 0.0 0.0 808 55.0 55.0 00\r\n"' @ 35.7925078 -106.6863237 1927.32354256
2020-05-16 17:44:32.173303 co2: 'data: "M 55181 52560 420.66 55.0 0.0 0.0 808 55.0 55.1 00\r\n"' @ 35.7925078 -106.6863325 1927.34353543
LOG: data: "DDSA at 72, 24.7587356567, 13.7938079834, 4.13515949249"
2020-05-16 17:44:33.175890 co2: 'data: "M 55181 52556 422.08 55.0 0.0 0.0 808 55.0 55.0 00\r\n"' @ 35.7925084 -106.686338 1927.28353242
2020-05-16 17:44:34.175528 co2: 'data: "M 55181 52544 424.12 55.0 0.0 0.0 808 55.0 55.0 00\r\n"' @ 35.7925077 -106.6863338 1927.28353414
2020-05-16 17:44:35.175540 co2: 'data: "M 55181 52537 425.12 55.0 0.0 0.0 808 55.0 54.9 00\r\n"' @ 35.7925081 -106.6863278 1927.23353996
2020-05-16 17:44:36.176215 co2: 'data: "M 55181 52538 424.32 55.0 0.0 0.0 808 55.0 55.0 00\r\n"' @ 35.792509 -106.6863278 1927.08354213
2020-05-16 17:44:37.175931 co2: 'data: "M 55181 52546 423.12 55.0 0.0 0.0 808 55.0 55.0 00\r\n"' @ 35.7925084 -106.6863336 1927.02353598
LOG: data: "DDSA at 73, 23.7587356567, 13.7938079834, 4.13515949249"
2020-05-16 17:44:38.175109 co2: 'data: "M 55181 52548 423.04 55.0 0.0 0.0 808 55.0 55.0 00\r\n"' @ 35.7925074 -106.6863441 1927.13352508
2020-05-16 17:44:39.176155 co2: 'data: "M 55181 52546 423.74 55.0 0.0 0.0 808 55.0 55.0 00\r\n"' @ 35.7925092 -106.6863561 1927.18351969
2020-05-16 17:44:40.175426 co2: 'data: "M 55181 52539 424.90 55.0 0.0 0.0 808 55.0 55.0 00\r\n"' @ 35.7925109 -106.6863612 1927.24351964
2020-05-16 17:44:41.173523 co2: 'data: "M 55181 52536 424.87 55.0 0.0 0.0 808 55.0 55.0 00\r\n"' @ 35.7925105 -106.6863573 1927.15352184
2020-05-16 17:44:42.175570 co2: 'data: "M 55181 52541 423.95 55.0 0.0 0.0 808 55.0 55.0 00\r\n"' @ 35.7925094 -106.68635 1927.13352511
LOG: data: "DDSA at 74, 23.7587356567, 14.7938079834, 4.13515949249"
2020-05-16 17:44:43.174124 co2: 'data: "M 55181 52547 422.71 55.0 0.0 0.0 808 55.0 55.0 00\r\n"' @ 35.7925125 -106.6863465 1927.1235354
2020-05-16 17:44:44.174762 co2: 'data: "M 55181 52553 421.98 55.0 0.0 0.0 808 55.0 55.0 00\r\n"' @ 35.7925161 -106.6863445 1927.08354567
2020-05-16 17:44:45.173287 co2: 'data: "M 55181 52548 423.22 55.0 0.0 0.0 808 55.0 55.0 00\r\n"' @ 35.7925174 -106.6863447 1927.12354864
2020-05-16 17:44:46.175720 co2: 'data: "M 55181 52538 425.09 55.0 0.0 0.0 808 55.0 55.0 00\r\n"' @ 35.7925171 -106.6863463 1927.08354662
2020-05-16 17:44:47.174171 co2: 'data: "M 55181 52530 426.52 55.0 0.0 0.0 808 55.0 55.0 00\r\n"' @ 35.792519 -106.686348 1927.03354981
LOG: data: "DDSA at 75, 23.7587356567, 15.7938079834, 4.13515949249"
2020-05-16 17:44:48.174866 co2: 'data: "M 55181 52528 426.27 55.0 0.0 0.0 808 55.0 55.0 00\r\n"' @ 35.7925239 -106.6863499 1927.06356005
2020-05-16 17:44:49.176222 co2: 'data: "M 55181 52536 424.92 55.0 0.0 0.0 808 55.0 55.0 00\r\n"' @ 35.7925272 -106.68635 1927.07356791
2020-05-16 17:44:50.175261 co2: 'data: "M 55181 52541 424.02 55.0 0.0 0.0 808 55.0 55.0 00\r\n"' @ 35.7925274 -106.6863503 1927.10356815
2020-05-16 17:44:51.175248 co2: 'data: "M 55181 52543 423.85 55.0 0.0 0.0 808 55.0 55.0 00\r\n"' @ 35.7925266 -106.6863511 1927.13356557
2020-05-16 17:44:52.173244 co2: 'data: "M 55181 52536 425.48 55.0 0.0 0.0 808 55.0 55.0 00\r\n"' @ 35.7925269 -106.686351 1927.21356638
LOG: data: "DDSA at 76, 23.7587356567, 16.7938079834, 4.13515949249"
2020-05-16 17:44:53.175222 co2: 'data: "M 55181 52527 427.09 55.0 0.0 0.0 808 55.0 55.0 00\r\n"' @ 35.7925303 -106.6863512 1927.20357439
2020-05-16 17:44:54.173708 co2: 'data: "M 55181 52522 427.76 55.0 0.0 0.0 808 55.0 55.0 00\r\n"' @ 35.7925329 -106.6863522 1927.22357983
2020-05-16 17:44:55.175121 co2: 'data: "M 55181 52524 427.17 55.0 0.0 0.0 808 55.0 55.0 00\r\n"' @ 35.7925338 -106.6863521 1927.26358208
2020-05-16 17:44:56.173364 co2: 'data: "M 55181 52532 425.79 55.0 0.0 0.0 808 55.0 55.0 00\r\n"' @ 35.7925347 -106.6863494 1927.22358643
2020-05-16 17:44:57.175881 co2: 'data: "M 55181 52534 425.60 55.0 0.0 0.0 808 55.0 55.0 00\r\n"' @ 35.792535 -106.686345 1927.19359071
2020-05-16 17:44:58.174244 co2: 'data: "M 55181 52532 425.94 55.0 0.0 0.0 808 55.0 55.0 00\r\n"' @ 35.7925385 -106.6863447 1927.21359937
LOG: data: "DDSA at 77, 23.7587356567, 17.7938079834, 4.13515949249"
2020-05-16 17:44:59.175687 co2: 'data: "M 55181 52528 426.71 55.0 0.0 0.0 808 55.0 54.9 00\r\n"' @ 35.7925427 -106.6863475 1927.1636072
2020-05-16 17:45:00.176618 co2: 'data: "M 55181 52525 427.35 55.0 0.0 0.0 808 55.0 55.0 00\r\n"' @ 35.7925461 -106.6863497 1927.1336136
2020-05-16 17:45:01.174969 co2: 'data: "M 55181 52525 427.34 55.0 0.0 0.0 808 55.0 55.0 00\r\n"' @ 35.7925475 -106.6863506 1927.19361623
2020-05-16 17:45:02.175944 co2: 'data: "M 55181 52527 426.83 55.0 0.0 0.0 808 55.0 55.0 00\r\n"' @ 35.7925454 -106.6863505 1927.27361126
2020-05-16 17:45:03.174900 co2: 'data: "M 55181 52532 426.09 55.0 0.0 0.0 808 55.0 55.0 00\r\n"' @ 35.7925442 -106.6863541 1927.28360546
2020-05-16 17:45:04.174968 co2: 'data: "M 55181 52528 426.91 55.0 0.0 0.0 808 55.0 55.0 00\r\n"' @ 35.7925464 -106.6863531 1927.21361156
LOG: data: "DDSA at 78, 23.7587356567, 18.7938079834, 4.13515949249"
2020-05-16 17:45:05.174272 co2: 'data: "M 55181 52521 428.35 55.0 0.0 0.0 808 55.0 55.0 00\r\n"' @ 35.7925493 -106.6863518 1927.32361959
2020-05-16 17:45:06.175540 co2: 'data: "M 55181 52514 429.72 55.0 0.0 0.0 808 55.0 54.9 00\r\n"' @ 35.7925541 -106.6863484 1927.24363388
2020-05-16 17:45:07.173675 co2: 'data: "M 55181 52511 429.98 55.0 0.0 0.0 808 55.0 54.9 00\r\n"' @ 35.7925556 -106.6863448 1927.09364041
2020-05-16 17:45:08.175566 co2: 'data: "M 55181 52519 428.48 55.0 0.0 0.0 808 55.0 55.0 00\r\n"' @ 35.792555 -106.6863449 1927.09363888
2020-05-16 17:45:09.175423 co2: 'data: "M 55181 52528 426.72 55.0 0.0 0.0 808 55.0 55.0 00\r\n"' @ 35.7925552 -106.6863478 1927.20363701
2020-05-16 17:45:10.176262 co2: 'data: "M 55181 52533 425.82 55.0 0.0 0.0 808 55.0 55.0 00\r\n"' @ 35.7925572 -106.6863543 1927.26363656
LOG: data: "DDSA at 79, 23.7587356567, 19.7938079834, 4.13515949249"
2020-05-16 17:45:11.173829 co2: 'data: "M 55181 52527 426.97 55.0 0.0 0.0 808 55.0 55.0 00\r\n"' @ 35.7925603 -106.6863544 1927.21364393
2020-05-16 17:45:12.175765 co2: 'data: "M 55181 52519 428.51 55.0 0.0 0.0 808 55.0 55.0 00\r\n"' @ 35.7925627 -106.686352 1927.22365165
2020-05-16 17:45:13.173516 co2: 'data: "M 55181 52516 429.24 55.0 0.0 0.0 808 55.0 55.0 00\r\n"' @ 35.7925639 -106.6863498 1927.22365631
2020-05-16 17:45:14.175225 co2: 'data: "M 55181 52515 429.40 55.0 0.0 0.0 808 55.0 55.0 00\r\n"' @ 35.7925647 -106.6863481 1927.17365961
2020-05-16 17:45:15.175689 co2: 'data: "M 55181 52518 428.77 55.0 0.0 0.0 808 55.0 55.0 00\r\n"' @ 35.7925642 -106.6863469 1927.15365938
LOG: data: "DDSA at 80, 23.7587356567, 20.7938079834, 4.13515949249"
2020-05-16 17:45:16.175739 co2: 'data: "M 55181 52519 428.75 55.0 0.0 0.0 808 55.0 55.0 00\r\n"' @ 35.7925666 -106.6863455 1927.12366629
2020-05-16 17:45:17.175369 co2: 'data: "M 55181 52517 428.89 55.0 0.0 0.0 808 55.0 55.0 00\r\n"' @ 35.7925701 -106.6863476 1927.113673
2020-05-16 17:45:18.174381 co2: 'data: "M 55181 52519 428.47 55.0 0.0 0.0 808 55.0 55.0 00\r\n"' @ 35.7925719 -106.6863524 1927.04367344
2020-05-16 17:45:19.176191 co2: 'data: "M 55181 52522 428.04 55.0 0.0 0.0 808 55.0 55.0 00\r\n"' @ 35.7925738 -106.6863532 1927.05367736
2020-05-16 17:45:20.174389 co2: 'data: "M 55181 52524 427.66 55.0 0.0 0.0 808 55.0 55.0 00\r\n"' @ 35.7925741 -106.6863538 1927.1336776
LOG: data: "DDSA at 81, 23.7587356567, 21.7938079834, 4.13515949249"
2020-05-16 17:45:21.175108 co2: 'data: "M 55181 52524 427.66 55.0 0.0 0.0 808 55.0 55.0 00\r\n"' @ 35.7925779 -106.6863519 1927.27368827
2020-05-16 17:45:22.173343 co2: 'data: "M 55181 52527 427.07 55.0 0.0 0.0 808 55.0 55.0 00\r\n"' @ 35.7925809 -106.6863467 1927.2436997
2020-05-16 17:45:23.175375 co2: 'data: "M 55181 52526 427.25 55.0 0.0 0.0 808 55.0 55.0 00\r\n"' @ 35.7925827 -106.6863454 1927.25370508
2020-05-16 17:45:24.175472 co2: 'data: "M 55181 52518 428.56 55.0 0.0 0.0 808 55.0 55.0 00\r\n"' @ 35.7925814 -106.6863497 1927.24369847
2020-05-16 17:45:25.175106 co2: 'data: "M 55181 52511 429.95 55.0 0.0 0.0 808 55.0 55.0 00\r\n"' @ 35.7925797 -106.6863507 1927.22369357
2020-05-16 17:45:26.176050 co2: 'data: "M 55181 52510 430.35 55.0 0.0 0.0 808 55.0 55.0 00\r\n"' @ 35.7925829 -106.6863504 1927.22370151
LOG: data: "DDSA at 82, 23.7587356567, 22.7938079834, 4.13515949249"
2020-05-16 17:45:27.175469 co2: 'data: "M 55181 52517 429.11 55.0 0.0 0.0 808 55.0 54.9 00\r\n"' @ 35.7925883 -106.6863517 1927.23371344
2020-05-16 17:45:28.175067 co2: 'data: "M 55181 52526 427.46 55.0 0.0 0.0 808 55.0 55.0 00\r\n"' @ 35.792591 -106.6863512 1927.21372034
2020-05-16 17:45:29.174039 co2: 'data: "M 55181 52531 426.35 55.0 0.0 0.0 808 55.0 55.0 00\r\n"' @ 35.7925904 -106.6863498 1927.15372003
2020-05-16 17:45:30.175326 co2: 'data: "M 55181 52527 426.81 55.0 0.0 0.0 808 55.0 54.9 00\r\n"' @ 35.7925883 -106.686348 1927.08371644
2020-05-16 17:45:31.174176 co2: 'data: "M 55181 52518 428.49 55.0 0.0 0.0 808 55.0 55.0 00\r\n"' @ 35.7925865 -106.6863472 1926.94371276
LOG: data: "DDSA at 83, 24.7587356567, 22.7938079834, 4.13515949249"
2020-05-16 17:45:32.175477 co2: 'data: "M 55181 52512 429.77 55.0 0.0 0.0 808 55.0 54.9 00\r\n"' @ 35.7925861 -106.6863434 1926.91371487
2020-05-16 17:45:33.174197 co2: 'data: "M 55181 52509 430.47 55.0 0.0 0.0 808 55.0 55.0 00\r\n"' @ 35.7925875 -106.6863406 1927.03372051
2020-05-16 17:45:34.175450 co2: 'data: "M 55181 52514 429.73 55.0 0.0 0.0 808 55.0 55.0 00\r\n"' @ 35.7925887 -106.6863386 1927.01372501
2020-05-16 17:45:35.175849 co2: 'data: "M 55181 52517 429.05 55.0 0.0 0.0 808 55.0 55.0 00\r\n"' @ 35.7925897 -106.6863392 1926.99372693
2020-05-16 17:45:36.175868 co2: 'data: "M 55181 52516 429.15 55.0 0.0 0.0 808 55.0 55.0 00\r\n"' @ 35.7925906 -106.6863389 1927.07372934
LOG: data: "DDSA at 84, 25.7587356567, 22.7938079834, 4.13515949249"
2020-05-16 17:45:37.176166 co2: 'data: "M 55181 52512 429.71 55.0 0.0 0.0 808 55.0 55.0 00\r\n"' @ 35.7925908 -106.6863339 1927.15373387
2020-05-16 17:45:38.175472 co2: 'data: "M 55181 52508 430.59 55.0 0.0 0.0 808 55.0 55.1 00\r\n"' @ 35.7925895 -106.6863289 1927.19373479
2020-05-16 17:45:39.175246 co2: 'data: "M 55181 52512 430.18 55.0 0.0 0.0 808 55.0 55.0 00\r\n"' @ 35.792591 -106.6863276 1927.24373945
2020-05-16 17:45:40.175835 co2: 'data: "M 55181 52518 429.05 55.0 0.0 0.0 808 55.0 55.0 00\r\n"' @ 35.7925921 -106.6863292 1927.2237408
2020-05-16 17:45:41.176630 co2: 'data: "M 55181 52527 427.31 55.0 0.0 0.0 808 55.0 55.0 00\r\n"' @ 35.7925911 -106.6863285 1927.18373896
LOG: data: "DDSA at 85, 26.7587356567, 22.7938079834, 4.13515949249"
2020-05-16 17:45:42.174191 co2: 'data: "M 55181 52527 426.88 55.0 0.0 0.0 808 55.0 55.0 00\r\n"' @ 35.7925916 -106.6863248 1927.23374316
2020-05-16 17:45:43.176031 co2: 'data: "M 55181 52519 428.17 55.0 0.0 0.0 808 55.0 55.0 00\r\n"' @ 35.7925922 -106.6863198 1927.30374865
2020-05-16 17:45:44.173353 co2: 'data: "M 55181 52511 429.83 55.0 0.0 0.0 808 55.0 55.0 00\r\n"' @ 35.7925917 -106.6863175 1927.24374931
2020-05-16 17:45:45.175009 co2: 'data: "M 55181 52509 430.62 55.0 0.0 0.0 808 55.0 55.0 00\r\n"' @ 35.7925914 -106.6863186 1927.2537477
2020-05-16 17:45:46.173652 co2: 'data: "M 55181 52518 429.37 55.0 0.0 0.0 808 55.0 55.0 00\r\n"' @ 35.7925907 -106.6863182 1927.26374634
LOG: data: "DDSA at 86, 27.7587356567, 22.7938079834, 4.13515949249"
2020-05-16 17:45:47.175615 co2: 'data: "M 55181 52524 428.00 55.0 0.0 0.0 808 55.0 55.0 00\r\n"' @ 35.7925897 -106.6863121 1927.18374888
2020-05-16 17:45:48.172922 co2: 'data: "Z,01 of 25\r\n"' @ 35.7925891 -106.6863065 1927.14375197
LOG: data: "Zeroing"
2020-05-16 17:45:49.175756 co2: 'data: "M 55181 52527 427.19 55.0 0.0 0.0 808 55.0 55.0 09\r\n"' @ 35.792589 -106.6863037 1927.163754
2020-05-16 17:45:50.173244 co2: 'data: "Z,02 of 25\r\n"' @ 35.7925884 -106.6863031 1927.15375304
2020-05-16 17:45:51.175134 co2: 'data: "M 55181 52657 409.08 55.0 0.0 0.0 808 55.0 55.0 09\r\n"' @ 35.7925881 -106.6863031 1927.18375232
2020-05-16 17:45:52.173823 co2: 'data: "Z,03 of 25\r\n"' @ 35.7925882 -106.6862998 1927.09375523
2020-05-16 17:45:53.173375 co2: 'data: "M 55181 53310 287.42 55.0 0.0 0.0 808 55.0 55.0 09\r\n"' @ 35.7925887 -106.6862962 1927.06375935
2020-05-16 17:45:54.174131 co2: 'data: "Z,04 of 25\r\n"' @ 35.7925895 -106.6862959 1927.07376152
2020-05-16 17:45:55.173683 co2: 'data: "M 55181 54100 158.17 55.0 0.0 0.0 808 55.0 55.0 09\r\n"' @ 35.7925911 -106.686297 1927.13376447
2020-05-16 17:45:56.173979 co2: 'data: "Z,05 of 25\r\n"' @ 35.7925919 -106.6862958 1927.18376737
2020-05-16 17:45:57.173929 co2: 'data: "M 55181 54590 85.53 55.0 0.0 0.0 808 55.0 55.0 09\r\n"' @ 35.7925912 -106.686295 1927.21376633
2020-05-16 17:45:58.174441 co2: 'data: "Z,06 of 25\r\n"' @ 35.7925899 -106.6862941 1927.24376394
2020-05-16 17:45:59.173974 co2: 'data: "M 55181 54880 44.54 55.0 0.0 0.0 808 55.0 55.0 09\r\n"' @ 35.7925899 -106.6862932 1927.22376466
2020-05-16 17:46:00.174467 co2: 'data: "Z,07 of 25\r\n"' @ 35.7925893 -106.6862924 1927.24376387
2020-05-16 17:46:01.174079 co2: 'data: "M 55181 55017 26.51 55.0 0.0 0.0 808 55.0 55.0 09\r\n"' @ 35.7925892 -106.6862927 1927.22376339
2020-05-16 17:46:02.173776 co2: 'data: "Z,08 of 25\r\n"' @ 35.7925901 -106.6862956 1927.2437632
2020-05-16 17:46:03.175486 co2: 'data: "M 55181 55089 14.55 55.0 0.0 0.0 808 55.0 55.0 09\r\n"' @ 35.7925904 -106.6862968 1927.37376295
2020-05-16 17:46:04.173446 co2: 'data: "Z,09 of 25\r\n"' @ 35.7925894 -106.6862959 1927.47376128
2020-05-16 17:46:05.175204 co2: 'data: "M 55181 55124 8.41 55.0 0.0 0.0 808 55.0 55.0 09\r\n"' @ 35.7925885 -106.6862949 1927.33375992
2020-05-16 17:46:06.174837 co2: 'data: "Z,10 of 25\r\n"' @ 35.7925877 -106.6862954 1927.37375759
2020-05-16 17:46:07.174925 co2: 'data: "M 55181 55138 6.11 55.0 0.0 0.0 808 55.0 55.0 09\r\n"' @ 35.792588 -106.6862925 1927.43376066
2020-05-16 17:46:08.173403 co2: 'data: "Z,11 of 25\r\n"' @ 35.7925869 -106.6862899 1927.26376012
2020-05-16 17:46:09.175680 co2: 'data: "M 55181 55150 6.11 55.0 0.0 0.0 808 55.0 55.0 09\r\n"' @ 35.7925884 -106.6862939 1927.00376049
2020-05-16 17:46:10.172817 co2: 'data: "Z,12 of 25\r\n"' @ 35.7925912 -106.6862993 1926.98376285
2020-05-16 17:46:11.175340 co2: 'data: "M 55181 55158 6.11 55.0 0.0 0.0 808 55.0 55.0 09\r\n"' @ 35.7925913 -106.6862995 1927.00376293
2020-05-16 17:46:12.172669 co2: 'data: "Z,13 of 25\r\n"' @ 35.7925905 -106.686296 1927.06376384
2020-05-16 17:46:13.173968 co2: 'data: "M 55181 55166 6.11 55.0 0.0 0.0 808 55.0 55.0 09\r\n"' @ 35.7925897 -106.6862927 1927.14376459
2020-05-16 17:46:14.173233 co2: 'data: "Z,14 of 25\r\n"' @ 35.792589 -106.6862927 1927.22376291
2020-05-16 17:46:15.175581 co2: 'data: "M 55181 55168 6.11 55.0 0.0 0.0 808 55.0 55.0 09\r\n"' @ 35.7925884 -106.6862931 1927.22376114
2020-05-16 17:46:16.173772 co2: 'data: "Z,15 of 25\r\n"' @ 35.792588 -106.6862929 1927.13376034
2020-05-16 17:46:17.175948 co2: 'data: "M 55181 55163 6.11 55.0 0.0 0.0 808 55.0 55.0 09\r\n"' @ 35.7925882 -106.6862934 1927.07376042
2020-05-16 17:46:18.174388 co2: 'data: "Z,16 of 25\r\n"' @ 35.7925883 -106.6862933 1927.10376074
2020-05-16 17:46:19.174038 co2: 'data: "M 55181 55156 6.11 55.0 0.0 0.0 808 55.0 55.1 09\r\n"' @ 35.7925882 -106.686293 1927.07376074
2020-05-16 17:46:20.173207 co2: 'data: "Z,17 of 25\r\n"' @ 35.7925877 -106.6862934 1927.08375921
2020-05-16 17:46:21.174184 co2: 'data: "M 55181 55154 6.11 55.0 0.0 0.0 808 55.0 55.0 09\r\n"' @ 35.7925884 -106.6862953 1927.07375936
2020-05-16 17:46:22.173545 co2: 'data: "Z,18 of 25\r\n"' @ 35.7925892 -106.6862967 1927.10376015
2020-05-16 17:46:23.173197 co2: 'data: "M 55165 55162 4.70 55.0 0.0 0.0 808 55.0 55.0 09\r\n"' @ 35.7925894 -106.686297 1927.13376039
2020-05-16 17:46:24.174271 co2: 'data: "Z,19 of 25\r\n"' @ 35.79259 -106.6862947 1927.16376369
2020-05-16 17:46:25.175130 co2: 'data: "M 55165 55162 0.38 55.0 0.0 0.0 808 55.0 55.0 09\r\n"' @ 35.7925912 -106.6862933 1927.17376771
2020-05-16 17:46:26.173771 co2: 'data: "Z,20 of 25\r\n"' @ 35.7925916 -106.6862923 1927.29376948
2020-05-16 17:46:27.176285 co2: 'data: "M 55165 55170 2.95 55.0 0.0 0.0 808 55.0 55.0 09\r\n"' @ 35.7925907 -106.6862922 1927.3237674
2020-05-16 17:46:28.174011 co2: 'data: "Z,21 of 25\r\n"' @ 35.7925902 -106.6862957 1927.20376336
2020-05-16 17:46:29.176195 co2: 'data: "M 55165 55045 73.98 55.0 0.0 0.0 808 55.0 55.0 09\r\n"' @ 35.79259 -106.6862987 1927.13376045
2020-05-16 17:46:30.172970 co2: 'data: "Z,22 of 25\r\n"' @ 35.7925898 -106.686299 1927.14375973
2020-05-16 17:46:31.174835 co2: 'data: "M 55165 54382 202.57 55.0 0.0 0.0 808 55.0 55.0 09\r\n"' @ 35.7925896 -106.686298 1927.13376006
2020-05-16 17:46:32.173063 co2: 'data: "Z,23 of 25\r\n"' @ 35.7925902 -106.686298 1927.1237615
2020-05-16 17:46:33.175077 co2: 'data: "M 55165 53577 298.19 55.0 0.0 0.0 808 55.0 55.0 09\r\n"' @ 35.7925898 -106.6862989 1927.20375981
2020-05-16 17:46:34.173596 co2: 'data: "Z,24 of 25\r\n"' @ 35.7925892 -106.6862945 1927.31376193
2020-05-16 17:46:35.174759 co2: 'data: "M 55165 53043 358.76 55.0 0.0 0.0 808 55.0 55.0 09\r\n"' @ 35.7925904 -106.6862909 1927.29376773
2020-05-16 17:46:36.172789 co2: 'data: "Z,25 of 25\r\n"' @ 35.7925896 -106.6862918 1927.25376508
2020-05-16 17:46:37.176041 co2: 'data: "M 55165 52792 386.69 55.0 0.0 0.0 808 55.0 55.0 00\r\n"' @ 35.7925879 -106.6862948 1927.23375856
2020-05-16 17:46:38.173798 co2: 'data: "M 55165 52671 401.82 55.0 0.0 0.0 808 55.0 55.0 00\r\n"' @ 35.7925877 -106.6862986 1927.263755
2020-05-16 17:46:39.175158 co2: 'data: "M 55165 52614 410.23 55.0 0.0 0.0 808 55.0 55.0 00\r\n"' @ 35.7925901 -106.6862963 1927.21376264
2020-05-16 17:46:40.175309 co2: 'data: "M 55165 52582 414.99 55.0 0.0 0.0 808 55.0 55.0 00\r\n"' @ 35.7925904 -106.6862936 1927.17376554
2020-05-16 17:46:41.175196 co2: 'data: "M 55165 52562 418.49 55.0 0.0 0.0 808 55.0 55.0 00\r\n"' @ 35.7925887 -106.6862913 1927.15376332
2020-05-16 17:46:42.175511 co2: 'data: "M 55165 52547 420.51 55.0 0.0 0.0 808 55.0 55.0 00\r\n"' @ 35.792588 -106.6862914 1927.17376155
LOG: data: "Finished zeroing"
LOG: data: "DDSA at 87, 28.7587356567, 22.7938079834, 4.13515949249"
2020-05-16 17:46:43.176037 co2: 'data: "M 55165 52540 421.54 55.0 0.0 0.0 808 55.0 55.0 00\r\n"' @ 35.7925875 -106.6862919 1927.20375995
2020-05-16 17:46:44.175951 co2: 'data: "M 55165 52537 421.35 55.0 0.0 0.0 808 55.0 55.0 00\r\n"' @ 35.7925866 -106.6862923 1927.18375746
2020-05-16 17:46:45.174056 co2: 'data: "M 55165 52543 420.27 55.0 0.0 0.0 808 55.0 55.0 00\r\n"' @ 35.7925864 -106.6862951 1927.08375471
2020-05-16 17:46:46.175934 co2: 'data: "M 55165 52546 420.21 55.0 0.0 0.0 808 55.0 55.0 00\r\n"' @ 35.7925872 -106.6862985 1927.04375388
2020-05-16 17:46:47.173180 co2: 'data: "M 55165 52545 420.38 55.0 0.0 0.0 808 55.0 55.0 00\r\n"' @ 35.7925884 -106.6863 1927.03375555
2020-05-16 17:46:48.175347 co2: 'data: "M 55165 52543 421.09 55.0 0.0 0.0 808 55.0 55.0 00\r\n"' @ 35.7925897 -106.6862941 1927.11376346
LOG: data: "DDSA at 88, 29.7587356567, 22.7938079834, 4.13515949249"
2020-05-16 17:46:49.173300 co2: 'data: "M 55165 52539 421.37 55.0 0.0 0.0 808 55.0 55.0 00\r\n"' @ 35.7925912 -106.6862837 1927.17377548
2020-05-16 17:46:50.175779 co2: 'data: "M 55165 52542 420.80 55.0 0.0 0.0 808 55.0 55.0 00\r\n"' @ 35.792592 -106.6862771 1927.16378275
2020-05-16 17:46:51.174860 co2: 'data: "M 55165 52544 420.16 55.0 0.0 0.0 808 55.0 55.0 00\r\n"' @ 35.7925907 -106.686278 1927.2137789
2020-05-16 17:46:52.174914 co2: 'data: "M 55165 52547 419.82 55.0 0.0 0.0 808 55.0 54.9 00\r\n"' @ 35.7925883 -106.6862817 1927.21377013
2020-05-16 17:46:53.175410 co2: 'data: "M 55165 52545 421.15 55.0 0.0 0.0 808 55.0 55.0 00\r\n"' @ 35.7925871 -106.6862844 1927.16376506
2020-05-16 17:46:54.175165 co2: 'data: "M 55165 52536 422.49 55.0 0.0 0.0 808 55.0 55.0 00\r\n"' @ 35.792588 -106.6862813 1927.13376973
LOG: data: "DDSA at 89, 30.7587356567, 22.7938079834, 4.13515949249"
2020-05-16 17:46:55.175634 co2: 'data: "M 55165 52529 423.67 55.0 0.0 0.0 808 55.0 55.0 00\r\n"' @ 35.7925896 -106.6862776 1927.16377658
2020-05-16 17:46:56.174229 co2: 'data: "M 55165 52526 423.77 55.0 0.0 0.0 808 55.0 55.0 00\r\n"' @ 35.7925895 -106.6862716 1927.1837812
2020-05-16 17:46:57.175357 co2: 'data: "M 55165 52531 422.86 55.0 0.0 0.0 808 55.0 55.0 00\r\n"' @ 35.7925888 -106.6862689 1927.1637817
LOG: data: "DDSA at 90, 31.7587356567, 22.7938079834, 4.13515949249"
2020-05-16 17:46:58.174085 co2: 'data: "M 55165 52535 422.00 55.0 0.0 0.0 808 55.0 55.0 00\r\n"' @ 35.7925883 -106.6862686 1927.13378074
2020-05-16 17:46:59.175909 co2: 'data: "M 55165 52540 421.28 55.0 0.0 0.0 808 55.0 55.1 00\r\n"' @ 35.7925885 -106.686271 1927.10377928
2020-05-16 17:47:00.173537 co2: 'data: "M 55165 52540 421.80 55.0 0.0 0.0 808 55.0 55.0 00\r\n"' @ 35.7925894 -106.6862698 1927.11378241
2020-05-16 17:47:01.175696 co2: 'data: "M 55165 52535 422.60 55.0 0.0 0.0 808 55.0 55.0 00\r\n"' @ 35.7925905 -106.6862651 1927.12378887
2020-05-16 17:47:02.173508 co2: 'data: "M 55165 52531 423.20 55.0 0.0 0.0 808 55.0 55.1 00\r\n"' @ 35.7925911 -106.6862612 1927.12379347
LOG: data: "DDSA at 91, 32.7587356567, 22.7938079834, 4.13515949249"
2020-05-16 17:47:03.175743 co2: 'data: "M 55165 52529 423.24 55.0 0.0 0.0 808 55.0 55.1 00\r\n"' @ 35.7925909 -106.6862544 1927.11379849
2020-05-16 17:47:04.175629 co2: 'data: "M 55165 52534 422.10 55.0 0.0 0.0 808 55.0 55.0 00\r\n"' @ 35.7925907 -106.6862512 1927.1338006
2020-05-16 17:47:05.175470 co2: 'data: "M 55165 52540 420.91 55.0 0.0 0.0 808 55.0 55.1 00\r\n"' @ 35.7925898 -106.6862502 1927.15379925
LOG: data: "DDSA at 92, 32.7587356567, 21.7938079834, 4.13515949249"
2020-05-16 17:47:06.175809 co2: 'data: "M 55165 52546 419.90 55.0 0.0 0.0 808 55.0 55.0 00\r\n"' @ 35.7925893 -106.6862518 1927.15379675
2020-05-16 17:47:07.175074 co2: 'data: "M 55165 52549 419.91 55.0 0.0 0.0 808 55.0 55.0 00\r\n"' @ 35.792589 -106.6862521 1927.18379579
2020-05-16 17:47:08.176151 co2: 'data: "M 55165 52542 421.34 55.0 0.0 0.0 808 55.0 55.0 00\r\n"' @ 35.7925857 -106.686252 1927.14378793
LOG: data: "DDSA at 93, 32.7587356567, 20.7938079834, 4.13515949249"
2020-05-16 17:47:09.173422 co2: 'data: "M 55165 52535 422.53 55.0 0.0 0.0 808 55.0 55.0 00\r\n"' @ 35.7925817 -106.686252 1927.15377832
2020-05-16 17:47:10.176008 co2: 'data: "M 55165 52531 423.08 55.0 0.0 0.0 808 55.0 55.0 00\r\n"' @ 35.79258 -106.686253 1927.12377342
2020-05-16 17:47:11.173670 co2: 'data: "M 55165 52533 422.67 55.0 0.0 0.0 808 55.0 55.0 00\r\n"' @ 35.7925765 -106.6862541 1927.13376411
LOG: data: "DDSA at 94, 32.7587356567, 19.7938079834, 4.13515949249"
2020-05-16 17:47:12.175014 co2: 'data: "M 55165 52535 422.44 55.0 0.0 0.0 808 55.0 55.0 00\r\n"' @ 35.7925737 -106.686254 1927.17375746
2020-05-16 17:47:13.174195 co2: 'data: "M 55165 52534 422.60 55.0 0.0 0.0 808 55.0 55.0 00\r\n"' @ 35.7925717 -106.6862513 1927.14375484
2020-05-16 17:47:14.174696 co2: 'data: "M 55165 52528 424.03 55.0 0.0 0.0 808 55.0 55.0 00\r\n"' @ 35.7925682 -106.6862486 1927.19374861
LOG: data: "DDSA at 95, 32.7587356567, 18.7938079834, 4.13515949249"
2020-05-16 17:47:15.173252 co2: 'data: "M 55165 52520 425.32 55.0 0.0 0.0 808 55.0 55.0 00\r\n"' @ 35.7925643 -106.6862476 1927.26374005
2020-05-16 17:47:16.174780 co2: 'data: "M 55165 52521 424.96 55.0 0.0 0.0 808 55.0 55.0 00\r\n"' @ 35.7925628 -106.6862494 1927.35373498
2020-05-16 17:47:17.175475 co2: 'data: "M 55165 52525 424.12 55.0 0.0 0.0 808 55.0 55.0 00\r\n"' @ 35.7925584 -106.6862504 1927.41372359
LOG: data: "DDSA at 96, 32.7587356567, 17.7938079834, 4.13515949249"
2020-05-16 17:47:18.175795 co2: 'data: "M 55165 52533 422.66 55.0 0.0 0.0 808 55.0 55.0 00\r\n"' @ 35.7925544 -106.6862496 1927.46371462
2020-05-16 17:47:19.174863 co2: 'data: "M 55165 52538 421.85 55.0 0.0 0.0 808 55.0 55.0 00\r\n"' @ 35.7925516 -106.6862493 1927.27370813
2020-05-16 17:47:20.175322 co2: 'data: "M 55165 52537 422.08 55.0 0.0 0.0 808 55.0 55.0 00\r\n"' @ 35.7925457 -106.6862492 1927.12369403
LOG: data: "DDSA at 97, 32.7587356567, 16.7938079834, 4.13515949249"
2020-05-16 17:47:21.175084 co2: 'data: "M 55165 52531 423.27 55.0 0.0 0.0 808 55.0 54.9 00\r\n"' @ 35.792545 -106.6862517 1927.18369032
2020-05-16 17:47:22.174042 co2: 'data: "M 55165 52524 424.60 55.0 0.0 0.0 808 55.0 55.0 00\r\n"' @ 35.7925457 -106.6862534 1927.22369063
2020-05-16 17:47:23.175401 co2: 'data: "M 55165 52524 424.32 55.0 0.0 0.0 808 55.0 55.0 00\r\n"' @ 35.7925426 -106.6862529 1927.11368358
LOG: data: "DDSA at 98, 32.7587356567, 15.7938079834, 4.13515949249"
2020-05-16 17:47:24.173193 co2: 'data: "M 55165 52531 422.85 55.0 0.0 0.0 808 55.0 55.0 00\r\n"' @ 35.7925377 -106.6862521 1927.08367245
2020-05-16 17:47:25.175564 co2: 'data: "M 55165 52540 421.37 55.0 0.0 0.0 808 55.0 55.0 00\r\n"' @ 35.7925342 -106.6862531 1927.05366322
2020-05-16 17:47:26.173286 co2: 'data: "M 55165 52541 421.24 55.0 0.0 0.0 808 55.0 55.0 00\r\n"' @ 35.7925299 -106.6862534 1927.11365264
LOG: data: "DDSA at 99, 32.7587356567, 14.7938079834, 4.13515949249"
2020-05-16 17:47:27.175699 co2: 'data: "M 55165 52535 422.61 55.0 0.0 0.0 808 55.0 55.0 00\r\n"' @ 35.7925266 -106.6862523 1927.09364559
2020-05-16 17:47:28.173489 co2: 'data: "M 55165 52528 423.74 55.0 0.0 0.0 808 55.0 55.0 00\r\n"' @ 35.7925258 -106.6862503 1927.06364529
2020-05-16 17:47:29.174938 co2: 'data: "M 55165 52525 424.09 55.0 0.0 0.0 808 55.0 54.9 00\r\n"' @ 35.792522 -106.6862489 1927.06363729
LOG: data: "DDSA at 100, 32.7587356567, 13.7938079834, 4.13515949249"
2020-05-16 17:47:30.175275 co2: 'data: "M 55165 52531 422.96 55.0 0.0 0.0 808 55.0 54.9 00\r\n"' @ 35.7925183 -106.6862484 1927.1436288
2020-05-16 17:47:31.175192 co2: 'data: "M 55165 52540 421.38 55.0 0.0 0.0 808 55.0 55.0 00\r\n"' @ 35.7925165 -106.6862504 1927.13362285
2020-05-16 17:47:32.175411 co2: 'data: "M 55165 52546 420.25 55.0 0.0 0.0 808 55.0 55.0 00\r\n"' @ 35.7925118 -106.6862495 1927.18361228
LOG: data: "DDSA at 101, 32.7587356567, 12.7938079834, 4.13515949249"
2020-05-16 17:47:33.175392 co2: 'data: "M 55165 52545 420.39 55.0 0.0 0.0 808 55.0 55.0 00\r\n"' @ 35.7925085 -106.6862501 1927.23360386
2020-05-16 17:47:34.175086 co2: 'data: "M 55165 52539 421.54 55.0 0.0 0.0 808 55.0 55.0 00\r\n"' @ 35.7925076 -106.6862515 1927.23360056
2020-05-16 17:47:35.173354 co2: 'data: "M 55165 52534 422.46 55.0 0.0 0.0 808 55.0 54.9 00\r\n"' @ 35.7925044 -106.6862523 1927.22359222
2020-05-16 17:47:36.176098 co2: 'data: "M 55165 52531 422.93 55.0 0.0 0.0 808 55.0 55.0 00\r\n"' @ 35.7925002 -106.68625 1927.20358398
2020-05-16 17:47:37.173592 co2: 'data: "M 55165 52535 422.31 55.0 0.0 0.0 808 55.0 55.0 00\r\n"' @ 35.7924992 -106.6862489 1927.26358247
LOG: data: "DDSA at 102, 31.7587356567, 12.7938079834, 4.13515949249"
2020-05-16 17:47:38.175548 co2: 'data: "M 55165 52540 421.34 55.0 0.0 0.0 808 55.0 55.0 00\r\n"' @ 35.7924976 -106.6862542 1927.23357433
2020-05-16 17:47:39.174120 co2: 'data: "M 55165 52541 421.14 55.0 0.0 0.0 808 55.0 54.9 00\r\n"' @ 35.7924973 -106.6862594 1927.22356939
2020-05-16 17:47:40.175104 co2: 'data: "M 55165 52535 422.35 55.0 0.0 0.0 808 55.0 55.0 00\r\n"' @ 35.7924981 -106.6862618 1927.18356937
LOG: data: "DDSA at 103, 30.7587356567, 12.7938079834, 4.13515949249"
2020-05-16 17:47:41.175017 co2: 'data: "M 55165 52526 423.96 55.0 0.0 0.0 808 55.0 55.0 00\r\n"' @ 35.7924992 -106.6862628 1927.18357121
2020-05-16 17:47:42.175918 co2: 'data: "M 55165 52523 424.61 55.0 0.0 0.0 808 55.0 54.9 00\r\n"' @ 35.7925006 -106.6862628 1927.19357457
2020-05-16 17:47:43.174077 co2: 'data: "M 55165 52525 424.22 55.0 0.0 0.0 808 55.0 55.0 00\r\n"' @ 35.7925025 -106.6862667 1927.27357598
LOG: data: "DDSA at 104, 29.7587356567, 12.7938079834, 4.13515949249"
2020-05-16 17:47:44.175229 co2: 'data: "M 55165 52536 422.33 55.0 0.0 0.0 808 55.0 55.0 00\r\n"' @ 35.7925027 -106.6862729 1927.30357144
2020-05-16 17:47:45.174938 co2: 'data: "M 55165 52542 421.04 55.0 0.0 0.0 808 55.0 54.9 00\r\n"' @ 35.792501 -106.6862758 1927.22356501
2020-05-16 17:47:46.173751 co2: 'data: "M 55165 52541 421.13 55.0 0.0 0.0 808 55.0 54.9 00\r\n"' @ 35.7925 -106.6862816 1927.1435579
2020-05-16 17:47:47.175911 co2: 'data: "M 55165 52539 421.53 55.0 0.0 0.0 808 55.0 55.0 00\r\n"' @ 35.7924991 -106.6862838 1927.11355396
2020-05-16 17:47:48.174149 co2: 'data: "M 55165 52534 422.35 55.0 0.0 0.0 808 55.0 54.9 00\r\n"' @ 35.7924982 -106.686283 1927.14355244
LOG: data: "DDSA at 105, 28.7587356567, 12.7938079834, 4.13515949249"
2020-05-16 17:47:49.175019 co2: 'data: "M 55165 52533 422.64 55.0 0.0 0.0 808 55.0 55.0 00\r\n"' @ 35.792498 -106.6862867 1927.13354896
2020-05-16 17:47:50.174135 co2: 'data: "M 55165 52534 422.57 55.0 0.0 0.0 808 55.0 54.9 00\r\n"' @ 35.7924978 -106.6862914 1927.14354468
2020-05-16 17:47:51.175580 co2: 'data: "M 55165 52537 422.07 55.0 0.0 0.0 808 55.0 54.9 00\r\n"' @ 35.7924983 -106.6862946 1927.15354329
LOG: data: "DDSA at 106, 27.7587356567, 12.7938079834, 4.13515949249"
2020-05-16 17:47:52.173234 co2: 'data: "M 55165 52536 422.09 55.0 0.0 0.0 808 55.0 54.9 00\r\n"' @ 35.7924988 -106.6862958 1927.14354352
2020-05-16 17:47:53.175515 co2: 'data: "M 55165 52529 423.26 55.0 0.0 0.0 808 55.0 55.0 00\r\n"' @ 35.7924986 -106.6862954 1927.16354336
2020-05-16 17:47:54.175938 co2: 'data: "M 55165 52520 424.93 55.0 0.0 0.0 808 55.0 55.0 00\r\n"' @ 35.7924985 -106.6862981 1927.17354093
2020-05-16 17:47:55.175250 co2: 'data: "M 55165 52515 426.11 55.0 0.0 0.0 808 55.0 55.0 00\r\n"' @ 35.7924981 -106.6863028 1927.16353616
LOG: data: "DDSA at 107, 26.7587356567, 12.7938079834, 4.13515949249"
2020-05-16 17:47:56.175307 co2: 'data: "M 55165 52521 425.45 55.0 0.0 0.0 808 55.0 55.0 00\r\n"' @ 35.792499 -106.6863072 1927.16353476
2020-05-16 17:47:57.174140 co2: 'data: "M 55165 52528 423.97 55.0 0.0 0.0 808 55.0 55.0 00\r\n"' @ 35.7924999 -106.6863142 1927.17353126
2020-05-16 17:47:58.174974 co2: 'data: "M 55165 52534 422.65 55.0 0.0 0.0 808 55.0 55.0 00\r\n"' @ 35.7925015 -106.6863186 1927.18353154
LOG: data: "DDSA at 108, 25.7587356567, 12.7938079834, 4.13515949249"
2020-05-16 17:47:59.174220 co2: 'data: "M 55165 52533 422.63 55.0 0.0 0.0 808 55.0 55.0 00\r\n"' @ 35.7925015 -106.6863204 1927.22353008
2020-05-16 17:48:00.175094 co2: 'data: "M 55165 52524 424.27 55.0 0.0 0.0 808 55.0 55.0 00\r\n"' @ 35.7925 -106.6863175 1927.22352883
2020-05-16 17:48:01.173395 co2: 'data: "M 55165 52517 425.65 55.0 0.0 0.0 808 55.0 54.9 00\r\n"' @ 35.7925003 -106.6863183 1927.2035289
2020-05-16 17:48:02.175639 co2: 'data: "M 55165 52513 426.53 55.0 0.0 0.0 808 55.0 55.0 00\r\n"' @ 35.7924998 -106.6863255 1927.17352187
LOG: data: "DDSA at 109, 24.7587356567, 12.7938079834, 4.13515949249"
2020-05-16 17:48:03.173751 co2: 'data: "M 55165 52520 425.64 55.0 0.0 0.0 808 55.0 55.0 00\r\n"' @ 35.7924995 -106.6863307 1927.16351693
2020-05-16 17:48:04.175074 co2: 'data: "M 55165 52530 423.76 55.0 0.0 0.0 808 55.0 55.0 00\r\n"' @ 35.7925002 -106.6863392 1927.14351173
2020-05-16 17:48:05.173155 co2: 'data: "M 55165 52538 422.26 55.0 0.0 0.0 808 55.0 54.9 00\r\n"' @ 35.7924998 -106.6863435 1927.13350729
LOG: data: "DDSA at 110, 23.7587356567, 12.7938079834, 4.13515949249"
2020-05-16 17:48:06.175690 co2: 'data: "M 55165 52539 421.52 55.0 0.0 0.0 808 55.0 55.0 00\r\n"' @ 35.7924997 -106.6863411 1927.14350899
2020-05-16 17:48:07.174870 co2: 'data: "M 55165 52532 422.49 55.0 0.0 0.0 808 55.0 55.0 00\r\n"' @ 35.7924996 -106.6863382 1927.1535111
2020-05-16 17:48:08.175018 co2: 'data: "M 55165 52529 423.42 55.0 0.0 0.0 808 55.0 55.0 00\r\n"' @ 35.7924989 -106.686341 1927.14350715
2020-05-16 17:48:09.174746 co2: 'data: "M 55165 52527 423.87 55.0 0.0 0.0 808 55.0 55.0 00\r\n"' @ 35.7924987 -106.6863478 1927.11350116
2020-05-16 17:48:10.173214 co2: 'data: "M 55165 52533 423.13 55.0 0.0 0.0 808 55.0 55.0 00\r\n"' @ 35.7924986 -106.6863505 1927.15349873
2020-05-16 17:48:11.174633 co2: 'data: "M 55165 52534 422.56 55.0 0.0 0.0 808 55.0 55.0 00\r\n"' @ 35.7925001 -106.6863513 1927.18350169
