2020-05-16 19:25:11.360346 co2: 'data: "M 55146 52515 423.23 55.0 0.0 0.0 807 55.0 55.0 00\r\n"' @ 35.7925467 -106.6863361 1925.16362605
2020-05-16 19:25:12.351527 co2: 'data: "M 55146 52507 424.80 55.0 0.0 0.0 807 55.0 55.0 00\r\n"' @ 35.7925464 -106.6863358 1925.04362557
2020-05-16 19:25:13.358936 co2: 'data: "M 55146 52506 425.18 55.0 0.0 0.0 807 55.0 55.0 00\r\n"' @ 35.7925466 -106.6863352 1924.98362654
2020-05-16 19:25:14.350181 co2: 'data: "M 55146 52513 424.01 55.0 0.0 0.0 807 55.0 55.0 00\r\n"' @ 35.7925465 -106.6863361 1924.85362557
2020-05-16 19:25:15.357672 co2: 'data: "M 55146 52519 422.74 55.0 0.0 0.0 807 55.0 55.1 00\r\n"' @ 35.7925465 -106.6863377 1924.63362428
2020-05-16 19:25:16.348734 co2: 'data: "M 55146 52522 422.13 55.0 0.0 0.0 807 55.0 55.1 00\r\n"' @ 35.7925458 -106.686338 1924.46362235
2020-05-16 19:25:17.356543 co2: 'data: "M 55146 52517 422.93 55.0 0.0 0.0 807 55.0 55.0 00\r\n"' @ 35.7925462 -106.6863373 1924.38362388
2020-05-16 19:25:18.363118 co2: 'data: "M 55146 52509 424.53 55.0 0.0 0.0 807 55.0 55.0 00\r\n"' @ 35.7925462 -106.6863375 1923.98362372
2020-05-16 19:25:19.355630 co2: 'data: "M 55146 52506 425.15 55.0 0.0 0.0 807 55.0 55.0 00\r\n"' @ 35.7925469 -106.6863379 1923.60362508
2020-05-16 19:25:20.362121 co2: 'data: "M 55146 52511 424.42 55.0 0.0 0.0 807 55.0 55.0 00\r\n"' @ 35.7925471 -106.6863372 1923.44362612
2020-05-16 19:25:21.354052 co2: 'data: "M 55146 52525 421.92 55.0 0.0 0.0 807 55.0 55.0 00\r\n"' @ 35.7925438 -106.6863344 1923.14362046
2020-05-16 19:25:22.361272 co2: 'data: "M 55146 52534 419.88 55.0 0.0 0.0 807 55.0 55.0 00\r\n"' @ 35.7925399 -106.6863327 1922.66361246
2020-05-16 19:25:23.353152 co2: 'data: "M 55146 52538 418.98 55.0 0.0 0.0 807 55.0 55.1 00\r\n"' @ 35.7925366 -106.6863336 1922.28360379
2020-05-16 19:25:24.359591 co2: 'data: "M 55146 52534 419.45 55.0 0.0 0.0 807 55.0 55.0 00\r\n"' @ 35.7925352 -106.6863354 1922.01359897
2020-05-16 19:25:25.350882 co2: 'data: "M 55146 52528 420.52 55.0 0.0 0.0 807 55.0 55.0 00\r\n"' @ 35.7925338 -106.6863347 1921.68359617
2020-05-16 19:25:26.358639 co2: 'data: "M 55146 52527 420.85 55.0 0.0 0.0 807 55.0 55.0 00\r\n"' @ 35.7925346 -106.6863308 1921.29360125
2020-05-16 19:25:27.349611 co2: 'data: "M 55146 52527 420.92 55.0 0.0 0.0 807 55.0 55.1 00\r\n"' @ 35.792535 -106.6863259 1921.01360618
2020-05-16 19:25:28.357186 co2: 'data: "M 55146 52528 420.73 55.0 0.0 0.0 807 55.0 55.1 00\r\n"' @ 35.7925338 -106.6863215 1920.98360686
2020-05-16 19:25:29.348284 co2: 'data: "M 55146 52522 421.60 55.0 0.0 0.0 807 55.0 55.1 00\r\n"' @ 35.7925317 -106.6863191 1920.73360375
2020-05-16 19:25:30.356745 co2: 'data: "M 55146 52513 423.29 55.0 0.0 0.0 807 55.0 55.0 00\r\n"' @ 35.7925301 -106.6863183 1920.54360055
2020-05-16 19:25:31.362370 co2: 'data: "M 55146 52505 424.78 55.0 0.0 0.0 807 55.0 55.0 00\r\n"' @ 35.7925296 -106.686318 1920.30359959
2020-05-16 19:25:32.354808 co2: 'data: "M 55146 52500 425.96 55.0 0.0 0.0 807 55.0 55.0 00\r\n"' @ 35.7925296 -106.6863193 1920.10359854
2020-05-16 19:25:33.361598 co2: 'data: "M 55146 52506 425.23 55.0 0.0 0.0 807 55.0 55.1 00\r\n"' @ 35.7925308 -106.6863196 1919.92360118
2020-05-16 19:25:34.353825 co2: 'data: "M 55146 52513 423.72 55.0 0.0 0.0 807 55.0 55.1 00\r\n"' @ 35.7925321 -106.6863193 1919.93360455
2020-05-16 19:25:35.360600 co2: 'data: "M 55146 52512 423.59 55.0 0.0 0.0 807 55.0 55.0 00\r\n"' @ 35.7925316 -106.6863182 1919.88360424
2020-05-16 19:25:36.351396 co2: 'data: "M 55146 52505 424.51 55.0 0.0 0.0 807 55.0 55.0 00\r\n"' @ 35.7925308 -106.6863171 1919.80360321
2020-05-16 19:25:37.359089 co2: 'data: "M 55146 52494 426.56 55.0 0.0 0.0 808 55.0 55.0 00\r\n"' @ 35.7925313 -106.6863178 1919.77360384
2020-05-16 19:25:38.351367 co2: 'data: "M 55146 52491 427.64 55.0 0.0 0.0 808 55.0 55.0 00\r\n"' @ 35.7925312 -106.6863189 1919.73360271
2020-05-16 19:25:39.358073 co2: 'data: "M 55146 52491 427.74 55.0 0.0 0.0 808 55.0 55.0 00\r\n"' @ 35.7925305 -106.6863196 1919.73360046
2020-05-16 19:25:40.348785 co2: 'data: "M 55146 52496 427.03 55.0 0.0 0.0 808 55.0 55.1 00\r\n"' @ 35.7925307 -106.6863194 1919.72360111
2020-05-16 19:25:41.357089 co2: 'data: "M 55146 52496 426.71 55.0 0.0 0.0 808 55.0 55.0 00\r\n"' @ 35.7925312 -106.6863186 1919.82360296
2020-05-16 19:25:42.363201 co2: 'data: "M 55146 52496 426.94 55.0 0.0 0.0 808 55.0 55.0 00\r\n"' @ 35.7925316 -106.6863181 1919.90360432
2020-05-16 19:25:43.355615 co2: 'data: "M 55146 52492 427.16 55.0 0.0 0.0 808 55.0 55.0 00\r\n"' @ 35.7925314 -106.6863174 1919.94360441
2020-05-16 19:25:44.361869 co2: 'data: "M 55146 52487 428.26 55.0 0.0 0.0 808 55.0 55.0 00\r\n"' @ 35.792531 -106.6863169 1919.96360385
2020-05-16 19:25:45.354070 co2: 'data: "M 55146 52489 428.39 55.0 0.0 0.0 808 55.0 55.0 00\r\n"' @ 35.7925306 -106.6863167 1919.90360305
2020-05-16 19:25:46.360911 co2: 'data: "M 55146 52491 428.08 55.0 0.0 0.0 808 55.0 55.0 00\r\n"' @ 35.7925307 -106.6863172 1919.83360289
2020-05-16 19:25:47.353243 co2: 'data: "M 55146 52496 427.22 55.0 0.0 0.0 808 55.0 55.0 00\r\n"' @ 35.7925311 -106.6863185 1919.7736028
2020-05-16 19:25:48.359596 co2: 'data: "M 55146 52495 426.65 55.0 0.0 0.0 808 55.0 55.0 00\r\n"' @ 35.7925316 -106.6863195 1919.73360319
2020-05-16 19:25:49.351707 co2: 'data: "M 55146 52487 427.92 55.0 0.0 0.0 808 55.0 55.0 00\r\n"' @ 35.7925323 -106.6863192 1919.70360511
2020-05-16 19:25:50.358850 co2: 'data: "M 55146 52482 429.17 55.0 0.0 0.0 808 55.0 55.0 00\r\n"' @ 35.7925312 -106.6863184 1919.70360312
2020-05-16 19:25:51.349608 co2: 'data: "M 55146 52482 429.56 55.0 0.0 0.0 808 55.0 55.1 00\r\n"' @ 35.7925296 -106.6863167 1919.67360065
2020-05-16 19:25:52.357380 co2: 'data: "M 55146 52492 428.26 55.0 0.0 0.0 808 55.0 55.1 00\r\n"' @ 35.7925288 -106.6863167 1919.63359872
2020-05-16 19:25:53.364148 co2: 'data: "M 55146 52502 426.36 55.0 0.0 0.0 808 55.0 55.0 00\r\n"' @ 35.792529 -106.6863179 1919.65359823
2020-05-16 19:25:54.356006 co2: 'data: "M 55146 52502 424.54 55.0 0.0 0.0 808 55.0 55.0 00\r\n"' @ 35.7925298 -106.6863193 1919.84359902
2020-05-16 19:25:55.362389 co2: 'data: "M 55146 52512 422.97 55.0 0.0 0.0 808 55.0 55.0 00\r\n"' @ 35.7925306 -106.6863196 1919.9236007
2020-05-16 19:25:56.355033 co2: 'data: "M 55146 52515 423.30 55.0 0.0 0.0 808 55.0 55.0 00\r\n"' @ 35.7925315 -106.6863194 1919.93360303
2020-05-16 19:25:57.361397 co2: 'data: "M 55146 52511 424.03 55.0 0.0 0.0 808 55.0 55.0 00\r\n"' @ 35.7925323 -106.6863191 1920.0036052
2020-05-16 19:25:58.353639 co2: 'data: "M 55146 52509 424.42 55.0 0.0 0.0 808 55.0 55.0 00\r\n"' @ 35.7925312 -106.6863189 1920.07360271
2020-05-16 19:25:59.360537 co2: 'data: "M 55146 52507 423.80 55.0 0.0 0.0 808 55.0 55.0 00\r\n"' @ 35.7925304 -106.686318 1920.10360152
2020-05-16 19:26:00.352509 co2: 'data: "M 55146 52514 422.60 55.0 0.0 0.0 808 55.0 55.0 00\r\n"' @ 35.79253 -106.6863167 1920.10360161
2020-05-16 19:26:01.359586 co2: 'data: "M 55146 52517 422.86 55.0 0.0 0.0 808 55.0 55.0 00\r\n"' @ 35.7925306 -106.6863175 1920.0836024
2020-05-16 19:26:02.350338 co2: 'data: "M 55146 52515 423.30 55.0 0.0 0.0 808 55.0 55.0 00\r\n"' @ 35.7925307 -106.6863189 1920.06360151
2020-05-16 19:26:03.358046 co2: 'data: "M 55146 52511 424.06 55.0 0.0 0.0 808 55.0 55.0 00\r\n"' @ 35.7925303 -106.6863191 1920.04360039
2020-05-16 19:26:04.364729 co2: 'data: "M 55146 52507 424.42 55.0 0.0 0.0 808 55.0 55.0 00\r\n"' @ 35.7925308 -106.6863192 1920.07360151
2020-05-16 19:26:05.356862 co2: 'data: "M 55146 52509 423.96 55.0 0.0 0.0 808 55.0 55.0 00\r\n"' @ 35.7925317 -106.6863197 1920.00360327
2020-05-16 19:26:06.348066 co2: 'data: "M 55146 52514 422.58 55.0 0.0 0.0 808 55.0 55.0 00\r\n"' @ 35.7925328 -106.6863205 1919.91360526
2020-05-16 19:26:07.356372 co2: 'data: "M 55146 52520 422.33 55.0 0.0 0.0 808 55.0 55.0 00\r\n"' @ 35.792533 -106.6863213 1919.8836051
2020-05-16 19:26:08.362980 co2: 'data: "M 55146 52513 424.95 55.0 0.0 0.0 808 55.0 54.9 00\r\n"' @ 35.7925321 -106.6863197 1919.83360423
2020-05-16 19:26:09.354572 co2: 'data: "M 55146 52495 428.11 55.0 0.0 0.0 807 55.0 55.0 00\r\n"' @ 35.7925315 -106.6863165 1919.84360538
2020-05-16 19:26:10.361283 co2: 'data: "M 55146 52483 429.68 55.0 0.0 0.0 808 55.0 55.0 00\r\n"' @ 35.7925301 -106.6863162 1919.85360225
2020-05-16 19:26:11.353735 co2: 'data: "M 55146 52480 429.36 55.0 0.0 0.0 808 55.0 55.0 00\r\n"' @ 35.7925287 -106.6863173 1919.903598
2020-05-16 19:26:12.360576 co2: 'data: "M 55146 52487 428.03 55.0 0.0 0.0 808 55.0 55.0 00\r\n"' @ 35.7925289 -106.6863193 1919.87359686
2020-05-16 19:26:13.352527 co2: 'data: "M 55146 52494 426.68 55.0 0.0 0.0 807 55.0 55.0 00\r\n"' @ 35.7925285 -106.6863208 1919.86359468
2020-05-16 19:26:14.359403 co2: 'data: "M 55146 52499 426.14 55.0 0.0 0.0 807 55.0 55.0 00\r\n"' @ 35.792527 -106.6863195 1920.03359213
2020-05-16 19:26:15.351351 co2: 'data: "M 55146 52496 427.35 55.0 0.0 0.0 807 55.0 55.0 00\r\n"' @ 35.7925277 -106.6863163 1920.2035964
2020-05-16 19:26:16.358758 co2: 'data: "M 55146 52490 427.90 55.0 0.0 0.0 807 55.0 55.0 00\r\n"' @ 35.7925264 -106.6863134 1920.23359563
2020-05-16 19:26:17.349037 co2: 'data: "M 55146 52492 427.35 55.0 0.0 0.0 807 55.0 55.0 00\r\n"' @ 35.7925252 -106.6863144 1920.33359193
2020-05-16 19:26:18.356737 co2: 'data: "M 55146 52496 426.37 55.0 0.0 0.0 807 55.0 55.0 00\r\n"' @ 35.7925241 -106.6863157 1920.42358823
2020-05-16 19:26:19.347713 co2: 'data: "M 55146 52502 425.35 55.0 0.0 0.0 807 55.0 55.0 00\r\n"' @ 35.7925255 -106.6863149 1920.52359225
2020-05-16 19:26:20.355486 co2: 'data: "M 55146 52502 426.14 55.0 0.0 0.0 807 55.0 55.0 00\r\n"' @ 35.7925261 -106.6863151 1920.53359353
2020-05-16 19:26:21.362132 co2: 'data: "M 55146 52493 428.10 55.0 0.0 0.0 807 55.0 55.0 00\r\n"' @ 35.7925257 -106.6863149 1920.59359273
2020-05-16 19:26:22.354494 co2: 'data: "M 55146 52481 430.36 55.0 0.0 0.0 807 55.0 55.0 00\r\n"' @ 35.7925239 -106.6863162 1920.60358735
2020-05-16 19:26:23.361009 co2: 'data: "M 55146 52473 431.20 55.0 0.0 0.0 807 55.0 55.0 00\r\n"' @ 35.7925218 -106.6863164 1920.53358214
2020-05-16 19:26:24.353357 co2: 'data: "M 55146 52476 430.56 55.0 0.0 0.0 807 55.0 55.0 00\r\n"' @ 35.7925215 -106.6863188 1920.52357947
2020-05-16 19:26:25.360131 co2: 'data: "M 55146 52480 429.64 55.0 0.0 0.0 807 55.0 55.0 00\r\n"' @ 35.7925229 -106.6863202 1920.5035817
2020-05-16 19:26:26.352406 co2: 'data: "M 55146 52484 429.00 55.0 0.0 0.0 807 55.0 55.0 00\r\n"' @ 35.7925255 -106.6863179 1920.44358982
2020-05-16 19:26:27.359190 co2: 'data: "M 55146 52483 430.31 55.0 0.0 0.0 807 55.0 55.0 00\r\n"' @ 35.792527 -106.6863169 1920.43359423
2020-05-16 19:26:28.349788 co2: 'data: "M 55146 52468 432.88 55.0 0.0 0.0 807 55.0 55.0 00\r\n"' @ 35.7925267 -106.6863159 1920.49359432
2020-05-16 19:26:29.357358 co2: 'data: "M 55146 52458 434.26 55.0 0.0 0.0 807 55.0 55.0 00\r\n"' @ 35.7925248 -106.686314 1920.68359129
2020-05-16 19:26:30.348526 co2: 'data: "M 55146 52461 433.20 55.0 0.0 0.0 807 55.0 55.0 00\r\n"' @ 35.7925237 -106.6863136 1920.65358897
2020-05-16 19:26:31.356110 co2: 'data: "M 55146 52473 431.06 55.0 0.0 0.0 807 55.0 55.0 00\r\n"' @ 35.7925233 -106.6863142 1920.62358752
2020-05-16 19:26:32.362748 co2: 'data: "M 55146 52480 429.93 55.0 0.0 0.0 807 55.0 55.0 00\r\n"' @ 35.792522 -106.6863167 1920.55358237
2020-05-16 19:26:33.354972 co2: 'data: "M 55146 52481 429.82 55.0 0.0 0.0 807 55.0 55.0 00\r\n"' @ 35.7925224 -106.6863184 1920.48358196
2020-05-16 19:26:34.361582 co2: 'data: "M 55146 52480 430.00 55.0 0.0 0.0 807 55.0 55.0 00\r\n"' @ 35.7925243 -106.6863185 1920.44358645
2020-05-16 19:26:35.353711 co2: 'data: "M 55146 52480 429.83 55.0 0.0 0.0 807 55.0 55.0 00\r\n"' @ 35.7925277 -106.6863184 1920.4135947
2020-05-16 19:26:36.360504 co2: 'data: "M 55146 52485 428.96 55.0 0.0 0.0 807 55.0 55.0 00\r\n"' @ 35.7925284 -106.6863182 1920.34359655
2020-05-16 19:26:37.352903 co2: 'data: "M 55146 52489 427.88 55.0 0.0 0.0 807 55.0 55.0 00\r\n"' @ 35.7925273 -106.6863174 1920.42359455
2020-05-16 19:26:38.359837 co2: 'data: "M 55146 52496 426.60 55.0 0.0 0.0 807 55.0 55.0 00\r\n"' @ 35.792525 -106.6863167 1921.01358959
2020-05-16 19:26:39.350349 co2: 'data: "M 55146 52500 426.27 55.0 0.0 0.0 807 55.0 55.0 00\r\n"' @ 35.792524 -106.6863159 1921.41358783
2020-05-16 19:26:40.358517 co2: 'data: "M 55146 52495 427.25 55.0 0.0 0.0 807 55.0 55.1 00\r\n"' @ 35.792523 -106.6863145 1921.38358656
2020-05-16 19:26:41.349127 co2: 'data: "M 55146 52488 428.45 55.0 0.0 0.0 807 55.0 55.0 00\r\n"' @ 35.7925228 -106.6863145 1921.26358608
2020-05-16 19:26:42.357519 co2: 'data: "M 55146 52488 428.16 55.0 0.0 0.0 807 55.0 55.0 00\r\n"' @ 35.7925234 -106.6863158 1921.22358647
2020-05-16 19:26:43.348100 co2: 'data: "M 55146 52499 425.88 55.0 0.0 0.0 807 55.0 55.0 00\r\n"' @ 35.7925246 -106.686317 1921.21358838
2020-05-16 19:26:44.356310 co2: 'data: "M 55146 52510 424.00 55.0 0.0 0.0 807 55.0 55.0 00\r\n"' @ 35.7925246 -106.6863169 1921.20358846
2020-05-16 19:26:45.347058 co2: 'data: "M 55146 52513 423.54 55.0 0.0 0.0 807 55.0 55.0 00\r\n"' @ 35.7925249 -106.6863156 1921.20359024
2020-05-16 19:26:46.354983 co2: 'data: "M 55146 52510 424.39 55.0 0.0 0.0 807 55.0 55.0 00\r\n"' @ 35.7925237 -106.686317 1921.12358622
2020-05-16 19:26:47.361737 co2: 'data: "M 55146 52498 426.67 55.0 0.0 0.0 807 55.0 55.0 00\r\n"' @ 35.7925227 -106.6863159 1920.9735847
2020-05-16 19:26:48.354098 co2: 'data: "M 55146 52491 427.71 55.0 0.0 0.0 807 55.0 55.0 00\r\n"' @ 35.7925247 -106.686312 1920.92359267
2020-05-16 19:26:49.361265 co2: 'data: "M 55146 52490 427.79 55.0 0.0 0.0 807 55.0 55.0 00\r\n"' @ 35.7925245 -106.6863111 1920.86359292
2020-05-16 19:26:50.353505 co2: 'data: "M 55146 52495 426.89 55.0 0.0 0.0 807 55.0 55.0 00\r\n"' @ 35.7925234 -106.6863118 1920.77358971
2020-05-16 19:26:51.360089 co2: 'data: "M 55146 52499 426.26 55.0 0.0 0.0 807 55.0 54.9 00\r\n"' @ 35.7925221 -106.6863135 1920.71358521
2020-05-16 19:26:52.352925 co2: 'data: "M 55146 52500 425.96 55.0 0.0 0.0 807 55.0 55.0 00\r\n"' @ 35.7925221 -106.6863152 1920.60358383
2020-05-16 19:26:53.359720 co2: 'data: "M 55146 52501 425.92 55.0 0.0 0.0 808 55.0 55.0 00\r\n"' @ 35.792522 -106.6863164 1920.55358262
2020-05-16 19:26:54.350724 co2: 'data: "M 55146 52495 427.00 55.0 0.0 0.0 808 55.0 55.0 00\r\n"' @ 35.7925223 -106.686317 1920.51358285
2020-05-16 19:26:55.358995 co2: 'data: "M 55146 52495 426.90 55.0 0.0 0.0 808 55.0 55.0 00\r\n"' @ 35.7925227 -106.6863168 1920.52358398
2020-05-16 19:26:56.349884 co2: 'data: "M 55146 52500 425.93 55.0 0.0 0.0 808 55.0 54.9 00\r\n"' @ 35.7925214 -106.6863161 1920.42358142
2020-05-16 19:26:57.358117 co2: 'data: "M 55146 52508 424.50 55.0 0.0 0.0 808 55.0 55.0 00\r\n"' @ 35.7925167 -106.6863136 1920.33357214
2020-05-16 19:26:58.349013 co2: 'data: "M 55146 52511 423.91 55.0 0.0 0.0 808 55.0 54.9 00\r\n"' @ 35.7925123 -106.6863113 1920.30356342
2020-05-16 19:26:59.357091 co2: 'data: "M 55146 52505 424.98 55.0 0.0 0.0 808 55.0 55.0 00\r\n"' @ 35.7925084 -106.6863108 1920.29355445
2020-05-16 19:27:00.348291 co2: 'data: "M 55146 52498 426.20 55.0 0.0 0.0 808 55.0 55.0 00\r\n"' @ 35.792504 -106.6863109 1920.26354379
2020-05-16 19:27:01.356331 co2: 'data: "M 55146 52496 426.54 55.0 0.0 0.0 808 55.0 55.0 00\r\n"' @ 35.7925002 -106.6863097 1920.25353563
2020-05-16 19:27:02.363130 co2: 'data: "M 55146 52504 425.34 55.0 0.0 0.0 808 55.0 55.0 00\r\n"' @ 35.7924965 -106.6863085 1920.2435277
2020-05-16 19:27:03.355400 co2: 'data: "M 55146 52513 423.57 55.0 0.0 0.0 808 55.0 55.0 00\r\n"' @ 35.7924911 -106.6863069 1920.31351601
2020-05-16 19:27:04.362349 co2: 'data: "M 55146 52518 422.43 55.0 0.0 0.0 808 55.0 55.0 00\r\n"' @ 35.792486 -106.6863053 1920.37350504
2020-05-16 19:27:05.354813 co2: 'data: "M 55146 52519 422.24 55.0 0.0 0.0 808 55.0 55.0 00\r\n"' @ 35.7924826 -106.686304 1920.44349792
2020-05-16 19:27:06.361821 co2: 'data: "M 55146 52509 424.08 55.0 0.0 0.0 808 55.0 55.0 00\r\n"' @ 35.792478 -106.6863032 1920.68348751
2020-05-16 19:27:07.352931 co2: 'data: "M 55146 52497 426.28 55.0 0.0 0.0 808 55.0 54.9 00\r\n"' @ 35.7924729 -106.6863001 1920.91347776
2020-05-16 19:27:08.360971 co2: 'data: "M 55146 52491 427.52 55.0 0.0 0.0 808 55.0 55.0 00\r\n"' @ 35.7924671 -106.6862965 1920.76346673
2020-05-16 19:27:09.352071 co2: 'data: "M 55146 52494 427.29 55.0 0.0 0.0 808 55.0 55.0 00\r\n"' @ 35.7924654 -106.6862965 1920.73346264
2020-05-16 19:27:10.360230 co2: 'data: "M 55146 52485 428.84 55.0 0.0 0.0 807 55.0 55.0 00\r\n"' @ 35.7924625 -106.6862998 1920.70345299
2020-05-16 19:27:11.351485 co2: 'data: "M 55146 52452 434.76 55.0 0.0 0.0 807 55.0 55.0 00\r\n"' @ 35.7924603 -106.6863038 1920.66344446
2020-05-16 19:27:12.359608 co2: 'data: "M 55146 52454 435.09 55.0 0.0 0.0 807 55.0 55.0 00\r\n"' @ 35.7924584 -106.6863039 1920.63343981
2020-05-16 19:27:13.366338 co2: 'data: "M 55146 52470 432.29 55.0 0.0 0.0 807 55.0 55.0 00\r\n"' @ 35.792456 -106.6863017 1920.62343582
2020-05-16 19:27:14.358829 co2: 'data: "M 55146 52480 430.41 55.0 0.0 0.0 807 55.0 55.0 00\r\n"' @ 35.7924522 -106.6863008 1920.59342741
2020-05-16 19:27:15.350646 co2: 'data: "M 55146 52489 428.62 55.0 0.0 0.0 807 55.0 54.9 00\r\n"' @ 35.7924481 -106.6863027 1920.66341602
2020-05-16 19:27:16.358036 co2: 'data: "M 55146 52498 426.82 55.0 0.0 0.0 807 55.0 54.9 00\r\n"' @ 35.7924466 -106.6863058 1920.6334099
2020-05-16 19:27:17.349878 co2: 'data: "M 55146 52502 425.73 55.0 0.0 0.0 807 55.0 55.0 00\r\n"' @ 35.7924471 -106.6863104 1920.52340738
2020-05-16 19:27:18.356406 co2: 'data: "M 55146 52496 426.55 55.0 0.0 0.0 807 55.0 55.0 00\r\n"' @ 35.7924518 -106.6863111 1920.91341811
2020-05-16 19:27:19.349474 co2: 'data: "M 55146 52490 427.76 55.0 0.0 0.0 807 55.0 55.0 00\r\n"' @ 35.7924536 -106.6863104 1921.39342301
2020-05-16 19:27:20.355512 co2: 'data: "M 55146 52485 428.74 55.0 0.0 0.0 807 55.0 55.0 00\r\n"' @ 35.7924539 -106.6863143 1921.75342057
2020-05-16 19:27:21.348676 co2: 'data: "M 55146 52489 428.47 55.0 0.0 0.0 807 55.0 55.0 00\r\n"' @ 35.792454 -106.6863186 1922.10341733
2020-05-16 19:27:22.354798 co2: 'data: "M 55146 52497 426.96 55.0 0.0 0.0 807 55.0 54.9 00\r\n"' @ 35.7924551 -106.6863205 1922.05341843
2020-05-16 19:27:23.362975 co2: 'data: "M 55146 52506 425.14 55.0 0.0 0.0 807 55.0 55.0 00\r\n"' @ 35.7924566 -106.6863187 1922.0334235
2020-05-16 19:27:24.354169 co2: 'data: "M 55146 52509 424.36 55.0 0.0 0.0 807 55.0 55.0 00\r\n"' @ 35.7924569 -106.6863166 1922.03342592
2020-05-16 19:27:25.362297 co2: 'data: "M 55146 52503 425.17 55.0 0.0 0.0 807 55.0 55.0 00\r\n"' @ 35.7924573 -106.6863157 1922.31342761
2020-05-16 19:27:26.353477 co2: 'data: "M 55146 52500 425.95 55.0 0.0 0.0 807 55.0 55.0 00\r\n"' @ 35.7924567 -106.686313 1922.49342835
2020-05-16 19:27:27.361728 co2: 'data: "M 55146 52501 425.90 55.0 0.0 0.0 807 55.0 55.0 00\r\n"' @ 35.7924562 -106.6863114 1922.39342845
2020-05-16 19:27:28.353623 co2: 'data: "M 55146 52511 424.66 55.0 0.0 0.0 807 55.0 55.0 00\r\n"' @ 35.7924556 -106.6863127 1922.37342595
2020-05-16 19:27:29.360956 co2: 'data: "M 55146 52521 422.53 55.0 0.0 0.0 807 55.0 55.0 00\r\n"' @ 35.7924569 -106.6863146 1922.34342754
2020-05-16 19:27:30.353499 co2: 'data: "M 55146 52524 421.47 55.0 0.0 0.0 807 55.0 55.0 00\r\n"' @ 35.7924576 -106.6863165 1922.28342768
2020-05-16 19:27:31.359602 co2: 'data: "M 55146 52526 420.92 55.0 0.0 0.0 807 55.0 54.9 00\r\n"' @ 35.7924594 -106.6863157 1922.25343266
2020-05-16 19:27:32.352552 co2: 'data: "M 55146 52516 422.34 55.0 0.0 0.0 807 55.0 55.0 00\r\n"' @ 35.7924616 -106.6863106 1922.25344208
2020-05-16 19:27:33.359159 co2: 'data: "M 55146 52506 424.36 55.0 0.0 0.0 807 55.0 55.0 00\r\n"' @ 35.7924629 -106.6863065 1922.22344853
2020-05-16 19:27:34.351807 co2: 'data: "M 55146 52503 425.27 55.0 0.0 0.0 807 55.0 55.0 00\r\n"' @ 35.7924628 -106.6863045 1922.24344991
2020-05-16 19:27:35.358303 co2: 'data: "M 55146 52511 424.37 55.0 0.0 0.0 807 55.0 55.0 00\r\n"' @ 35.7924636 -106.6863027 1922.25345329
2020-05-16 19:27:36.366617 co2: 'data: "M 55146 52522 422.24 55.0 0.0 0.0 807 55.0 55.0 00\r\n"' @ 35.7924645 -106.6863009 1922.19345691
2020-05-16 19:27:37.357666 co2: 'data: "M 55146 52524 421.38 55.0 0.0 0.0 807 55.0 55.0 00\r\n"' @ 35.7924655 -106.6863007 1922.12345948
2020-05-16 19:27:38.350798 co2: 'data: "M 55146 52518 421.88 55.0 0.0 0.0 807 55.0 55.0 00\r\n"' @ 35.7924658 -106.6863001 1922.08346068
2020-05-16 19:27:39.357878 co2: 'data: "M 55146 52510 423.47 55.0 0.0 0.0 807 55.0 55.0 00\r\n"' @ 35.7924668 -106.6862994 1922.04346366
2020-05-16 19:27:40.349944 co2: 'data: "M 55146 52508 424.56 55.0 0.0 0.0 807 55.0 55.0 00\r\n"' @ 35.7924675 -106.6862989 1922.04346574
2020-05-16 19:27:41.357254 co2: 'data: "M 55146 52510 424.26 55.0 0.0 0.0 807 55.0 55.0 00\r\n"' @ 35.7924672 -106.6862997 1922.06346437
2020-05-16 19:27:42.349299 co2: 'data: "M 55146 52514 423.51 55.0 0.0 0.0 807 55.0 55.0 00\r\n"' @ 35.792466 -106.6862978 1922.01346303
2020-05-16 19:27:43.356806 co2: 'data: "M 55146 52513 423.23 55.0 0.0 0.0 807 55.0 55.0 00\r\n"' @ 35.7924679 -106.6862965 1921.87346865
2020-05-16 19:27:44.347699 co2: 'data: "M 55146 52503 424.67 55.0 0.0 0.0 807 55.0 55.0 00\r\n"' @ 35.792468 -106.6862961 1921.86346921
2020-05-16 19:27:45.356152 co2: 'data: "M 55146 52497 426.08 55.0 0.0 0.0 807 55.0 55.0 00\r\n"' @ 35.7924679 -106.6862949 1921.84346995
2020-05-16 19:27:46.362678 co2: 'data: "M 55146 52491 427.32 55.0 0.0 0.0 807 55.0 55.0 00\r\n"' @ 35.7924673 -106.6862968 1921.83346696
2020-05-16 19:27:47.355929 co2: 'data: "M 55146 52495 427.56 55.0 0.0 0.0 807 55.0 55.0 00\r\n"' @ 35.7924674 -106.6862983 1921.87346599
2020-05-16 19:27:48.362072 co2: 'data: "M 55146 52495 425.76 55.0 0.0 0.0 807 55.0 55.0 00\r\n"' @ 35.7924676 -106.6862988 1922.09346607
2020-05-16 19:27:49.354606 co2: 'data: "M 55146 52509 423.36 55.0 0.0 0.0 807 55.0 55.0 00\r\n"' @ 35.7924688 -106.6862993 1922.45346855
2020-05-16 19:27:50.361349 co2: 'data: "M 55146 52517 422.41 55.0 0.0 0.0 807 55.0 55.0 00\r\n"' @ 35.7924687 -106.6862974 1922.79346984
2020-05-16 19:27:51.354020 co2: 'data: "M 55146 52518 423.66 55.0 0.0 0.0 807 55.0 55.0 00\r\n"' @ 35.7924678 -106.6862957 1922.87346906
2020-05-16 19:27:52.361610 co2: 'data: "M 55146 52507 425.82 55.0 0.0 0.0 807 55.0 55.0 00\r\n"' @ 35.7924666 -106.6862949 1922.84346682
2020-05-16 19:27:53.353642 co2: 'data: "M 55146 52496 427.48 55.0 0.0 0.0 807 55.0 55.0 00\r\n"' @ 35.7924654 -106.6862971 1922.78346215
2020-05-16 19:27:54.360469 co2: 'data: "M 55146 52490 427.77 55.0 0.0 0.0 807 55.0 55.1 00\r\n"' @ 35.7924671 -106.6862992 1922.91346454
2020-05-16 19:27:55.353051 co2: 'data: "M 55146 52495 426.26 55.0 0.0 0.0 807 55.0 55.0 00\r\n"' @ 35.7924675 -106.6862996 1922.93346518
2020-05-16 19:27:56.360255 co2: 'data: "M 55146 52502 425.52 55.0 0.0 0.0 807 55.0 55.0 00\r\n"' @ 35.7924676 -106.6862985 1923.03346631
2020-05-16 19:27:57.352570 co2: 'data: "M 55146 52504 425.03 55.0 0.0 0.0 807 55.0 55.0 00\r\n"' @ 35.792467 -106.6862974 1923.01346576
2020-05-16 19:27:58.359313 co2: 'data: "M 55146 52505 425.38 55.0 0.0 0.0 807 55.0 55.0 00\r\n"' @ 35.7924672 -106.6862959 1922.98346745
2020-05-16 19:27:59.366399 co2: 'data: "M 55146 52502 425.66 55.0 0.0 0.0 807 55.0 55.0 00\r\n"' @ 35.7924652 -106.6862949 1922.98346345
2020-05-16 19:28:00.358697 co2: 'data: "M 55146 52503 424.97 55.0 0.0 0.0 807 55.0 55.0 00\r\n"' @ 35.7924629 -106.6862949 1922.97345792
2020-05-16 19:28:01.350045 co2: 'data: "M 55146 52506 424.83 55.0 0.0 0.0 807 55.0 55.0 00\r\n"' @ 35.7924626 -106.6862973 1922.99345526
2020-05-16 19:28:02.358147 co2: 'data: "M 55146 52507 424.43 55.0 0.0 0.0 807 55.0 55.0 00\r\n"' @ 35.792465 -106.6863 1922.89345884
2020-05-16 19:28:03.349474 co2: 'data: "M 55146 52509 424.25 55.0 0.0 0.0 807 55.0 55.0 00\r\n"' @ 35.792467 -106.6863002 1922.84346349
2020-05-16 19:28:04.357854 co2: 'data: "M 55146 52508 424.63 55.0 0.0 0.0 807 55.0 55.0 00\r\n"' @ 35.7924681 -106.6862983 1922.79346767
2020-05-16 19:28:05.350384 co2: 'data: "M 55146 52504 425.74 55.0 0.0 0.0 807 55.0 55.0 00\r\n"' @ 35.7924669 -106.6862953 1922.79346722
2020-05-16 19:28:06.357356 co2: 'data: "M 55146 52497 426.85 55.0 0.0 0.0 807 55.0 55.0 00\r\n"' @ 35.7924659 -106.6862948 1922.68346522
2020-05-16 19:28:07.349758 co2: 'data: "M 55146 52496 426.23 55.0 0.0 0.0 807 55.0 55.0 00\r\n"' @ 35.7924663 -106.6862958 1922.61346537
2020-05-16 19:28:08.356377 co2: 'data: "M 55146 52503 424.32 55.0 0.0 0.0 807 55.0 55.0 00\r\n"' @ 35.7924675 -106.6862975 1922.47346688
2020-05-16 19:28:09.349095 co2: 'data: "M 55146 52515 422.58 55.0 0.0 0.0 807 55.0 55.0 00\r\n"' @ 35.7924673 -106.6862978 1922.38346615
2020-05-16 19:28:10.355143 co2: 'data: "M 55146 52519 422.84 55.0 0.0 0.0 807 55.0 55.0 00\r\n"' @ 35.7924667 -106.6862978 1922.31346471
2020-05-16 19:28:11.363228 co2: 'data: "M 55146 52512 424.03 55.0 0.0 0.0 807 55.0 55.0 00\r\n"' @ 35.7924657 -106.6862983 1922.2434619
2020-05-16 19:28:12.354597 co2: 'data: "M 55146 52505 425.42 55.0 0.0 0.0 807 55.0 55.0 00\r\n"' @ 35.7924657 -106.6863 1922.19346052
2020-05-16 19:28:13.362298 co2: 'data: "M 55146 52499 426.61 55.0 0.0 0.0 807 55.0 55.0 00\r\n"' @ 35.7924659 -106.6863004 1922.12346068
2020-05-16 19:28:14.353847 co2: 'data: "M 55146 52498 426.09 55.0 0.0 0.0 807 55.0 55.0 00\r\n"' @ 35.7924666 -106.6862987 1922.04346374
2020-05-16 19:28:15.361830 co2: 'data: "M 55146 52503 425.12 55.0 0.0 0.0 807 55.0 55.0 00\r\n"' @ 35.7924676 -106.6862968 1921.99346769
2020-05-16 19:28:16.353250 co2: 'data: "M 55146 52508 424.02 55.0 0.0 0.0 807 55.0 55.0 00\r\n"' @ 35.7924675 -106.6862961 1921.96346801
2020-05-16 19:28:17.361588 co2: 'data: "M 55146 52514 423.55 55.0 0.0 0.0 807 55.0 55.0 00\r\n"' @ 35.7924673 -106.6862965 1921.86346721
2020-05-16 19:28:18.353489 co2: 'data: "M 55146 52509 424.84 55.0 0.0 0.0 807 55.0 55.0 00\r\n"' @ 35.7924664 -106.6862972 1921.72346448
2020-05-16 19:28:19.360845 co2: 'data: "M 55146 52502 425.58 55.0 0.0 0.0 807 55.0 55.0 00\r\n"' @ 35.7924653 -106.6862968 1921.59346215
2020-05-16 19:28:20.353324 co2: 'data: "M 55146 52501 425.42 55.0 0.0 0.0 807 55.0 55.0 00\r\n"' @ 35.7924652 -106.6862984 1921.49346062
2020-05-16 19:28:21.360665 co2: 'data: "M 55146 52510 423.21 55.0 0.0 0.0 807 55.0 55.0 00\r\n"' @ 35.7924659 -106.6863 1921.42346101
2020-05-16 19:28:22.368596 co2: 'data: "M 55146 52523 421.35 55.0 0.0 0.0 807 55.0 55.0 00\r\n"' @ 35.7924667 -106.6862991 1921.32346366
2020-05-16 19:28:23.359825 co2: 'data: "M 55146 52525 420.99 55.0 0.0 0.0 807 55.0 55.0 00\r\n"' @ 35.7924671 -106.6862961 1921.21346705
2020-05-16 19:28:24.352668 co2: 'data: "M 55146 52524 421.57 55.0 0.0 0.0 807 55.0 55.0 00\r\n"' @ 35.792467 -106.6862946 1921.12346802
2020-05-16 19:28:25.359436 co2: 'data: "M 55146 52518 422.72 55.0 0.0 0.0 807 55.0 55.0 00\r\n"' @ 35.7924662 -106.6862958 1921.02346513
2020-05-16 19:28:26.352573 co2: 'data: "M 55146 52515 422.82 55.0 0.0 0.0 807 55.0 55.0 00\r\n"' @ 35.7924652 -106.6862974 1920.97346143
2020-05-16 19:28:27.359259 co2: 'data: "M 55146 52517 422.49 55.0 0.0 0.0 807 55.0 55.0 00\r\n"' @ 35.7924648 -106.6862978 1920.90346014
2020-05-16 19:28:28.352381 co2: 'data: "M 55146 52522 421.37 55.0 0.0 0.0 807 55.0 55.0 00\r\n"' @ 35.7924646 -106.686297 1920.77346031
2020-05-16 19:28:29.359014 co2: 'data: "M 55146 52527 420.93 55.0 0.0 0.0 807 55.0 55.0 00\r\n"' @ 35.7924656 -106.6862968 1920.65346288
2020-05-16 19:28:30.352072 co2: 'data: "M 55146 52521 422.22 55.0 0.0 0.0 807 55.0 55.0 00\r\n"' @ 35.7924662 -106.686297 1920.62346416
2020-05-16 19:28:31.359336 co2: 'data: "M 55146 52513 423.98 55.0 0.0 0.0 807 55.0 55.0 00\r\n"' @ 35.7924664 -106.6862971 1920.56346456
2020-05-16 19:28:32.352178 co2: 'data: "M 55146 52503 425.64 55.0 0.0 0.0 807 55.0 55.0 00\r\n"' @ 35.7924669 -106.6862963 1920.53346641
2020-05-16 19:28:33.359545 co2: 'data: "M 55146 52500 425.70 55.0 0.0 0.0 807 55.0 55.0 00\r\n"' @ 35.7924676 -106.6862974 1920.5134672
2020-05-16 19:28:34.350667 co2: 'data: "M 55146 52504 425.06 55.0 0.0 0.0 807 55.0 55.0 00\r\n"' @ 35.7924674 -106.6862989 1920.4834655
2020-05-16 19:28:35.358870 co2: 'data: "M 55146 52510 423.97 55.0 0.0 0.0 807 55.0 55.0 00\r\n"' @ 35.7924671 -106.6862991 1920.43346462
2020-05-16 19:28:36.350461 co2: 'data: "M 55146 52513 423.57 55.0 0.0 0.0 807 55.0 55.0 00\r\n"' @ 35.7924671 -106.6862987 1920.42346494
2020-05-16 19:28:37.358681 co2: 'data: "M 55146 52509 424.29 55.0 0.0 0.0 807 55.0 55.0 00\r\n"' @ 35.7924676 -106.6862988 1920.33346607
2020-05-16 19:28:38.350260 co2: 'data: "M 55146 52504 425.44 55.0 0.0 0.0 807 55.0 55.0 00\r\n"' @ 35.7924676 -106.6862991 1920.23346582
2020-05-16 19:28:39.358813 co2: 'data: "M 55146 52498 426.39 55.0 0.0 0.0 807 55.0 55.0 00\r\n"' @ 35.7924674 -106.6862981 1920.21346615
2020-05-16 19:28:40.349965 co2: 'data: "M 55146 52501 425.54 55.0 0.0 0.0 807 55.0 55.0 00\r\n"' @ 35.7924662 -106.6862963 1920.21346472
2020-05-16 19:28:41.358359 co2: 'data: "M 55146 52510 423.83 55.0 0.0 0.0 807 55.0 55.0 00\r\n"' @ 35.7924653 -106.6862963 1920.23346256
2020-05-16 19:28:42.352189 co2: 'data: "M 55146 52517 422.56 55.0 0.0 0.0 807 55.0 55.0 00\r\n"' @ 35.792465 -106.6862974 1920.31346095
2020-05-16 19:28:43.358481 co2: 'data: "M 55146 52519 422.53 55.0 0.0 0.0 807 55.0 55.1 00\r\n"' @ 35.7924655 -106.6862985 1920.27346126
2020-05-16 19:28:44.365880 co2: 'data: "M 55146 52509 424.66 55.0 0.0 0.0 807 55.0 55.0 00\r\n"' @ 35.7924667 -106.6862973 1920.23346512
2020-05-16 19:28:45.358106 co2: 'data: "M 55146 52496 426.71 55.0 0.0 0.0 807 55.0 55.0 00\r\n"' @ 35.7924677 -106.6862971 1920.22346768
2020-05-16 19:28:46.350487 co2: 'data: "M 55146 52490 428.01 55.0 0.0 0.0 807 55.0 55.0 00\r\n"' @ 35.7924677 -106.6862969 1920.23346784
2020-05-16 19:28:47.356916 co2: 'data: "M 55146 52493 427.41 55.0 0.0 0.0 807 55.0 55.0 00\r\n"' @ 35.7924668 -106.6862966 1920.23346592
2020-05-16 19:28:48.350222 co2: 'data: "M 55146 52501 425.88 55.0 0.0 0.0 807 55.0 55.0 00\r\n"' @ 35.7924674 -106.6862976 1920.20346656
2020-05-16 19:28:49.356465 co2: 'data: "M 55146 52503 425.45 55.0 0.0 0.0 807 55.0 55.0 00\r\n"' @ 35.7924674 -106.6862972 1920.16346688
2020-05-16 19:28:50.349964 co2: 'data: "M 55146 52502 425.73 55.0 0.0 0.0 807 55.0 55.0 00\r\n"' @ 35.7924668 -106.6862966 1920.13346592
2020-05-16 19:28:51.356102 co2: 'data: "M 55146 52496 426.76 55.0 0.0 0.0 807 55.0 55.0 00\r\n"' @ 35.7924663 -106.6862968 1920.14346456
2020-05-16 19:28:52.350073 co2: 'data: "M 55146 52494 427.20 55.0 0.0 0.0 807 55.0 55.0 00\r\n"' @ 35.7924667 -106.6862977 1920.12346479
2020-05-16 19:28:53.355790 co2: 'data: "M 55146 52495 427.06 55.0 0.0 0.0 807 55.0 55.0 00\r\n"' @ 35.792467 -106.686299 1920.10346446
2020-05-16 19:28:54.363617 co2: 'data: "M 55146 52499 426.22 55.0 0.0 0.0 807 55.0 55.0 00\r\n"' @ 35.7924669 -106.6862993 1920.16346398
2020-05-16 19:28:55.357372 co2: 'data: "M 55146 52505 425.24 55.0 0.0 0.0 807 55.0 55.0 00\r\n"' @ 35.7924675 -106.6862991 1920.31346558
2020-05-16 19:28:56.348816 co2: 'data: "M 55146 52502 425.71 55.0 0.0 0.0 807 55.0 55.0 00\r\n"' @ 35.7924665 -106.686297 1920.45346488
2020-05-16 19:28:57.355793 co2: 'data: "M 55146 52494 427.11 55.0 0.0 0.0 807 55.0 55.0 00\r\n"' @ 35.7924654 -106.686296 1920.81346304
2020-05-16 19:28:58.362999 co2: 'data: "M 55146 52488 428.30 55.0 0.0 0.0 807 55.0 55.0 00\r\n"' @ 35.7924658 -106.6862972 1920.99346303
2020-05-16 19:28:59.355953 co2: 'data: "M 55146 52494 427.37 55.0 0.0 0.0 807 55.0 55.0 00\r\n"' @ 35.7924658 -106.6862986 1921.0534619
2020-05-16 19:29:00.361986 co2: 'data: "M 55146 52506 425.17 55.0 0.0 0.0 807 55.0 55.0 00\r\n"' @ 35.7924662 -106.6862985 1921.18346294
2020-05-16 19:29:01.355027 co2: 'data: "M 55146 52514 423.55 55.0 0.0 0.0 807 55.0 55.0 00\r\n"' @ 35.7924664 -106.6862981 1921.33346375
2020-05-16 19:29:02.361670 co2: 'data: "M 55146 52517 422.88 55.0 0.0 0.0 807 55.0 55.0 00\r\n"' @ 35.7924667 -106.6862972 1921.4434652
2020-05-16 19:29:03.354583 co2: 'data: "M 55146 52508 424.34 55.0 0.0 0.0 807 55.0 55.0 00\r\n"' @ 35.792468 -106.6862978 1921.62346784
2020-05-16 19:29:04.361092 co2: 'data: "M 55146 52500 425.87 55.0 0.0 0.0 807 55.0 55.0 00\r\n"' @ 35.7924691 -106.6862976 1921.68347064
2020-05-16 19:29:05.353818 co2: 'data: "M 55146 52498 426.38 55.0 0.0 0.0 807 55.0 55.0 00\r\n"' @ 35.7924689 -106.6862978 1921.71347
2020-05-16 19:29:06.360920 co2: 'data: "M 55146 52504 425.43 55.0 0.0 0.0 807 55.0 55.0 00\r\n"' @ 35.7924674 -106.6862972 1921.69346688
2020-05-16 19:29:07.353140 co2: 'data: "M 55146 52516 423.47 55.0 0.0 0.0 807 55.0 55.0 00\r\n"' @ 35.7924661 -106.6862967 1921.70346416
2020-05-16 19:29:08.360012 co2: 'data: "M 55146 52520 422.27 55.0 0.0 0.0 807 55.0 55.0 00\r\n"' @ 35.7924664 -106.6862973 1921.6734644
2020-05-16 19:29:09.353021 co2: 'data: "M 55146 52518 422.47 55.0 0.0 0.0 807 55.0 55.0 00\r\n"' @ 35.792468 -106.686298 1921.54346768
2020-05-16 19:29:10.360080 co2: 'data: "M 55146 52507 424.36 55.0 0.0 0.0 807 55.0 55.0 00\r\n"' @ 35.7924727 -106.6862966 1921.55348011
2020-05-16 19:29:11.352439 co2: 'data: "M 55146 52500 425.90 55.0 0.0 0.0 807 55.0 55.0 00\r\n"' @ 35.7924716 -106.6862965 1921.92347755
2020-05-16 19:29:12.359150 co2: 'data: "M 55146 52498 426.48 55.0 0.0 0.0 807 55.0 55.0 00\r\n"' @ 35.7924685 -106.6862943 1922.23347187
2020-05-16 19:29:13.350560 co2: 'data: "M 55146 52498 426.62 55.0 0.0 0.0 807 55.0 55.0 00\r\n"' @ 35.7924656 -106.6862939 1922.39346523
2020-05-16 19:29:14.358647 co2: 'data: "M 55146 52502 425.93 55.0 0.0 0.0 807 55.0 55.0 00\r\n"' @ 35.7924648 -106.6862967 1922.53346103
2020-05-16 19:29:15.350301 co2: 'data: "M 55146 52503 425.58 55.0 0.0 0.0 807 55.0 55.0 00\r\n"' @ 35.7924665 -106.686298 1922.83346407
2020-05-16 19:29:16.358260 co2: 'data: "M 55146 52502 425.72 55.0 0.0 0.0 807 55.0 55.0 00\r\n"' @ 35.7924668 -106.6863029 1923.03346082
2020-05-16 19:29:17.349974 co2: 'data: "M 55146 52497 426.65 55.0 0.0 0.0 807 55.0 55.0 00\r\n"' @ 35.7924662 -106.6863028 1922.87345946
2020-05-16 19:29:18.358379 co2: 'data: "M 55146 52499 426.46 55.0 0.0 0.0 807 55.0 55.0 00\r\n"' @ 35.7924668 -106.6863004 1922.81346285
2020-05-16 19:29:19.349578 co2: 'data: "M 55146 52508 425.05 55.0 0.0 0.0 807 55.0 55.0 00\r\n"' @ 35.7924669 -106.6862982 1922.82346487
2020-05-16 19:29:20.357826 co2: 'data: "M 55146 52518 423.18 55.0 0.0 0.0 807 55.0 55.0 00\r\n"' @ 35.7924671 -106.6862966 1922.77346665
2020-05-16 19:29:21.350221 co2: 'data: "M 55146 52521 422.02 55.0 0.0 0.0 807 55.0 55.0 00\r\n"' @ 35.7924666 -106.6862981 1922.79346423
2020-05-16 19:29:22.357521 co2: 'data: "M 55146 52513 423.19 55.0 0.0 0.0 807 55.0 55.0 00\r\n"' @ 35.792466 -106.6863001 1922.79346117
2020-05-16 19:29:23.349861 co2: 'data: "M 55146 52504 424.85 55.0 0.0 0.0 807 55.0 55.0 00\r\n"' @ 35.7924695 -106.6862982 1922.87347112
2020-05-16 19:29:24.356813 co2: 'data: "M 55146 52497 426.40 55.0 0.0 0.0 807 55.0 55.0 00\r\n"' @ 35.7924706 -106.6862976 1923.17347425
2020-05-16 19:29:25.349381 co2: 'data: "M 55146 52496 427.11 55.0 0.0 0.0 807 55.0 55.0 00\r\n"' @ 35.7924691 -106.6862979 1923.3834704
2020-05-16 19:29:26.356043 co2: 'data: "M 55146 52502 426.15 55.0 0.0 0.0 807 55.0 55.0 00\r\n"' @ 35.7924671 -106.6862943 1923.29346851
2020-05-16 19:29:27.349065 co2: 'data: "M 55146 52509 424.78 55.0 0.0 0.0 807 55.0 55.0 00\r\n"' @ 35.7924665 -106.6862966 1923.3434652
2020-05-16 19:29:28.355796 co2: 'data: "M 55146 52514 423.67 55.0 0.0 0.0 807 55.0 55.0 00\r\n"' @ 35.7924691 -106.6862991 1923.45346943
2020-05-16 19:29:29.363930 co2: 'data: "M 55146 52510 423.93 55.0 0.0 0.0 807 55.0 55.0 00\r\n"' @ 35.7924677 -106.6863003 1923.45346509
2020-05-16 19:29:30.356323 co2: 'data: "M 55146 52503 425.06 55.0 0.0 0.0 807 55.0 55.0 00\r\n"' @ 35.7924672 -106.6863007 1923.36346356
2020-05-16 19:29:31.348556 co2: 'data: "M 55146 52500 425.95 55.0 0.0 0.0 807 55.0 55.0 00\r\n"' @ 35.7924686 -106.6863 1923.4134675
2020-05-16 19:29:32.355774 co2: 'data: "M 55146 52502 426.22 55.0 0.0 0.0 807 55.0 55.0 00\r\n"' @ 35.7924714 -106.6862986 1923.54347536
2020-05-16 19:29:33.348262 co2: 'data: "M 55146 52515 424.07 55.0 0.0 0.0 807 55.0 55.0 00\r\n"' @ 35.7924699 -106.6862964 1923.56347354
2020-05-16 19:29:34.355615 co2: 'data: "M 55146 52516 422.83 55.0 0.0 0.0 807 55.0 54.9 00\r\n"' @ 35.7924682 -106.686293 1923.57347221
2020-05-16 19:29:35.348057 co2: 'data: "M 55146 52511 423.50 55.0 0.0 0.0 807 55.0 55.0 00\r\n"' @ 35.7924656 -106.6862939 1923.44346523
2020-05-16 19:29:36.355456 co2: 'data: "M 55146 52505 424.82 55.0 0.0 0.0 807 55.0 55.0 00\r\n"' @ 35.7924651 -106.6862973 1923.46346127
2020-05-16 19:29:37.362438 co2: 'data: "M 55146 52506 425.21 55.0 0.0 0.0 807 55.0 55.0 00\r\n"' @ 35.7924661 -106.6862989 1923.46346238
2020-05-16 19:29:38.354499 co2: 'data: "M 55146 52510 424.41 55.0 0.0 0.0 807 55.0 55.0 00\r\n"' @ 35.7924683 -106.686298 1923.3934684
2020-05-16 19:29:39.362228 co2: 'data: "M 55146 52519 423.18 55.0 0.0 0.0 807 55.0 54.9 00\r\n"' @ 35.7924687 -106.6862975 1923.26346976
2020-05-16 19:29:40.355686 co2: 'data: "M 55146 52526 421.37 55.0 0.0 0.0 807 55.0 54.9 00\r\n"' @ 35.7924678 -106.6862972 1923.15346784
2020-05-16 19:29:41.361967 co2: 'data: "M 55146 52526 421.58 55.0 0.0 0.0 807 55.0 54.9 00\r\n"' @ 35.7924662 -106.6862978 1923.13346351
2020-05-16 19:29:42.354805 co2: 'data: "M 55146 52519 423.12 55.0 0.0 0.0 807 55.0 55.0 00\r\n"' @ 35.7924665 -106.6862986 1923.09346358
2020-05-16 19:29:43.361753 co2: 'data: "M 55146 52511 425.22 55.0 0.0 0.0 807 55.0 55.0 00\r\n"' @ 35.792467 -106.6862983 1923.04346503
2020-05-16 19:29:44.354950 co2: 'data: "M 55146 52499 426.97 55.0 0.0 0.0 807 55.0 55.0 00\r\n"' @ 35.792467 -106.6862965 1923.01346649
2020-05-16 19:29:45.362439 co2: 'data: "M 55146 52495 426.46 55.0 0.0 0.0 807 55.0 54.9 00\r\n"' @ 35.7924665 -106.6862952 1922.95346634
2020-05-16 19:29:46.354735 co2: 'data: "M 55146 52501 424.84 55.0 0.0 0.0 807 55.0 55.0 00\r\n"' @ 35.7924663 -106.686297 1922.8634644
2020-05-16 19:29:47.361766 co2: 'data: "M 55146 52510 423.24 55.0 0.0 0.0 807 55.0 54.9 00\r\n"' @ 35.7924668 -106.6862986 1922.7934643
2020-05-16 19:29:48.354486 co2: 'data: "M 55146 52517 423.10 55.0 0.0 0.0 807 55.0 55.0 00\r\n"' @ 35.7924672 -106.6862991 1922.75346486
2020-05-16 19:29:49.361985 co2: 'data: "M 55146 52511 424.85 55.0 0.0 0.0 807 55.0 55.0 00\r\n"' @ 35.7924675 -106.6862972 1922.61346712
2020-05-16 19:29:50.353347 co2: 'data: "M 55146 52500 426.93 55.0 0.0 0.0 807 55.0 55.0 00\r\n"' @ 35.7924695 -106.6862966 1922.47347242
2020-05-16 19:29:51.361776 co2: 'data: "M 55146 52491 427.97 55.0 0.0 0.0 807 55.0 55.0 00\r\n"' @ 35.7924692 -106.6862963 1922.46347194
2020-05-16 19:29:52.353292 co2: 'data: "M 55146 52491 426.86 55.0 0.0 0.0 807 55.0 54.9 00\r\n"' @ 35.7924684 -106.6862985 1922.56346823
2020-05-16 19:29:53.361336 co2: 'data: "M 55146 52502 424.43 55.0 0.0 0.0 807 55.0 55.0 00\r\n"' @ 35.7924671 -106.6862969 1923.1634664
2020-05-16 19:29:54.353925 co2: 'data: "M 55146 52516 422.46 55.0 0.0 0.0 807 55.0 55.0 00\r\n"' @ 35.7924676 -106.6862923 1923.16347133
2020-05-16 19:29:55.361484 co2: 'data: "M 55146 52520 422.88 55.0 0.0 0.0 807 55.0 55.0 00\r\n"' @ 35.7924659 -106.6862934 1923.49346635
2020-05-16 19:29:56.354138 co2: 'data: "M 55146 52511 424.43 55.0 0.0 0.0 807 55.0 54.9 00\r\n"' @ 35.7924645 -106.6862946 1924.01346201
2020-05-16 19:29:57.360972 co2: 'data: "M 55146 52505 425.44 55.0 0.0 0.0 807 55.0 55.0 00\r\n"' @ 35.7924627 -106.6862984 1924.34345461
2020-05-16 19:29:58.353374 co2: 'data: "M 55146 52501 426.20 55.0 0.0 0.0 807 55.0 55.0 00\r\n"' @ 35.7924617 -106.6862985 1924.77345212
2020-05-16 19:29:59.360898 co2: 'data: "M 55146 52502 424.82 55.0 0.0 0.0 807 55.0 54.9 00\r\n"' @ 35.7924626 -106.686297 1925.0834555
2020-05-16 19:30:00.353588 co2: 'data: "M 55146 52514 422.47 55.0 0.0 0.0 807 55.0 54.9 00\r\n"' @ 35.7924631 -106.6862976 1925.36345622
2020-05-16 19:30:01.360154 co2: 'data: "M 55146 52525 420.66 55.0 0.0 0.0 807 55.0 54.9 00\r\n"' @ 35.7924641 -106.6862985 1925.62345789
2020-05-16 19:30:02.353465 co2: 'data: "M 55146 52531 420.64 55.0 0.0 0.0 807 55.0 55.0 00\r\n"' @ 35.7924656 -106.6863002 1925.54346012
2020-05-16 19:30:03.360316 co2: 'data: "M 55146 52522 423.29 55.0 0.0 0.0 807 55.0 54.9 00\r\n"' @ 35.7924673 -106.6862997 1925.45346462
2020-05-16 19:30:04.352769 co2: 'data: "M 55146 52506 425.68 55.0 0.0 0.0 807 55.0 54.9 00\r\n"' @ 35.7924682 -106.6862984 1925.51346783
2020-05-16 19:30:05.360392 co2: 'data: "M 55146 52495 427.32 55.0 0.0 0.0 807 55.0 54.9 00\r\n"' @ 35.7924682 -106.6862982 1925.73346799
2020-05-16 19:30:06.352751 co2: 'data: "M 55146 52498 425.79 55.0 0.0 0.0 807 55.0 54.9 00\r\n"' @ 35.7924673 -106.686299 1925.85346518
2020-05-16 19:30:07.360020 co2: 'data: "M 55146 52513 422.87 55.0 0.0 0.0 807 55.0 54.9 00\r\n"' @ 35.7924661 -106.6862992 1926.04346213
2020-05-16 19:30:08.352633 co2: 'data: "M 55146 52524 421.13 55.0 0.0 0.0 807 55.0 54.9 00\r\n"' @ 35.792468 -106.6862981 1926.29346759
2020-05-16 19:30:09.359874 co2: 'data: "M 55146 52527 421.70 55.0 0.0 0.0 807 55.0 55.0 00\r\n"' @ 35.7924717 -106.6862951 1926.54347892
2020-05-16 19:30:10.351705 co2: 'data: "M 55146 52514 424.42 55.0 0.0 0.0 807 55.0 55.0 00\r\n"' @ 35.7924689 -106.6862974 1926.50347033
2020-05-16 19:30:11.359638 co2: 'data: "M 55146 52502 425.94 55.0 0.0 0.0 807 55.0 54.9 00\r\n"' @ 35.7924642 -106.6862958 1926.46346032
2020-05-16 19:30:12.351376 co2: 'data: "M 55146 52502 425.36 55.0 0.0 0.0 807 55.0 54.9 00\r\n"' @ 35.7924635 -106.6862939 1926.48346018
2020-05-16 19:30:13.359422 co2: 'data: "M 55146 52513 423.16 55.0 0.0 0.0 807 55.0 54.9 00\r\n"' @ 35.7924643 -106.6862945 1926.50346161
2020-05-16 19:30:14.351453 co2: 'data: "M 55146 52521 421.95 55.0 0.0 0.0 807 55.0 54.9 00\r\n"' @ 35.792465 -106.6862965 1926.50346168
2020-05-16 19:30:15.359357 co2: 'data: "M 55146 52523 421.70 55.0 0.0 0.0 807 55.0 54.9 00\r\n"' @ 35.7924662 -106.6862978 1926.48346351
2020-05-16 19:30:16.351174 co2: 'data: "M 55146 52524 421.99 55.0 0.0 0.0 807 55.0 55.0 00\r\n"' @ 35.7924674 -106.6862991 1926.44346534
2020-05-16 19:30:17.359193 co2: 'data: "M 55146 52516 423.48 55.0 0.0 0.0 807 55.0 55.0 00\r\n"' @ 35.7924682 -106.6862969 1926.46346905
2020-05-16 19:30:18.352409 co2: 'data: "M 55146 52512 423.83 55.0 0.0 0.0 807 55.0 55.0 00\r\n"' @ 35.7924676 -106.6862933 1926.33347052
2020-05-16 19:30:19.358974 co2: 'data: "M 55146 52514 423.42 55.0 0.0 0.0 807 55.0 55.0 00\r\n"' @ 35.7924668 -106.6862937 1926.33346827
2020-05-16 19:30:20.351573 co2: 'data: "M 55146 52519 422.34 55.0 0.0 0.0 807 55.0 55.0 00\r\n"' @ 35.7924668 -106.6862961 1926.29346633
2020-05-16 19:30:21.358538 co2: 'data: "M 55146 52524 421.68 55.0 0.0 0.0 807 55.0 55.0 00\r\n"' @ 35.7924674 -106.6862982 1926.21346607
2020-05-16 19:30:22.351353 co2: 'data: "M 55146 52521 422.28 55.0 0.0 0.0 807 55.0 55.0 00\r\n"' @ 35.792468 -106.6863002 1926.15346589
2020-05-16 19:30:23.358014 co2: 'data: "M 55146 52516 423.37 55.0 0.0 0.0 807 55.0 54.9 00\r\n"' @ 35.7924691 -106.6863011 1926.16346781
2020-05-16 19:30:24.351569 co2: 'data: "M 55146 52510 424.36 55.0 0.0 0.0 807 55.0 55.0 00\r\n"' @ 35.7924693 -106.6862987 1926.09347023
2020-05-16 19:30:25.358008 co2: 'data: "M 55146 52511 423.74 55.0 0.0 0.0 807 55.0 55.0 00\r\n"' @ 35.7924684 -106.6862971 1926.12346937
2020-05-16 19:30:26.350988 co2: 'data: "M 55146 52519 422.37 55.0 0.0 0.0 807 55.0 55.0 00\r\n"' @ 35.7924674 -106.6862973 1926.2534668
2020-05-16 19:30:27.357697 co2: 'data: "M 55146 52528 420.66 55.0 0.0 0.0 807 55.0 55.0 00\r\n"' @ 35.7924677 -106.6862985 1926.44346655
2020-05-16 19:30:28.350825 co2: 'data: "M 55146 52531 420.45 55.0 0.0 0.0 807 55.0 55.0 00\r\n"' @ 35.792467 -106.6862987 1926.4534647
2020-05-16 19:30:29.358523 co2: 'data: "M 55146 52521 422.34 55.0 0.0 0.0 807 55.0 55.0 00\r\n"' @ 35.7924679 -106.6862994 1926.5234663
2020-05-16 19:30:30.350977 co2: 'data: "M 55146 52511 424.26 55.0 0.0 0.0 807 55.0 55.0 00\r\n"' @ 35.7924671 -106.6862962 1926.34346697
2020-05-16 19:30:31.357956 co2: 'data: "M 55146 52505 425.30 55.0 0.0 0.0 807 55.0 55.0 00\r\n"' @ 35.7924684 -106.6862912 1926.34347415
2020-05-16 19:30:32.350772 co2: 'data: "M 55146 52505 425.09 55.0 0.0 0.0 807 55.0 55.0 00\r\n"' @ 35.7924668 -106.6862929 1926.38346892
2020-05-16 19:30:33.358164 co2: 'data: "M 55146 52510 423.99 55.0 0.0 0.0 807 55.0 55.0 00\r\n"' @ 35.7924642 -106.6862947 1926.33346121
2020-05-16 19:30:34.349489 co2: 'data: "M 55146 52517 422.98 55.0 0.0 0.0 807 55.0 55.0 00\r\n"' @ 35.7924638 -106.6862954 1926.31345968
2020-05-16 19:30:35.358057 co2: 'data: "M 55146 52518 423.00 55.0 0.0 0.0 807 55.0 55.0 00\r\n"' @ 35.7924658 -106.6862976 1926.30346271
2020-05-16 19:30:36.350459 co2: 'data: "M 55146 52509 424.71 55.0 0.0 0.0 807 55.0 55.0 00\r\n"' @ 35.7924666 -106.6862991 1926.21346342
2020-05-16 19:30:37.357934 co2: 'data: "M 55146 52499 426.47 55.0 0.0 0.0 807 55.0 55.0 00\r\n"' @ 35.7924706 -106.6862995 1926.17347271
2020-05-16 19:30:38.350028 co2: 'data: "M 55146 52494 427.31 55.0 0.0 0.0 807 55.0 55.0 00\r\n"' @ 35.7924697 -106.6862987 1926.0434712
2020-05-16 19:30:39.357515 co2: 'data: "M 55146 52499 426.31 55.0 0.0 0.0 807 55.0 55.0 00\r\n"' @ 35.7924689 -106.6862956 1926.00347178
2020-05-16 19:30:40.350119 co2: 'data: "M 55146 52512 424.01 55.0 0.0 0.0 807 55.0 55.0 00\r\n"' @ 35.7924673 -106.6862953 1925.92346818
2020-05-16 19:30:41.357040 co2: 'data: "M 55146 52522 422.05 55.0 0.0 0.0 807 55.0 55.0 00\r\n"' @ 35.7924662 -106.6862966 1925.90346448
2020-05-16 19:30:42.349587 co2: 'data: "M 55146 52524 421.87 55.0 0.0 0.0 807 55.0 55.1 00\r\n"' @ 35.7924674 -106.6862972 1925.83346688
2020-05-16 19:30:43.357187 co2: 'data: "M 55146 52509 424.43 55.0 0.0 0.0 807 55.0 55.0 00\r\n"' @ 35.7924675 -106.686297 1925.75346728
2020-05-16 19:30:44.349371 co2: 'data: "M 55146 52501 425.96 55.0 0.0 0.0 807 55.0 55.0 00\r\n"' @ 35.7924659 -106.6862967 1925.72346368
2020-05-16 19:30:45.356256 co2: 'data: "M 55146 52498 426.78 55.0 0.0 0.0 807 55.0 55.0 00\r\n"' @ 35.7924648 -106.6862972 1925.67346063
2020-05-16 19:30:46.349268 co2: 'data: "M 55146 52504 425.40 55.0 0.0 0.0 807 55.0 55.0 00\r\n"' @ 35.7924661 -106.6862974 1925.61346359
2020-05-16 19:30:47.356635 co2: 'data: "M 55146 52521 422.37 55.0 0.0 0.0 807 55.0 55.0 00\r\n"' @ 35.7924659 -106.6862962 1925.57346408
2020-05-16 19:30:48.364280 co2: 'data: "M 55146 52527 420.98 55.0 0.0 0.0 807 55.0 55.0 00\r\n"' @ 35.792465 -106.6862955 1925.52346249
2020-05-16 19:30:49.356900 co2: 'data: "M 55146 52528 420.88 55.0 0.0 0.0 807 55.0 55.0 00\r\n"' @ 35.7924646 -106.6862949 1925.43346201
2020-05-16 19:30:50.349049 co2: 'data: "M 55146 52518 422.59 55.0 0.0 0.0 807 55.0 55.0 00\r\n"' @ 35.7924638 -106.6862963 1925.32345895
2020-05-16 19:30:51.356465 co2: 'data: "M 55146 52510 424.18 55.0 0.0 0.0 807 55.0 55.0 00\r\n"' @ 35.7924643 -106.6862998 1925.37345732
2020-05-16 19:30:52.348886 co2: 'data: "M 55146 52507 424.84 55.0 0.0 0.0 807 55.0 55.0 00\r\n"' @ 35.7924656 -106.6863001 1925.3534602
2020-05-16 19:30:53.356123 co2: 'data: "M 55146 52512 423.95 55.0 0.0 0.0 807 55.0 55.0 00\r\n"' @ 35.7924673 -106.686296 1925.21346761
2020-05-16 19:30:54.349465 co2: 'data: "M 55146 52517 423.02 55.0 0.0 0.0 807 55.0 54.9 00\r\n"' @ 35.7924681 -106.6862927 1925.13347221
2020-05-16 19:30:55.355953 co2: 'data: "M 55146 52517 422.89 55.0 0.0 0.0 807 55.0 55.0 00\r\n"' @ 35.7924667 -106.6862932 1925.10346844
2020-05-16 19:30:56.362911 co2: 'data: "M 55146 52517 422.86 55.0 0.0 0.0 807 55.0 54.9 00\r\n"' @ 35.7924658 -106.6862959 1925.04346409
2020-05-16 19:30:57.355865 co2: 'data: "M 55146 52515 423.22 55.0 0.0 0.0 807 55.0 54.9 00\r\n"' @ 35.792466 -106.686298 1925.00346287
2020-05-16 19:30:58.347663 co2: 'data: "M 55146 52519 422.54 55.0 0.0 0.0 807 55.0 55.0 00\r\n"' @ 35.792467 -106.6862995 1924.95346406
2020-05-16 19:30:59.355745 co2: 'data: "M 55146 52528 420.86 55.0 0.0 0.0 807 55.0 55.0 00\r\n"' @ 35.7924681 -106.6862999 1924.83346638
2020-05-16 19:31:00.362963 co2: 'data: "M 55146 52538 419.02 55.0 0.0 0.0 807 55.0 55.0 00\r\n"' @ 35.7924676 -106.6862991 1924.71346582
2020-05-16 19:31:01.355793 co2: 'data: "M 55146 52542 418.01 55.0 0.0 0.0 807 55.0 55.0 00\r\n"' @ 35.7924669 -106.6862983 1924.64346479
2020-05-16 19:31:02.362593 co2: 'data: "M 55146 52532 419.47 55.0 0.0 0.0 807 55.0 55.0 00\r\n"' @ 35.792466 -106.6862994 1924.57346173
2020-05-16 19:31:03.355270 co2: 'data: "M 55146 52519 421.99 55.0 0.0 0.0 807 55.0 55.0 00\r\n"' @ 35.7924661 -106.6862995 1924.52346189
2020-05-16 19:31:04.362967 co2: 'data: "M 55146 52510 423.91 55.0 0.0 0.0 807 55.0 55.0 00\r\n"' @ 35.7924659 -106.6862988 1924.47346198
2020-05-16 19:31:05.355138 co2: 'data: "M 55146 52515 423.50 55.0 0.0 0.0 807 55.0 55.0 00\r\n"' @ 35.7924662 -106.6862981 1924.41346327
2020-05-16 19:31:06.362500 co2: 'data: "M 55146 52526 421.56 55.0 0.0 0.0 807 55.0 55.0 00\r\n"' @ 35.7924663 -106.6862971 1924.41346432
2020-05-16 19:31:07.355318 co2: 'data: "M 55146 52536 419.50 55.0 0.0 0.0 807 55.0 55.0 00\r\n"' @ 35.7924656 -106.6862959 1924.39346361
2020-05-16 19:31:08.363079 co2: 'data: "M 55146 52539 418.64 55.0 0.0 0.0 807 55.0 55.0 00\r\n"' @ 35.7924648 -106.6862961 1924.40346152
2020-05-16 19:31:09.355165 co2: 'data: "M 55146 52529 420.13 55.0 0.0 0.0 807 55.0 55.0 00\r\n"' @ 35.7924659 -106.6862965 1924.33346384
2020-05-16 19:31:10.362858 co2: 'data: "M 55146 52519 422.08 55.0 0.0 0.0 807 55.0 55.0 00\r\n"' @ 35.7924669 -106.6862971 1924.26346576
2020-05-16 19:31:11.354705 co2: 'data: "M 55146 52511 423.59 55.0 0.0 0.0 807 55.0 55.0 00\r\n"' @ 35.7924669 -106.6862977 1924.25346527
2020-05-16 19:31:12.362523 co2: 'data: "M 55146 52515 423.70 55.0 0.0 0.0 807 55.0 55.0 00\r\n"' @ 35.7924669 -106.6862958 1924.27346681
2020-05-16 19:31:13.354463 co2: 'data: "M 55146 52525 421.93 55.0 0.0 0.0 807 55.0 55.0 00\r\n"' @ 35.7924669 -106.6862949 1924.30346754
2020-05-16 19:31:14.361834 co2: 'data: "M 55146 52531 420.42 55.0 0.0 0.0 807 55.0 55.0 00\r\n"' @ 35.7924653 -106.6862974 1924.40346167
2020-05-16 19:31:15.354357 co2: 'data: "M 55146 52534 419.70 55.0 0.0 0.0 807 55.0 55.1 00\r\n"' @ 35.792465 -106.6863001 1924.48345876
2020-05-16 19:31:16.362348 co2: 'data: "M 55146 52525 420.87 55.0 0.0 0.0 807 55.0 55.1 00\r\n"' @ 35.7924675 -106.6863013 1924.3834638
2020-05-16 19:31:17.354091 co2: 'data: "M 55146 52515 422.86 55.0 0.0 0.0 807 55.0 55.0 00\r\n"' @ 35.7924698 -106.6862995 1924.37347079
2020-05-16 19:31:18.361057 co2: 'data: "M 55146 52510 424.09 55.0 0.0 0.0 807 55.0 55.0 00\r\n"' @ 35.7924696 -106.6862968 1924.47347249
2020-05-16 19:31:19.353921 co2: 'data: "M 55146 52514 424.01 55.0 0.0 0.0 807 55.0 55.0 00\r\n"' @ 35.792468 -106.6862958 1924.47346946
2020-05-16 19:31:20.361643 co2: 'data: "M 55146 52521 422.58 55.0 0.0 0.0 807 55.0 55.0 00\r\n"' @ 35.7924672 -106.6862954 1924.42346786
2020-05-16 19:31:21.353761 co2: 'data: "M 55146 52521 422.13 55.0 0.0 0.0 807 55.0 55.0 00\r\n"' @ 35.7924667 -106.6862959 1924.42346625
2020-05-16 19:31:22.362074 co2: 'data: "M 55146 52519 422.36 55.0 0.0 0.0 807 55.0 55.0 00\r\n"' @ 35.792467 -106.6862983 1924.41346503
2020-05-16 19:31:23.353928 co2: 'data: "M 55146 52512 423.37 55.0 0.0 0.0 807 55.0 55.1 00\r\n"' @ 35.792468 -106.6862997 1924.5334663
2020-05-16 19:31:24.361349 co2: 'data: "M 55146 52510 424.27 55.0 0.0 0.0 807 55.0 55.0 00\r\n"' @ 35.7924689 -106.6863016 1924.83346692
2020-05-16 19:31:25.353914 co2: 'data: "M 55146 52514 423.85 55.0 0.0 0.0 807 55.0 55.1 00\r\n"' @ 35.7924693 -106.6863008 1925.02346853
2020-05-16 19:31:26.360777 co2: 'data: "M 55146 52519 422.94 55.0 0.0 0.0 807 55.0 55.0 00\r\n"' @ 35.7924698 -106.6863 1925.13347038
2020-05-16 19:31:27.353419 co2: 'data: "M 55146 52523 421.97 55.0 0.0 0.0 807 55.0 55.0 00\r\n"' @ 35.7924688 -106.6862998 1925.19346814
2020-05-16 19:31:28.360759 co2: 'data: "M 55146 52520 422.06 55.0 0.0 0.0 807 55.0 55.0 00\r\n"' @ 35.7924674 -106.6862995 1925.26346502
2020-05-16 19:31:29.353829 co2: 'data: "M 55146 52515 422.85 55.0 0.0 0.0 807 55.0 55.1 00\r\n"' @ 35.7924668 -106.6862993 1925.34346374
2020-05-16 19:31:30.360865 co2: 'data: "M 55146 52509 424.03 55.0 0.0 0.0 807 55.0 55.1 00\r\n"' @ 35.7924664 -106.6862983 1925.30346359
2020-05-16 19:31:31.353751 co2: 'data: "M 55146 52510 424.56 55.0 0.0 0.0 807 55.0 55.1 00\r\n"' @ 35.792466 -106.6862969 1925.31346376
2020-05-16 19:31:32.360713 co2: 'data: "M 55146 52516 423.53 55.0 0.0 0.0 807 55.0 55.1 00\r\n"' @ 35.7924658 -106.6862937 1925.33346587
2020-05-16 19:31:33.368465 co2: 'data: "M 55146 52520 422.55 55.0 0.0 0.0 807 55.0 55.1 00\r\n"' @ 35.792465 -106.6862945 1925.3034633
2020-05-16 19:31:34.360625 co2: 'data: "M 55146 52520 422.63 55.0 0.0 0.0 807 55.0 55.1 00\r\n"' @ 35.7924654 -106.6862971 1925.35346215
2020-05-16 19:31:35.353199 co2: 'data: "M 55146 52515 425.27 55.0 0.0 0.0 807 55.0 55.1 00\r\n"' @ 35.7924663 -106.6862968 1925.64346456
2020-05-16 19:31:36.360433 co2: 'data: "M 55146 52497 427.55 55.0 0.0 0.0 807 55.0 55.0 00\r\n"' @ 35.7924659 -106.6862958 1925.85346441
2020-05-16 19:31:37.352509 co2: 'data: "M 55146 52491 427.73 55.0 0.0 0.0 807 55.0 55.1 00\r\n"' @ 35.7924652 -106.6862965 1925.96346216
2020-05-16 19:31:38.360569 co2: 'data: "M 55146 52493 427.47 55.0 0.0 0.0 807 55.0 55.1 00\r\n"' @ 35.7924635 -106.6862985 1925.76345645
2020-05-16 19:31:39.352757 co2: 'data: "M 55146 52497 425.98 55.0 0.0 0.0 807 55.0 55.0 00\r\n"' @ 35.792464 -106.6863015 1925.75345522
2020-05-16 19:31:40.360188 co2: 'data: "M 55146 52506 424.50 55.0 0.0 0.0 807 55.0 55.0 00\r\n"' @ 35.7924655 -106.6863003 1925.7034598
2020-05-16 19:31:41.352643 co2: 'data: "M 55146 52512 423.55 55.0 0.0 0.0 807 55.0 55.0 00\r\n"' @ 35.792467 -106.6862997 1925.72346389
2020-05-16 19:31:42.359515 co2: 'data: "M 55146 52515 424.07 55.0 0.0 0.0 807 55.0 55.1 00\r\n"' @ 35.7924677 -106.6862987 1925.78346639
2020-05-16 19:31:43.352072 co2: 'data: "M 55146 52507 425.56 55.0 0.0 0.0 807 55.0 55.1 00\r\n"' @ 35.7924689 -106.6862958 1925.69347162
2020-05-16 19:31:44.359336 co2: 'data: "M 55146 52502 425.91 55.0 0.0 0.0 807 55.0 55.1 00\r\n"' @ 35.7924688 -106.6862918 1925.69347462
2020-05-16 19:31:45.352025 co2: 'data: "M 55146 52502 425.64 55.0 0.0 0.0 807 55.0 55.1 00\r\n"' @ 35.7924656 -106.6862939 1925.66346523
2020-05-16 19:31:46.359077 co2: 'data: "M 55146 52508 423.76 55.0 0.0 0.0 807 55.0 55.0 00\r\n"' @ 35.792463 -106.686298 1925.59345565
2020-05-16 19:31:47.352112 co2: 'data: "M 55146 52520 421.85 55.0 0.0 0.0 807 55.0 55.0 00\r\n"' @ 35.7924647 -106.6863022 1925.47345634
2020-05-16 19:31:48.359309 co2: 'data: "M 55146 52526 421.11 55.0 0.0 0.0 807 55.0 55.0 00\r\n"' @ 35.7924675 -106.6863024 1925.42346291
2020-05-16 19:31:49.350781 co2: 'data: "M 55146 52527 421.74 55.0 0.0 0.0 807 55.0 55.1 00\r\n"' @ 35.7924687 -106.6862993 1925.41346831
2020-05-16 19:31:50.358968 co2: 'data: "M 55146 52518 423.55 55.0 0.0 0.0 807 55.0 55.1 00\r\n"' @ 35.7924696 -106.6862962 1925.65347298
2020-05-16 19:31:51.351641 co2: 'data: "M 55146 52512 423.81 55.0 0.0 0.0 807 55.0 55.0 00\r\n"' @ 35.792468 -106.6862968 1925.90346865
2020-05-16 19:31:52.358519 co2: 'data: "M 55146 52513 423.42 55.0 0.0 0.0 807 55.0 55.0 00\r\n"' @ 35.7924664 -106.6862967 1925.99346488
2020-05-16 19:31:53.351457 co2: 'data: "M 55146 52518 422.67 55.0 0.0 0.0 807 55.0 55.0 00\r\n"' @ 35.7924659 -106.6862951 1926.05346497
2020-05-16 19:31:54.358731 co2: 'data: "M 55146 52519 423.23 55.0 0.0 0.0 807 55.0 55.0 00\r\n"' @ 35.7924671 -106.6862967 1926.15346656
2020-05-16 19:31:55.351279 co2: 'data: "M 55146 52512 424.27 55.0 0.0 0.0 807 55.0 55.0 00\r\n"' @ 35.7924679 -106.6862986 1926.14346695
2020-05-16 19:31:56.358992 co2: 'data: "M 55146 52509 424.72 55.0 0.0 0.0 807 55.0 55.0 00\r\n"' @ 35.792468 -106.6862983 1926.25346743
2020-05-16 19:31:57.350717 co2: 'data: "M 55146 52509 424.60 55.0 0.0 0.0 807 55.0 55.0 00\r\n"' @ 35.7924667 -106.6862969 1926.26346544
2020-05-16 19:31:58.357574 co2: 'data: "M 55146 52510 424.34 55.0 0.0 0.0 807 55.0 55.0 00\r\n"' @ 35.792465 -106.6862959 1926.22346216
2020-05-16 19:31:59.349759 co2: 'data: "M 55146 52511 423.82 55.0 0.0 0.0 807 55.0 55.0 00\r\n"' @ 35.7924658 -106.686297 1926.3734632
2020-05-16 19:32:00.358273 co2: 'data: "M 55146 52519 422.14 55.0 0.0 0.0 807 55.0 55.0 00\r\n"' @ 35.7924663 -106.6862985 1926.43346318
2020-05-16 19:32:01.350655 co2: 'data: "M 55146 52526 421.36 55.0 0.0 0.0 807 55.0 55.0 00\r\n"' @ 35.7924673 -106.6862984 1926.55346567
2020-05-16 19:32:02.358100 co2: 'data: "M 55146 52524 421.53 55.0 0.0 0.0 807 55.0 55.0 00\r\n"' @ 35.7924677 -106.6862979 1926.59346703
2020-05-16 19:32:03.350392 co2: 'data: "M 55146 52524 421.87 55.0 0.0 0.0 807 55.0 55.0 00\r\n"' @ 35.7924676 -106.686296 1926.63346833
2020-05-16 19:32:04.358065 co2: 'data: "M 55146 52521 422.16 55.0 0.0 0.0 807 55.0 55.0 00\r\n"' @ 35.7924682 -106.6862963 1926.64346953
2020-05-16 19:32:05.350366 co2: 'data: "M 55146 52525 420.77 55.0 0.0 0.0 807 55.0 55.0 00\r\n"' @ 35.7924703 -106.686299 1926.5834724
2020-05-16 19:32:06.357598 co2: 'data: "M 55146 52534 419.05 55.0 0.0 0.0 807 55.0 55.0 00\r\n"' @ 35.7924729 -106.6863042 1926.59347444
2020-05-16 19:32:07.365268 co2: 'data: "M 55146 52542 418.02 55.0 0.0 0.0 807 55.0 55.0 00\r\n"' @ 35.7924743 -106.6863109 1926.59347238
